# ssu-align :: align SSU rRNA sequences
# SSU-ALIGN 0.1.1 (Feb 2016)
# Copyright (C) 2016 Howard Hughes Medical Institute
# Freely distributed under the BSD open source license.
# - - - - - - - - - - - - - - - - - - - - - - - - - - - - - - - - - - - -
# command: ssu-align Data/Sequences_Morard/Basetypes_Spinose.fasta Data_processing/Aligned_sequences/SSU-align_Spinose
# date:    Tue Feb 14 15:43:45 2023

Printing global hask key as read from ssu.pm:

Global hash key: DF_ALIMASK_PFRACT    value: 0.95
Global hash key: DF_ALIMASK_PTHRESH   value: 0.95
Global hash key: DF_CMALIGN_OPTS      value:  --no-null3 --sub 
Global hash key: DF_CMBUILD_GAPTHRESH value: 0.8
Global hash key: DF_CMSEARCH_ALG_FLAG value:  --viterbi
Global hash key: DF_CMSEARCH_OPTS     value:  --hmm-cW 1.5 --no-null3 --noalign 
Global hash key: DF_CMSEARCH_T        value: -1
Global hash key: DF_CM_FILE           value: /usr/local/share/ssu-align-0.1.1/ssu-align-0p1.cm
Global hash key: DF_MASK_FILE         value: /usr/local/share/ssu-align-0.1.1/ssu-align-0p1.mask
Global hash key: DF_MERGE_INIT_WAIT_SECS value: 3
Global hash key: DF_MINBIT            value: 50
Global hash key: DF_MINLEN            value: 1
Global hash key: DF_MXSIZE            value: 4096
Global hash key: DF_NO_NAME           value: <NONE>
Global hash key: DF_TEMPLATE_FILE     value: /usr/local/share/ssu-align-0.1.1/ssu-align-0p1.ps
Global hash key: VERSION              value: 0.1
Global hash key: VERSION_PSTR         value: 0p1
Global hash key: cmalign              value: ssu-cmalign
Global hash key: cmbuild              value: ssu-cmbuild
Global hash key: cmsearch             value: ssu-cmsearch
Global hash key: esl-alimanip         value: ssu-esl-alimanip
Global hash key: esl-alimask          value: ssu-esl-alimask
Global hash key: esl-alimerge         value: ssu-esl-alimerge
Global hash key: esl-alistat          value: ssu-esl-alistat
Global hash key: esl-reformat         value: ssu-esl-reformat
Global hash key: esl-seqstat          value: ssu-esl-seqstat
Global hash key: esl-sfetch           value: ssu-esl-sfetch
Global hash key: esl-ssdraw           value: ssu-esl-ssdraw
Global hash key: esl-weight           value: ssu-esl-weight
Global hash key: ps2pdf               value: ps2pdf
Global hash key: ssu-align            value: ssu-align
Global hash key: ssu-merge            value: ssu-merge

Executing:      ssu-esl-seqstat -h > /dev/null  2> Data_processing/ssutmp0erraa97008
Returned:       0
Output (STDOUT) sent to /dev/null.
Output (STDERR): ***NONE***

About to remove file (Data_processing/ssutmp0erraa97008) with perl's unlink function ... done.

Executing:      ssu-cmsearch -h > /dev/null  2> Data_processing/ssutmp1erraa97008
Returned:       0
Output (STDOUT) sent to /dev/null.
Output (STDERR): ***NONE***

About to remove file (Data_processing/ssutmp1erraa97008) with perl's unlink function ... done.

Executing:      ssu-esl-sfetch -h > /dev/null  2> Data_processing/ssutmp2erraa97008
Returned:       0
Output (STDOUT) sent to /dev/null.
Output (STDERR): ***NONE***

About to remove file (Data_processing/ssutmp2erraa97008) with perl's unlink function ... done.

Executing:      ssu-esl-reformat -h > /dev/null  2> Data_processing/ssutmp3erraa97008
Returned:       0
Output (STDOUT) sent to /dev/null.
Output (STDERR): ***NONE***

About to remove file (Data_processing/ssutmp3erraa97008) with perl's unlink function ... done.

Executing:      ssu-cmalign -h > /dev/null  2> Data_processing/ssutmp4erraa97008
Returned:       0
Output (STDOUT) sent to /dev/null.
Output (STDERR): ***NONE***

About to remove file (Data_processing/ssutmp4erraa97008) with perl's unlink function ... done.

Executing:      ssu-esl-seqstat --rna -a Data/Sequences_Morard/Basetypes_Spinose.fasta > Data_processing/Aligned_sequences/SSU-align_Spinose/SSU-align_Spinose.seqstat  2> Data_processing/ssutmp5erraa97008
Returned:       0
Output (STDOUT) saved in file Data_processing/Aligned_sequences/SSU-align_Spinose/SSU-align_Spinose.seqstat.
Output (STDERR): ***NONE***

About to remove file (Data_processing/ssutmp5erraa97008) with perl's unlink function ... done.

About to remove file (Data_processing/Aligned_sequences/SSU-align_Spinose/SSU-align_Spinose.seqstat) with perl's unlink function ... done.

Executing:      ssu-cmsearch --hmm-cW 1.5 --no-null3 --noalign -T -1 --tab Data_processing/Aligned_sequences/SSU-align_Spinose/SSU-align_Spinose.tab --viterbi /usr/local/share/ssu-align-0.1.1/ssu-align-0p1.cm Data/Sequences_Morard/Basetypes_Spinose.fasta > Data_processing/Aligned_sequences/SSU-align_Spinose/SSU-align_Spinose.cmsearch  2> Data_processing/ssutmp6erraa97008
Returned:       0
Output (STDOUT) saved in file Data_processing/Aligned_sequences/SSU-align_Spinose/SSU-align_Spinose.cmsearch.
Output (STDERR): ***NONE***

About to remove file (Data_processing/ssutmp6erraa97008) with perl's unlink function ... done.

About to remove file (Data_processing/Aligned_sequences/SSU-align_Spinose/SSU-align_Spinose.cmsearch) with perl's unlink function ... done.

Executing:      ssu-esl-sfetch --index Data/Sequences_Morard/Basetypes_Spinose.fasta > Data_processing/ssutmp7outaa97008  2> Data_processing/ssutmp7erraa97008
Returned:       0
Output (STDOUT): 
Creating SSI index for Data/Sequences_Morard/Basetypes_Spinose.fasta...    done.
Indexed 80 sequences (80 names).
SSI index written to file Data/Sequences_Morard/Basetypes_Spinose.fasta.ssi

Output (STDERR): ***NONE***

About to remove file (Data_processing/ssutmp7outaa97008) with perl's unlink function ... done.

About to remove file (Data_processing/ssutmp7erraa97008) with perl's unlink function ... done.

Executing:      ssu-esl-sfetch -Cf Data/Sequences_Morard/Basetypes_Spinose.fasta Data_processing/Aligned_sequences/SSU-align_Spinose/SSU-align_Spinose.eukarya.sfetch | ssu-esl-reformat -o Data_processing/Aligned_sequences/SSU-align_Spinose/SSU-align_Spinose.eukarya.fa --informat fasta -r fasta - > Data_processing/ssutmp8outaa97008  2> Data_processing/ssutmp8erraa97008
Returned:       0
Output (STDOUT): ***NONE***
Output (STDERR): ***NONE***

About to remove file (Data_processing/ssutmp8outaa97008) with perl's unlink function ... done.

About to remove file (Data_processing/ssutmp8erraa97008) with perl's unlink function ... done.

About to remove file (Data_processing/Aligned_sequences/SSU-align_Spinose/SSU-align_Spinose.eukarya.sfetch) with perl's unlink function ... done.

Executing:      ssu-cmalign --cm-name eukarya --mxsize 4096 --no-null3 --sub --ifile Data_processing/Aligned_sequences/SSU-align_Spinose/SSU-align_Spinose.eukarya.ifile -o Data_processing/Aligned_sequences/SSU-align_Spinose/SSU-align_Spinose.eukarya.stk /usr/local/share/ssu-align-0.1.1/ssu-align-0p1.cm Data_processing/Aligned_sequences/SSU-align_Spinose/SSU-align_Spinose.eukarya.fa > Data_processing/Aligned_sequences/SSU-align_Spinose/SSU-align_Spinose.eukarya.cmalign  2> Data_processing/ssutmp9erraa97008
Returned:       0
Output (STDOUT) saved in file Data_processing/Aligned_sequences/SSU-align_Spinose/SSU-align_Spinose.eukarya.cmalign.
Output (STDERR): ***NONE***

About to remove file (Data_processing/ssutmp9erraa97008) with perl's unlink function ... done.

About to remove file (Data_processing/Aligned_sequences/SSU-align_Spinose/SSU-align_Spinose.nomatch) with perl's unlink function ... done.

About to remove file (Data/Sequences_Morard/Basetypes_Spinose.fasta.ssi) with perl's unlink function ... done.

Mar 14 fév 2023 15:43:58 CET
Darwin bdmac19.ens.fr 22.1.0 Darwin Kernel Version 22.1.0: Sun Oct  9 20:15:09 PDT 2022; root:xnu-8792.41.9~2/RELEASE_ARM64_T6000 arm64
