Iteration	Posterior	Likelihood	Prior	alpha_seq	branch_rates	branch_rates_mean	diversification	er[1]	er[2]	er[3]	er[4]	er[5]	er[6]	extinction_rate	omega	origin_time	p_inv	rates_seq[1]	rates_seq[2]	rates_seq[3]	rates_seq[4]	sf[1]	sf[2]	sf[3]	sf[4]	speciation_rate	turnover
0	1444.941	-701.1368	2146.078	4.193137	0.001	0.001	0.38364	0.170115	0.0658141	0.451957	0.126476	0.112116	0.0735211	0.11636	1	40.29547	0.3563033	0.464667	0.781634	1.08432	1.66937	0.330912	0.0659413	0.247334	0.355812	0.5	0.23272
1	1502.422	-663.5641	2165.986	4.187085	0.000995036	0.000995036	0.3486331	0.209968	0.0812325	0.352068	0.156106	0.138382	0.0622429	0.1167029	1.0325	39.98953	0.3563033	0.464353	0.78144	1.08433	1.66988	0.299689	0.0658102	0.279396	0.355104	0.465336	0.2507928
2	1631.199	-585.7748	2216.974	4.268364	0.00101529	0.00101529	0.2151114	0.211426	0.0817964	0.354512	0.15719	0.132402	0.062675	0.1300522	1.0325	40.14022	0.6673724	0.468523	0.784006	1.08427	1.6632	0.370517	0.0813636	0.263784	0.284335	0.3451636	0.3767842
3	1707.084	-553.3848	2260.469	3.901728	0.001012697	0.001012697	0.1458148	0.223586	0.10535	0.27944	0.154871	0.17436	0.0623935	0.2007601	1.304097	40.01694	0.6673724	0.448881	0.771741	1.0844	1.69497	0.363103	0.0945033	0.263748	0.278645	0.3465749	0.579269
4	1716.432	-545.5277	2261.96	2.523465	0.0006806762	0.0006806762	0.1453019	0.175194	0.148868	0.337024	0.135265	0.152287	0.0513617	0.2014442	1.306721	39.8199	0.6673724	0.34867	0.701188	1.07889	1.87125	0.314421	0.105074	0.29325	0.287255	0.3467461	0.5809558
5	1719.439	-544.8195	2264.259	2.519777	0.0006836667	0.0006836667	0.1452592	0.186482	0.168976	0.333368	0.115921	0.162098	0.033156	0.2014869	1.350021	40.01346	0.6673724	0.348324	0.700917	1.07885	1.87191	0.311926	0.104241	0.310686	0.273148	0.3467461	0.5810791
6	1722.017	-543.5565	2265.574	2.51174	0.0006937097	0.0006937097	0.1435331	0.178976	0.160194	0.31995	0.120363	0.203241	0.017276	0.2017834	1.355279	40.95491	0.6673724	0.347567	0.700325	1.07876	1.87335	0.310403	0.104471	0.311373	0.273752	0.3453166	0.5843434
7	1739.454	-534.9621	2274.416	2.450677	0.0006931751	0.0006931751	-0.001750698	0.125714	0.255763	0.31006	0.0950687	0.196676	0.016718	0.2253448	1.355279	40.7512	0.8614985	0.34173	0.695725	1.07805	1.8845	0.307628	0.112479	0.308589	0.271305	0.2235942	1.00783
8	1747.382	-533.1851	2280.567	2.75598	0.000751259	0.000751259	0.01553519	0.0980093	0.278012	0.287767	0.103621	0.214369	0.0182219	0.2120852	1.923676	40.64592	0.8614985	0.369456	0.717055	1.08101	1.83248	0.312396	0.111704	0.306464	0.269436	0.2276204	0.9317496
9	1758.36	-521.9391	2280.299	1.845827	0.0007390232	0.0007390232	0.01688093	0.10435	0.248726	0.205225	0.199126	0.224126	0.0184472	0.2120852	1.918539	40.69499	0.8614985	0.274149	0.637549	1.06561	2.0227	0.27095	0.209212	0.265805	0.254033	0.2289661	0.9262732
10	1764.586	-519.6599	2284.246	0.8906589	0.0007231549	0.0007231549	0.08048535	0.071867	0.428157	0.144552	0.117865	0.224855	0.0127048	0.2073191	2.855839	40.29577	0.5551844	0.114655	0.441226	0.979224	2.46489	0.27095	0.209212	0.265805	0.254033	0.2878045	0.7203471
11	1759.989	-520.7417	2280.73	0.9332907	0.000886301	0.000886301	-0.05017085	0.0723345	0.366105	0.202209	0.118631	0.226317	0.0144021	0.3158865	2.449959	40.59999	0.1977473	0.123459	0.45574	0.988003	2.4328	0.246623	0.245857	0.262072	0.245447	0.2657156	1.188814
12	1761.662	-519.4577	2281.119	0.6635529	0.0008877265	0.0008877265	-0.01022847	0.0809829	0.361618	0.199731	0.117178	0.223544	0.0169466	0.3233289	2.449959	41.54435	0.1977473	0.0664267	0.345814	0.910575	2.67718	0.259127	0.186709	0.279561	0.274603	0.3131005	1.032668
13	1764.352	-517.8576	2282.21	0.6466644	0.0009706631	0.0009706631	-0.02715999	0.106007	0.22611	0.215539	0.126452	0.307604	0.0182879	0.3247559	2.501846	41.17392	0.1520789	0.0628535	0.337239	0.903379	2.69653	0.219148	0.215774	0.290521	0.274558	0.2975959	1.091265
14	1763.997	-517.7469	2281.744	0.6796806	0.0009615319	0.0009615319	-0.01375193	0.0989628	0.340045	0.133231	0.144467	0.262401	0.0208933	0.3037838	2.501846	41.36504	0.1714575	0.0698544	0.353783	0.9171	2.65926	0.22091	0.209468	0.292857	0.276766	0.2900319	1.047415
15	1773.196	-514.0805	2287.276	0.5930309	0.0009651792	0.0009651792	0.0323741	0.0995512	0.278503	0.13019	0.112502	0.356146	0.0231075	0.2701665	2.464714	40.80445	0.1714575	0.0516739	0.308376	0.877721	2.76223	0.22091	0.209468	0.292857	0.276766	0.3025406	0.8929925
16	1772.46	-513.4764	2285.936	0.5881426	0.0008432084	0.0008432084	0.07903901	0.0781016	0.218496	0.102139	0.088262	0.494873	0.0181287	0.249734	2.443231	42.29626	0.4709924	0.050672	0.305617	0.875147	2.76856	0.214784	0.203659	0.284735	0.296823	0.328773	0.759594
17	1768.958	-517.8127	2286.771	0.5834832	0.0008423987	0.0008423987	0.04431529	0.146072	0.205382	0.0935027	0.0854169	0.45303	0.0165959	0.249734	2.547644	42.13001	0.7990859	0.0497203	0.302966	0.872653	2.77466	0.223032	0.260468	0.208278	0.308222	0.2940493	0.849293
18	1765.124	-519.9967	2285.121	0.5769264	0.0008557881	0.0008557881	-0.0515709	0.14656	0.185257	0.115737	0.0857021	0.454543	0.0122013	0.342207	3.013206	42.52788	0.8619596	0.0483867	0.299201	0.869075	2.78334	0.223032	0.260468	0.208278	0.308222	0.2906361	1.177442
19	1770.554	-516.5002	2287.054	0.5742138	0.0009214282	0.0009214282	0.08098841	0.162422	0.205308	0.12942	0.0974042	0.388728	0.0167181	0.2371024	2.663508	42.52917	0.8619596	0.047837	0.297631	0.867571	2.78696	0.235078	0.203777	0.236277	0.324868	0.3180908	0.7453922
20	1772.298	-516.3192	2288.617	0.5738508	0.000741501	0.000741501	0.05615374	0.174093	0.205422	0.117355	0.0974583	0.388944	0.0167274	0.2538255	2.529559	41.999	0.6550879	0.0477635	0.297421	0.867369	2.78745	0.235755	0.204365	0.236958	0.322922	0.3099792	0.8188468
21	1771.97	-514.4972	2286.467	0.5144329	0.001164157	0.001164157	0.06222729	0.191406	0.225849	0.129025	0.10715	0.328179	0.0183908	0.254503	2.512379	42.05343	0.6550879	0.036093	0.261234	0.830493	2.87218	0.227492	0.197202	0.263704	0.311603	0.3167303	0.8035322
22	1773.332	-515.7051	2289.037	0.7382351	0.0009025277	0.0009025277	0.03279512	0.160055	0.188858	0.107892	0.0981496	0.436102	0.00894419	0.2733331	2.508607	42.05453	0.6550879	0.0823669	0.381026	0.938253	2.59835	0.227492	0.197202	0.263704	0.311603	0.3061282	0.8928713
23	1772.682	-515.5409	2288.223	0.3547684	0.0006405004	0.0006405004	0.0218859	0.201124	0.169768	0.140819	0.0882286	0.39202	0.00804011	0.2749289	2.236795	42.44637	0.6550879	0.0107659	0.147259	0.677301	3.16467	0.207187	0.247948	0.24975	0.295115	0.2968148	0.9262641
24	1772.405	-514.7152	2287.12	0.3904239	0.0006550627	0.0006550627	0.03114902	0.173153	0.209035	0.244729	0.0991045	0.266943	0.0070359	0.2767751	2.143162	43.03352	0.6550879	0.0153575	0.174567	0.720707	3.08937	0.201448	0.255017	0.242833	0.300702	0.3079241	0.8988419
25	1770.003	-516.1481	2286.151	0.3998056	0.0006510342	0.0006510342	0.02000609	0.174222	0.210326	0.11381	0.0997167	0.394845	0.00707936	0.2851602	2.057187	42.06347	0.6550879	0.0166864	0.181611	0.73107	3.07063	0.201448	0.255017	0.242833	0.300702	0.3051663	0.934442
26	1772.759	-513.5637	2286.323	0.3627475	0.0006272967	0.0006272967	0.02227913	0.155513	0.290396	0.0785901	0.0945206	0.37427	0.00671047	0.2799885	2.065376	41.39397	0.6550879	0.0117273	0.153433	0.687604	3.14724	0.202532	0.251008	0.24414	0.30232	0.3022677	0.9262934
27	1773.019	-513.5847	2286.603	0.3903253	0.0006274317	0.0006274317	0.03343097	0.22428	0.266749	0.0721905	0.0868238	0.343793	0.00616403	0.2787496	2.004049	40.77643	0.6550879	0.0153438	0.174493	0.720596	3.08957	0.201312	0.230547	0.290464	0.277677	0.3121806	0.8929114
28	1777.201	-510.6706	2287.872	0.282352	0.0009158751	0.0009158751	0.02858764	0.21575	0.256604	0.0940022	0.0486474	0.373972	0.0110238	0.2835295	1.9981	40.92621	0.6550879	0.00397318	0.090857	0.564939	3.34023	0.249548	0.211754	0.252213	0.286485	0.3121171	0.9084073
29	1770.891	-516.0158	2286.907	0.2937866	0.001498799	0.001498799	0.02991496	0.278499	0.212604	0.0939204	0.0380473	0.366136	0.0107928	0.2844369	2.073024	40.3518	0.6550879	0.00480484	0.0996709	0.585219	3.31031	0.263899	0.198229	0.269686	0.268186	0.3143519	0.9048361
30	1774.814	-511.9103	2286.724	0.3511002	0.001539865	0.001539865	0.0243796	0.199332	0.225331	0.11639	0.0403249	0.388055	0.0305675	0.2893037	2.552321	39.9119	0.6550879	0.0103374	0.14441	0.672442	3.17281	0.203499	0.244756	0.245702	0.306043	0.3136833	0.9222796
31	1777.016	-511.7538	2288.77	0.3257376	0.002133034	0.002133034	0.001019946	0.202798	0.211858	0.118415	0.0410263	0.394804	0.0310992	0.3126633	2.642307	38.91552	0.6746979	0.00761369	0.124608	0.636598	3.23118	0.197372	0.237387	0.270382	0.294859	0.3136833	0.9967485
32	1772.142	-513.3804	2285.523	0.5305875	0.002544575	0.002544575	-0.04605938	0.127104	0.338936	0.0933836	0.0285732	0.39252	0.019484	0.3503711	2.624013	38.95788	0.6746979	0.0391875	0.271416	0.841309	2.84809	0.209587	0.222003	0.279704	0.288706	0.3043117	1.151356
33	1783.26	-506.4392	2289.7	0.4443868	0.001619525	0.001619525	0.06446523	0.127723	0.216517	0.0938384	0.0287124	0.484665	0.0485444	0.3888347	2.600785	39.11339	0.6746979	0.0236038	0.214069	0.775169	2.98716	0.229832	0.216317	0.27254	0.281312	0.4532999	0.8577868
34	1778.798	-509.9634	2288.762	0.3666069	0.0009398988	0.0009398988	0.06033429	0.130011	0.167362	0.0882462	0.0270013	0.541728	0.0456514	0.3888347	2.598888	39.71618	0.7094522	0.0122063	0.156408	0.692461	3.13893	0.228528	0.236446	0.263276	0.27175	0.449169	0.8656757
35	1772.672	-514.0397	2286.711	0.3657467	0.0008975461	0.0008975461	0.06571459	0.140026	0.171968	0.0795461	0.0240053	0.53343	0.0510253	0.3750692	2.605021	40.2697	0.8176247	0.0120988	0.155746	0.691385	3.14077	0.20396	0.244577	0.270368	0.281095	0.4407838	0.8509142
36	1776.906	-509.9789	2286.885	0.4233413	0.000933447	0.000933447	0.005781278	0.0882952	0.203503	0.0693109	0.0194529	0.565359	0.0540794	0.3746264	2.383163	40.68808	0.663287	0.0202207	0.198967	0.755351	3.02546	0.225547	0.225353	0.238254	0.310846	0.3804077	0.9848024
37	1777.443	-511.0668	2288.51	0.4303436	0.001145341	0.001145341	-0.0006016465	0.086941	0.210446	0.0682479	0.0191545	0.556688	0.058523	0.3872582	2.623509	40.50183	0.5334964	0.0213242	0.204037	0.762134	3.01251	0.197514	0.20477	0.298122	0.299593	0.3866565	1.001556
38	1775.391	-511.9512	2287.342	0.4342324	0.001217238	0.001217238	0.07983997	0.0880438	0.219548	0.0477496	0.0216442	0.563749	0.0592653	0.3171584	2.559126	41.59219	0.5334964	0.0219468	0.206834	0.765817	3.0054	0.213659	0.221508	0.240751	0.324082	0.3969984	0.7988909
39	1772.798	-515.0216	2287.82	0.4317087	0.001213187	0.001213187	0.08436397	0.0948177	0.23644	0.0357107	0.0233095	0.545898	0.063825	0.3171584	2.555052	42.46129	0.5334964	0.021542	0.20502	0.763433	3.01	0.234684	0.198786	0.264442	0.302088	0.4015224	0.7898898
40	1776.5	-513.0992	2289.599	0.4126912	0.001182357	0.001182357	-0.02593896	0.0908076	0.246019	0.0306342	0.0276184	0.52281	0.0821105	0.4437741	2.325832	41.77737	0.7933871	0.0185871	0.191171	0.744657	3.04559	0.252915	0.205188	0.284985	0.256911	0.4178351	1.062079
41	1778.581	-512.4106	2290.992	0.2473066	0.001190105	0.001190105	-0.02645946	0.136292	0.300934	0.0396498	0.0232748	0.432001	0.0678484	0.4442946	2.316925	41.93195	0.7981643	0.0019886	0.0647519	0.495771	3.43749	0.19493	0.208296	0.289302	0.307472	0.4178351	1.063325
42	1781.717	-509.6938	2291.411	0.3594125	0.001131728	0.001131728	-0.02891238	0.126528	0.303574	0.0468041	0.0210525	0.433598	0.0684436	0.4464272	2.72121	42.69615	0.6815161	0.0113206	0.150856	0.683342	3.15448	0.198556	0.229568	0.258685	0.313192	0.4175148	1.069249
43	1780.274	-510.8053	2291.079	0.4295905	0.001086247	0.001086247	-0.02895943	0.140996	0.22738	0.052156	0.020021	0.483178	0.0762699	0.4478705	2.662628	42.2776	0.6815161	0.0212045	0.203494	0.761413	3.01389	0.183162	0.21177	0.316158	0.288911	0.4189111	1.06913
44	1778.142	-512.3614	2290.503	0.3573288	0.001032979	0.001032979	-0.03573384	0.148074	0.202291	0.0547742	0.0210261	0.507433	0.0664023	0.4579348	2.662628	41.73654	0.6815161	0.0110701	0.149243	0.680646	3.15904	0.186092	0.215157	0.321215	0.277536	0.422201	1.084637
45	1777.42	-509.5732	2286.993	0.3411864	0.001160831	0.001160831	-0.05142929	0.148074	0.202291	0.0547742	0.0210261	0.507433	0.0664023	0.4579348	2.662628	40.43007	0.8086846	0.00922234	0.136689	0.65891	3.19518	0.193909	0.224195	0.292703	0.289194	0.4065055	1.126516
46	1777.194	-513.5278	2290.722	0.395652	0.001868614	0.001868614	-0.07197716	0.146509	0.200153	0.0541953	0.0313725	0.50207	0.0657005	0.4784827	2.53795	40.40635	0.8404569	0.0160922	0.178501	0.726532	3.07887	0.193909	0.224195	0.292703	0.289194	0.4065055	1.177063
47	1779.964	-511.5689	2291.533	0.6409662	0.001686563	0.001686563	0.1000516	0.119535	0.298402	0.0269389	0.0364318	0.446481	0.0722114	0.3467195	2.311645	40.16265	0.8404569	0.0616524	0.334292	0.900861	2.70319	0.186017	0.254704	0.276073	0.283205	0.4467711	0.7760563
48	1779.567	-510.7831	2290.35	0.6556992	0.002331174	0.002331174	0.03436757	0.109571	0.23599	0.140628	0.033395	0.409264	0.0711523	0.3545245	2.311645	40.22372	0.8404569	0.0647627	0.341856	0.907277	2.6861	0.206377	0.239413	0.276376	0.277835	0.3888921	0.911627
49	1780.561	-509.7644	2290.326	0.720692	0.002323226	0.002323226	0.03568656	0.10899	0.234737	0.139881	0.0263097	0.407092	0.08299	0.3697585	2.405534	39.20421	0.8404569	0.0786124	0.373132	0.932301	2.61595	0.204885	0.237683	0.274379	0.283053	0.4054451	0.9119818
50	1777.048	-511.9384	2288.986	1.034522	0.001927299	0.001927299	0.08171038	0.0845657	0.182134	0.108535	0.0198124	0.540561	0.0643924	0.3237347	2.4237	40.4147	0.8404569	0.14379	0.486888	1.00549	2.36383	0.190976	0.232046	0.300637	0.276341	0.4054451	0.7984675
51	1779.631	-509.2713	2288.902	1.068789	0.001920937	0.001920937	0.0725686	0.115411	0.248567	0.130239	0.0270389	0.41561	0.0631335	0.312331	2.38855	40.15544	0.7621592	0.150471	0.496494	1.01052	2.34251	0.190976	0.232046	0.300637	0.276341	0.3848996	0.811461
52	1779.328	-510.9746	2290.302	1.099614	0.001920937	0.001920937	0.06141969	0.109157	0.209648	0.109847	0.0297631	0.4891	0.052485	0.3254795	2.490915	40.21257	0.7621592	0.15639	0.504774	1.01473	2.32411	0.190976	0.232046	0.300637	0.276341	0.3868991	0.8412514
53	1778.237	-508.7152	2286.952	0.771371	0.001920937	0.001920937	-0.03370123	0.106141	0.165453	0.122557	0.0315604	0.518635	0.0556543	0.3217721	2.074957	39.94075	0.8130074	0.0894539	0.395347	0.948695	2.5665	0.201241	0.244519	0.263046	0.291194	0.2880709	1.116989
54	1774.882	-511.4608	2286.343	0.7533776	0.001233378	0.001233378	-0.01266225	0.144898	0.17127	0.169366	0.0347425	0.392686	0.0870381	0.3217721	2.107506	40.107	0.462622	0.0856071	0.387664	0.943149	2.58358	0.209631	0.255115	0.257935	0.277319	0.3091099	1.040964
55	1775.158	-512.3818	2287.539	0.7395868	0.001299222	0.001299222	-0.006941965	0.148481	0.175505	0.134752	0.0262224	0.42585	0.0891901	0.3190605	2.107506	39.96232	0.6033271	0.0826562	0.381625	0.938699	2.59702	0.165427	0.232578	0.290098	0.311898	0.3121185	1.022241
56	1772.908	-513.7887	2286.697	0.7766836	0.001379639	0.001379639	0.01385013	0.154061	0.182101	0.139817	0.0272079	0.441855	0.0549583	0.2665886	2.107506	39.33807	0.8369282	0.0905885	0.397574	0.950279	2.56156	0.178385	0.250797	0.312823	0.257995	0.2804388	0.9506126
57	1774.925	-512.7659	2287.691	0.7658334	0.001397251	0.001397251	0.03239007	0.135466	0.298166	0.12601	0.0239239	0.388522	0.0279119	0.2605196	2.276148	39.22083	0.02693152	0.0882706	0.393006	0.947019	2.5717	0.250744	0.228869	0.249926	0.270462	0.2929096	0.8894196
58	1772.719	-513.5264	2286.246	0.7658334	0.001265257	0.001265257	0.03887246	0.136475	0.318632	0.101256	0.024102	0.391415	0.0281198	0.2423228	2.280742	39.89242	0.02693152	0.0882706	0.393006	0.947019	2.5717	0.202122	0.231193	0.298409	0.268276	0.2811952	0.8617599
59	1771.695	-514.7547	2286.45	0.7376204	0.000946341	0.000946341	0.04648313	0.13554	0.31645	0.100563	0.025901	0.388734	0.0328121	0.2408822	2.318656	38.97329	0.02693152	0.0822353	0.380753	0.93805	2.59896	0.237885	0.230813	0.295549	0.235753	0.2873653	0.8382437
60	1774.604	-511.5773	2286.182	0.355974	0.0008690062	0.0008690062	0.05841579	0.157383	0.411501	0.116769	0.0300751	0.230454	0.0538183	0.2277221	2.981754	39.17895	0.02693152	0.0109086	0.148193	0.678881	3.16202	0.209663	0.254158	0.260485	0.275694	0.2861379	0.7958474
61	1773.781	-512.8998	2286.681	0.3039505	0.001022688	0.001022688	0.03639046	0.155974	0.329744	0.183529	0.0327653	0.241573	0.056415	0.2377641	2.843281	38.90764	0.09500913	0.00562124	0.107572	0.602378	3.28443	0.209663	0.254158	0.260485	0.275694	0.2741545	0.867263
62	1775.749	-512.1203	2287.869	0.2963455	0.0006773092	0.0006773092	0.05053282	0.167868	0.354891	0.13218	0.024348	0.259995	0.0607172	0.2236217	2.935747	39.49597	0.09500913	0.00500355	0.101655	0.589614	3.30373	0.221401	0.203433	0.287641	0.287524	0.2741545	0.8156776
63	1777.283	-509.0116	2286.295	0.2969884	0.001049763	0.001049763	0.05265207	0.145775	0.308184	0.114785	0.0211436	0.357386	0.0527263	0.2215025	2.19922	38.97974	0.1747919	0.00505419	0.102154	0.59071	3.30208	0.219464	0.201653	0.285124	0.293759	0.2741545	0.8079475
64	1774.806	-509.2823	2284.088	0.155574	0.001050706	0.001050706	0.01703582	0.1387	0.308721	0.124965	0.0374068	0.34004	0.0501673	0.2124758	2.25448	39.05033	0.1747919	7.38526e-05	0.0126855	0.258568	3.72867	0.21108	0.258305	0.248079	0.282537	0.2295116	0.9257736
65	1773.295	-513.3408	2286.636	0.1598597	0.001027429	0.001027429	0.04438173	0.105771	0.286398	0.175098	0.0341882	0.347306	0.0512392	0.2121407	2.247773	39.01593	0.4134073	9.37217e-05	0.0142815	0.271324	3.7143	0.220305	0.183869	0.28418	0.311647	0.2565224	0.826987
66	1768.989	-513.1967	2282.186	0.160653	0.001045838	0.001045838	0.07109304	0.105427	0.285467	0.17453	0.0373254	0.346178	0.0510728	0.2144268	3.376053	39.28891	0.09156911	9.78108e-05	0.014588	0.273673	3.71164	0.220305	0.183869	0.28418	0.311647	0.2855198	0.7510049
67	1769.049	-514.3784	2283.428	0.2422059	0.001045838	0.001045838	-0.05622924	0.107363	0.27329	0.177734	0.0370696	0.352533	0.0520104	0.3292431	2.954285	40.42527	0.09156911	0.00176819	0.0611218	0.484758	3.45235	0.270151	0.239289	0.266282	0.224278	0.2730139	1.205957
68	1769.334	-514.2897	2283.623	0.1595115	0.001029177	0.001029177	-0.02783102	0.10984	0.316119	0.206529	0.0379248	0.294497	0.0350906	0.228513	2.833401	40.37072	0.3911035	9.19689e-05	0.014148	0.270292	3.71547	0.228858	0.202713	0.225581	0.342848	0.200682	1.138682
69	1768.816	-516.855	2285.671	0.1644004	0.0007704906	0.0007704906	0.07657841	0.125763	0.24381	0.226816	0.04165	0.323424	0.0385374	0.2279173	2.741936	41.28678	0.5606707	0.000119007	0.0160821	0.284711	3.69909	0.228858	0.202713	0.225581	0.342848	0.3044957	0.7485074
70	1772.281	-514.3646	2286.645	0.1609063	0.0007387551	0.0007387551	0.08026391	0.0634671	0.282158	0.26249	0.0552109	0.292075	0.0445987	0.2279173	3.03254	42.25954	0.5606707	9.91444e-05	0.0146865	0.274422	3.71079	0.244526	0.216293	0.240693	0.298488	0.3081812	0.7395561
71	1774.05	-513.0287	2287.079	0.1609063	0.0007103742	0.0007103742	0.0736564	0.0588217	0.341433	0.214717	0.0511698	0.270697	0.0631619	0.2345248	3.089865	43.12274	0.5606707	9.91444e-05	0.0146865	0.274422	3.71079	0.204564	0.231443	0.267872	0.296122	0.3081812	0.7609964
72	1772.26	-514.2896	2286.549	0.1656611	0.0007281606	0.0007281606	0.1095594	0.0379113	0.332417	0.261218	0.0434111	0.263549	0.0614941	0.2371845	3.046424	43.3852	0.5613617	0.00012687	0.0166018	0.288402	3.69487	0.193594	0.219032	0.253507	0.333867	0.3467439	0.6840336
73	1776.136	-513.1466	2289.283	0.1660346	0.001118742	0.001118742	0.06663855	0.0478941	0.280425	0.230114	0.0366213	0.35307	0.051876	0.2898906	2.343343	43.02774	0.5613617	0.000129274	0.0167573	0.289493	3.69362	0.222335	0.189783	0.298597	0.289284	0.3565291	0.8130908
74	1774.463	-514.5418	2289.004	0.2625233	0.001135502	0.001135502	0.03614456	0.0534633	0.283388	0.154131	0.0205097	0.425927	0.0625808	0.2898906	2.240136	43.79723	0.5613617	0.0027475	0.0758714	0.527162	3.39422	0.172495	0.201946	0.317734	0.307824	0.3260351	0.8891391
75	1777.092	-512.365	2289.457	0.2714452	0.001135502	0.001135502	0.03277134	0.0616629	0.277678	0.153552	0.0204328	0.424328	0.0623459	0.2799676	2.598692	43.14753	0.5613617	0.00326529	0.0825572	0.544584	3.36959	0.174279	0.201511	0.317049	0.30716	0.3127389	0.8952118
76	1777.458	-511.0166	2288.474	0.2719562	0.001122443	0.001122443	-0.04960547	0.0797997	0.26951	0.149036	0.0292959	0.411847	0.060512	0.3644807	2.970894	43.77818	0.5715042	0.0032966	0.0829432	0.54556	3.3682	0.204267	0.207089	0.272982	0.315663	0.3148752	1.15754
77	1777.456	-511.9443	2289.401	0.3092323	0.001506474	0.001506474	0.01248763	0.0806659	0.248225	0.150653	0.0429705	0.416317	0.0611688	0.3023876	2.185074	43.69747	0.5715042	0.00607406	0.111694	0.610986	3.27125	0.203885	0.208572	0.272471	0.315072	0.3148752	0.960341
78	1770.223	-518.3591	2288.582	0.3228403	0.001455759	0.001455759	0.0437303	0.092615	0.123954	0.158298	0.0881361	0.46735	0.0696472	0.2757324	2.298733	43.05563	0.5715042	0.00732989	0.12234	0.632239	3.23809	0.205707	0.247324	0.317449	0.22952	0.3194627	0.8631129
79	1767.636	-520.2984	2287.934	0.2062336	0.001385929	0.001385929	0.04544946	0.118495	0.126036	0.0936563	0.0819531	0.475199	0.104661	0.2757324	2.360107	42.81643	0.5715042	0.000654464	0.0374473	0.39973	3.56217	0.21722	0.261166	0.279249	0.242365	0.3211818	0.8584931
80	1771.632	-514.961	2286.593	0.1794083	0.0009642045	0.0009642045	0.0732539	0.0641506	0.249675	0.0535099	0.0869605	0.448456	0.0972479	0.2765852	2.381049	43.46789	0.5715042	0.000240426	0.0228042	0.327828	3.64913	0.215779	0.261647	0.279763	0.242812	0.3498391	0.7906069
81	1769.648	-516.4114	2286.059	0.1793936	0.0008199837	0.0008199837	0.07763641	0.0641506	0.249675	0.0535099	0.0869605	0.448456	0.0972479	0.2749674	2.186736	43.69015	0.5715042	0.000240274	0.022797	0.327786	3.64918	0.257176	0.217549	0.190925	0.33435	0.3526038	0.7798197
82	1773.212	-514.9069	2288.118	0.1169514	0.001126696	0.001126696	-0.03035928	0.0684742	0.249204	0.0640055	0.0928214	0.421693	0.103802	0.3829631	2.227283	43.15916	0.5715042	3.91652e-06	0.00293537	0.141862	3.8552	0.222272	0.217208	0.226695	0.333826	0.3526038	1.0861
83	1772.099	-513.7897	2285.889	0.1539103	0.001126696	0.001126696	-0.04372989	0.0410484	0.184471	0.054721	0.0793569	0.551658	0.0887448	0.3829631	2.236085	43.94118	0.5715042	6.70874e-05	0.0120934	0.253587	3.73425	0.222272	0.217208	0.226695	0.333826	0.3392332	1.128908
84	1771.064	-515.8987	2286.963	0.1970622	0.001092537	0.001092537	0.03363786	0.0385557	0.233994	0.0513981	0.074538	0.518159	0.0833558	0.3217137	2.231476	43.47583	0.2108723	0.000479238	0.032098	0.375947	3.59148	0.17844	0.223056	0.255688	0.342815	0.3553515	0.9053392
85	1772.159	-516.3014	2288.46	0.4615238	0.001774831	0.001774831	0.03641703	0.0385557	0.233994	0.0513981	0.074538	0.518159	0.0833558	0.3217137	2.210948	42.20682	0.6687293	0.0264978	0.226057	0.790119	2.95733	0.17844	0.223056	0.255688	0.342815	0.3581307	0.8983136
86	1774.299	-514.1977	2288.497	0.4616219	0.001775165	0.001775165	0.03183623	0.0713814	0.169672	0.0557467	0.0667636	0.561999	0.0744372	0.3217137	2.350236	41.365	0.6687293	0.0265147	0.226125	0.790202	2.95716	0.170603	0.234355	0.267284	0.327758	0.3535499	0.9099527
87	1779.41	-510.5453	2289.955	0.4572384	0.001513637	0.001513637	-0.006012478	0.0675475	0.210813	0.0942822	0.082952	0.451919	0.0924862	0.3339587	2.333084	41.10788	0.6789683	0.0257631	0.223086	0.786475	2.96468	0.166409	0.253176	0.260713	0.319701	0.3279462	1.018334
88	1780.972	-509.71	2290.681	0.4198303	0.00188168	0.00188168	-0.027392	0.0809778	0.252729	0.0849457	0.0599178	0.410554	0.110875	0.3425937	2.403282	42.0519	0.6247059	0.0196761	0.196408	0.751877	3.03204	0.261637	0.195855	0.283611	0.258897	0.3152017	1.086903
89	1775.978	-511.4727	2287.451	0.2494507	0.00188168	0.00188168	0.02731649	0.0817763	0.245361	0.0857833	0.0605085	0.414602	0.111968	0.3017567	2.319073	42.32661	0.6247059	0.00208625	0.0662935	0.500326	3.43129	0.263183	0.191105	0.285286	0.260426	0.3290732	0.9169896
90	1771.101	-513.2102	2284.312	0.4979117	0.00188184	0.00188184	0.1185782	0.0911644	0.171077	0.0956314	0.0336885	0.4622	0.146239	0.331055	2.308559	42.44378	0.6247059	0.0330014	0.25055	0.818743	2.89771	0.255867	0.185793	0.277357	0.280984	0.4496332	0.7362779
91	1771.235	-514.4833	2285.718	0.2961121	0.001772937	0.001772937	-0.01610217	0.0575187	0.0955316	0.042835	0.0107894	0.672209	0.121116	0.3450091	2.308559	42.72873	0.6247059	0.00498523	0.101474	0.589215	3.30433	0.241024	0.175014	0.261266	0.322696	0.328907	1.048957
92	1769.111	-514.8632	2283.975	0.3043988	0.001772937	0.001772937	-0.02166947	0.0578022	0.0960024	0.0370064	0.0119541	0.675522	0.121713	0.3436167	2.485996	42.62133	0.6247059	0.00565891	0.107921	0.603117	3.2833	0.23227	0.192454	0.25738	0.317896	0.3219472	1.067308
93	1766.009	-519.9295	2285.939	0.3043988	0.0009194479	0.0009194479	0.02139569	0.0610964	0.101474	0.0885197	0.0126354	0.607625	0.12865	0.3152885	2.485996	42.99275	0.7490767	0.00565891	0.107921	0.603117	3.2833	0.233188	0.189262	0.258398	0.319152	0.3366842	0.9364518
94	1764.046	-516.9796	2281.026	0.6317289	0.0009362907	0.0009362907	0.0347689	0.0819526	0.105392	0.0919378	0.0190361	0.548906	0.152776	0.3019153	2.485996	42.57041	0.7490767	0.0597111	0.329456	0.896681	2.71415	0.230265	0.199423	0.255159	0.315153	0.3366842	0.8967314
95	1771.426	-514.1559	2285.582	0.6929786	0.00127147	0.00127147	0.01437309	0.0953429	0.128086	0.157199	0.0202805	0.421354	0.177738	0.3223111	2.53952	41.65894	0.7417381	0.0726892	0.360198	0.922238	2.64487	0.243538	0.216226	0.276658	0.263578	0.3366842	0.9573099
96	1771.869	-515.4542	2287.323	0.8622634	0.0009303549	0.0009303549	-0.02577423	0.0921057	0.161729	0.151861	0.0155536	0.407047	0.171703	0.3624585	2.538873	42.3706	0.7417381	0.108722	0.431044	0.972819	2.48741	0.288035	0.199362	0.253966	0.258638	0.3366842	1.076553
97	1773.005	-513.1771	2286.182	1.045565	0.0009310217	0.0009310217	-0.02092152	0.062478	0.251293	0.19489	0.0189648	0.354704	0.11767	0.3639416	3.107727	41.5388	0.5104768	0.145955	0.490032	1.00716	2.35686	0.230513	0.215015	0.267482	0.28699	0.3430201	1.060992
98	1775.572	-513.2535	2288.825	1.096415	0.001416451	0.001416451	-0.006181966	0.0642622	0.250497	0.194273	0.0200909	0.35358	0.117297	0.3817664	3.223177	42.25753	0.5373319	0.15578	0.50393	1.0143	2.32599	0.230513	0.215015	0.267482	0.28699	0.3755845	1.01646
99	1777.347	-511.8812	2289.229	0.699897	0.001376176	0.001376176	0.03689937	0.0478478	0.344712	0.14465	0.0149591	0.391604	0.0562267	0.3444447	2.192337	40.62778	0.5373319	0.0741663	0.363482	0.92483	2.63752	0.221798	0.215301	0.271548	0.291353	0.3813441	0.9032386
100	1775.969	-511.4475	2287.417	0.7185549	0.001342844	0.001342844	0.03760022	0.0478585	0.344789	0.150062	0.0149624	0.391692	0.0506354	0.3456874	2.251052	40.44791	0.831487	0.0781552	0.372155	0.931555	2.61814	0.233377	0.213651	0.260679	0.292294	0.3832876	0.9019008
101	1773.687	-512.8206	2286.508	0.7185549	0.001337302	0.001337302	0.05087218	0.0474423	0.341791	0.148757	0.0249846	0.388286	0.0487393	0.3445111	2.165117	40.87331	0.831487	0.0781552	0.372155	0.931555	2.61814	0.243958	0.223337	0.227161	0.305545	0.3953833	0.8713345
102	1778.442	-509.6153	2288.057	0.6932329	0.001328978	0.001328978	0.04654911	0.0451811	0.314213	0.136754	0.0229687	0.421995	0.0588884	0.3488342	2.27575	40.77027	0.6812135	0.0727434	0.36032	0.922335	2.6446	0.235911	0.248954	0.219668	0.295467	0.3953833	0.8822684
103	1777.817	-509.1308	2286.948	0.6819434	0.001334971	0.001334971	0.04565871	0.0467045	0.324807	0.141365	0.0237431	0.428994	0.0343852	0.3497246	2.294668	40.37534	0.6812135	0.0703363	0.354885	0.917989	2.65679	0.242191	0.226421	0.226599	0.304789	0.3953833	0.8845204
104	1773.983	-511.2213	2285.204	0.4278514	0.0008414494	0.0008414494	0.09771286	0.0467675	0.4786	0.120592	0.0177443	0.320606	0.01569	0.3162075	2.13807	39.51194	0.6064554	0.0209289	0.202237	0.759742	3.01709	0.263139	0.246005	0.246198	0.244658	0.4139204	0.7639332
105	1769.824	-513.4591	2283.283	0.3371292	0.0008417027	0.0008417027	-0.05344617	0.0617297	0.287693	0.311022	0.0234211	0.299409	0.0167251	0.4724756	2.143852	39.72933	0.6064554	0.00878448	0.13352	0.653199	3.2045	0.175556	0.20553	0.303024	0.31589	0.4190294	1.127548
106	1775.35	-511.6892	2287.039	0.3449724	0.0008406988	0.0008406988	-0.01537916	0.0566594	0.264062	0.285476	0.0214974	0.356954	0.0153513	0.4724756	2.218744	39.00129	0.6064554	0.00964065	0.139641	0.664148	3.18657	0.21688	0.253908	0.229659	0.299553	0.4570964	1.033645
107	1774.047	-509.3087	2283.355	0.2226783	0.0008013995	0.0008013995	0.1075874	0.0565982	0.263777	0.285168	0.0214742	0.356569	0.0164134	0.3496137	2.618437	39.15885	0.6064554	0.00107291	0.047797	0.440226	3.5109	0.222884	0.213261	0.256009	0.307846	0.4572011	0.7646825
108	1772.728	-510.084	2282.812	0.3112252	0.0009575341	0.0009575341	0.1111931	0.0549665	0.290084	0.266766	0.0200885	0.35274	0.0153542	0.3629036	2.86962	39.21055	0.6064554	0.00624997	0.113251	0.614181	3.26632	0.218121	0.230073	0.250539	0.301267	0.4740967	0.7654633
109	1774.628	-510.4461	2285.074	0.5166086	0.000952305	0.000952305	-0.02865554	0.10967	0.312414	0.311472	0.0324986	0.21719	0.0167543	0.3582012	2.771024	38.89484	0.6064554	0.0365058	0.26262	0.831987	2.86889	0.219055	0.231059	0.247328	0.302558	0.3295457	1.086955
110	1778.321	-510.8498	2289.171	0.5183294	0.0009387656	0.0009387656	0.02600921	0.118989	0.245668	0.337938	0.0467209	0.235645	0.0150384	0.3024855	2.771024	40.57307	0.5390929	0.0368332	0.263713	0.83316	2.86629	0.217838	0.221451	0.270734	0.289977	0.3284947	0.920823
111	1773.155	-511.716	2284.871	0.8474907	0.0009419679	0.0009419679	0.03035358	0.0999952	0.24901	0.342535	0.0570116	0.23885	0.0125975	0.3030245	2.771024	39.92614	0.5390929	0.105617	0.425574	0.969293	2.49952	0.216786	0.206923	0.269427	0.306864	0.3333781	0.9089515
112	1772.815	-511.8683	2284.684	0.9100872	0.0008598594	0.0008598594	-0.009385864	0.106777	0.280798	0.316124	0.0364983	0.248176	0.0116262	0.2358507	2.84608	38.93403	0.8034653	0.118683	0.447952	0.983343	2.45002	0.211975	0.224525	0.263447	0.300053	0.2264649	1.041445
113	1775.98	-509.6445	2285.624	0.8979937	0.0008905312	0.0008905312	0.03978603	0.106254	0.279424	0.314577	0.0424448	0.246961	0.010338	0.1930183	2.533539	39.32462	0.8034653	0.116179	0.443788	0.980803	2.45923	0.218984	0.237508	0.272158	0.271351	0.2328043	0.829101
114	1774.161	-512.3409	2286.502	0.899179	0.0008905312	0.0008905312	0.04147045	0.0980102	0.261461	0.294355	0.0397162	0.296784	0.00967341	0.1931709	2.468244	39.77366	0.8034653	0.116425	0.444199	0.981056	2.45832	0.241653	0.194247	0.264658	0.299441	0.2346413	0.8232602
115	1768.387	-516.0852	2284.472	0.9086951	0.0008924962	0.0008924962	-0.003799153	0.0996583	0.247089	0.299304	0.040384	0.301775	0.0117896	0.1937753	2.606244	40.13495	0.8034653	0.118395	0.447476	0.983055	2.45107	0.194686	0.199297	0.271538	0.334479	0.1899762	1.019998
116	1769.084	-514.7845	2283.869	1.263895	0.0008791309	0.0008791309	0.005319745	0.0829353	0.205627	0.264003	0.0645859	0.373038	0.00981123	0.2001174	2.622713	41.16251	0.6934163	0.186441	0.543876	1.03292	2.23676	0.216906	0.199539	0.268516	0.315039	0.2054372	0.9741052
117	1768.933	-512.9784	2281.912	0.9434201	0.0008554642	0.0008554642	0.008256295	0.090418	0.18467	0.3143	0.070413	0.334306	0.00589412	0.2001174	2.49902	41.57509	0.6934163	0.125531	0.459059	0.989954	2.42546	0.210591	0.222843	0.260698	0.305867	0.2083737	0.9603775
118	1769.202	-512.9544	2282.157	0.8206194	0.0009011876	0.0009011876	0.07033402	0.0872223	0.213487	0.303191	0.0679243	0.32249	0.0056858	0.2001174	2.471828	41.57666	0.6934163	0.0999382	0.415305	0.962508	2.52225	0.210591	0.222843	0.260698	0.305867	0.2704514	0.7399384
119	1766.12	-514.7555	2280.875	0.8206194	0.001100928	0.001100928	0.01162267	0.0624873	0.341238	0.236569	0.0758288	0.27753	0.00634746	0.200331	2.531959	41.99994	0.6934163	0.0999382	0.415305	0.962508	2.52225	0.217939	0.221374	0.256836	0.303851	0.2119537	0.9451641
120	1766.458	-511.3781	2277.836	1.076562	0.001055588	0.001055588	0.01047134	0.0550622	0.30069	0.217279	0.0668184	0.354557	0.00559322	0.2000006	3.172468	41.89036	0.6934163	0.151972	0.498614	1.01161	2.3378	0.209162	0.219018	0.252354	0.319466	0.2104719	0.9502483
121	1771.01	-512.892	2283.902	1.30832	0.00161993	0.00161993	0.07907881	0.0403211	0.22019	0.206911	0.0489299	0.479552	0.00409582	0.189383	3.185432	42.52787	0.6934163	0.194137	0.553196	1.03686	2.21581	0.249929	0.201039	0.250234	0.298798	0.2684618	0.7054374
122	1774.723	-510.6964	2285.42	1.266532	0.00161993	0.00161993	0.02420421	0.0403365	0.220274	0.206989	0.0489486	0.479735	0.00371621	0.191036	2.351608	43.05286	0.6934163	0.186903	0.544443	1.03316	2.23549	0.240087	0.232502	0.24038	0.287032	0.2152402	0.8875479
123	1773.3	-511.9348	2285.235	1.326817	0.001180847	0.001180847	-0.004807546	0.0403365	0.220274	0.206989	0.0489486	0.479735	0.00371621	0.2430046	2.411941	44.14872	0.6934163	0.197288	0.55694	1.0384	2.20738	0.240087	0.232502	0.24038	0.287032	0.2381971	1.020183
124	1775.782	-509.7065	2285.489	3.359681	0.001171134	0.001171134	-0.006013463	0.0411495	0.315348	0.250354	0.0387793	0.347502	0.00686713	0.242481	2.681544	43.43104	0.7263966	0.415306	0.74968	1.0838	1.75122	0.248861	0.210023	0.243086	0.29803	0.2364676	1.02543
125	1769.916	-515.2635	2285.179	3.11531	0.001351524	0.001351524	0.01304539	0.041065	0.3147	0.243983	0.0466104	0.346788	0.00685302	0.2226472	2.449905	43.79442	0.7263966	0.39799	0.737719	1.08303	1.78126	0.2109	0.177986	0.358545	0.252569	0.2356926	0.9446508
126	1776.27	-509.5383	2285.808	2.489214	0.001192115	0.001192115	0.005942462	0.0377374	0.244423	0.350053	0.0420187	0.319218	0.00654888	0.2304054	2.52989	43.5458	0.7263966	0.345432	0.698649	1.0785	1.87741	0.191491	0.264597	0.247889	0.296024	0.2363479	0.9748571
127	1776.107	-510.3841	2286.491	3.189114	0.001059997	0.001059997	0.03186038	0.0361766	0.234314	0.376934	0.0402809	0.306016	0.00627803	0.2493458	2.466567	43.0938	0.7263966	0.403383	0.741489	1.0833	1.77183	0.180087	0.249315	0.288299	0.282299	0.2812062	0.886701
128	1771.38	-513.3727	2284.753	2.173519	0.00121081	0.00121081	0.06246408	0.0365737	0.236886	0.381072	0.0297457	0.309375	0.00634694	0.2009317	3.374757	43.43949	0.6711247	0.313144	0.672282	1.07378	1.94079	0.193642	0.192811	0.31	0.303547	0.2633958	0.7628509
129	1774.184	-509.702	2283.886	2.550217	0.001417107	0.001417107	0.06565301	0.0301473	0.271758	0.314113	0.0235796	0.349191	0.0112105	0.1977428	3.270411	43.84454	0.7559813	0.351166	0.703132	1.07918	1.86653	0.252101	0.256221	0.248425	0.243254	0.2633958	0.7507439
130	1764.165	-517.7766	2281.942	2.55089	0.001370481	0.001370481	0.06289616	0.0431153	0.291195	0.265253	0.025266	0.356577	0.0185936	0.2050538	2.726903	43.87715	0.7559813	0.351229	0.70318	1.07918	1.86641	0.252122	0.256242	0.248362	0.243274	0.26795	0.765269
131	1776.819	-508.3951	2285.214	1.791569	0.00138196	0.00138196	0.06699592	0.0434238	0.293279	0.267151	0.0163941	0.361026	0.0187267	0.2048284	2.831472	45.1927	0.5744454	0.267058	0.630846	1.06378	2.03832	0.234219	0.238047	0.230726	0.297008	0.2718243	0.7535323
132	1768.272	-514.7453	2283.017	1.685306	0.001034829	0.001034829	0.0663717	0.0354543	0.435039	0.275998	0.0215128	0.212649	0.0193468	0.2048284	2.808083	45.3521	0.5764085	0.252582	0.616751	1.05968	2.07099	0.232841	0.236646	0.235253	0.29526	0.2712001	0.7552667
133	1770.059	-514.348	2284.407	1.34749	0.001011237	0.001011237	0.06579338	0.0427991	0.334368	0.333174	0.0161202	0.256702	0.0168371	0.2054067	2.808083	44.78497	0.6060055	0.200773	0.561032	1.04005	2.19814	0.213802	0.242519	0.241091	0.302588	0.2712001	0.7573991
134	1768.171	-515.3395	2283.51	1.364802	0.0006713934	0.0006713934	0.08035654	0.0508601	0.271084	0.282678	0.0229977	0.352372	0.0200082	0.1917027	2.775355	44.80267	0.6060055	0.203661	0.564388	1.04139	2.19056	0.230456	0.183517	0.25987	0.326157	0.2720592	0.7046358
135	1773.606	-511.1295	2284.736	1.076664	0.0007249053	0.0007249053	0.04129483	0.0508601	0.271084	0.282678	0.0229977	0.352372	0.0200082	0.212602	2.750932	44.51229	0.6060055	0.151992	0.498641	1.01163	2.33774	0.221829	0.188377	0.275847	0.313947	0.2538968	0.8373559
136	1768.785	-513.8089	2282.594	1.309626	0.00073037	0.00073037	0.04594174	0.0422173	0.311483	0.241974	0.0196861	0.351498	0.0331411	0.2208655	2.717269	44.51994	0.6060055	0.19436	0.553463	1.03697	2.21521	0.221829	0.188377	0.275847	0.313947	0.2668073	0.8278093
137	1765.971	-515.7285	2281.7	0.9576482	0.0007253414	0.0007253414	0.0524368	0.0437931	0.299695	0.251005	0.0189369	0.364618	0.0219517	0.2145868	2.238434	44.11829	0.6060055	0.128428	0.463641	0.992612	2.41532	0.197406	0.258334	0.245476	0.298784	0.2670236	0.8036249
138	1769.179	-513.7574	2282.936	0.9576482	0.0008889135	0.0008889135	0.04136074	0.0608213	0.294666	0.246794	0.0176351	0.3585	0.0215834	0.2255284	2.342021	44.453	0.6060055	0.128428	0.463641	0.992612	2.41532	0.192321	0.25019	0.282839	0.274651	0.2668892	0.8450265
139	1772.574	-512.8085	2285.382	0.9543967	0.0009344724	0.0009344724	0.03504965	0.0764565	0.320276	0.310237	0.0221685	0.243731	0.0271318	0.230147	2.424823	44.35596	0.6060055	0.127767	0.462602	0.992013	2.41762	0.238927	0.260026	0.215598	0.285449	0.2651967	0.8678353
140	1771.319	-510.6717	2281.99	1.079958	0.0008960094	0.0008960094	0.03802338	0.0652514	0.315203	0.335829	0.0216137	0.237631	0.0244716	0.2262237	3.026105	45.57856	0.6060055	0.152626	0.499533	1.01208	2.33576	0.212848	0.231644	0.278869	0.27664	0.2642471	0.8561067
141	1771.203	-513.8622	2285.065	1.085658	0.001285475	0.001285475	0.0355214	0.0817655	0.324509	0.271625	0.0386771	0.252759	0.030665	0.2262237	2.912694	45.65733	0.6060055	0.153721	0.501066	1.01286	2.33235	0.195771	0.236669	0.284919	0.282641	0.2617451	0.8642901
142	1768.542	-517.2635	2285.805	1.381244	0.001231337	0.001231337	0.007790514	0.0814863	0.32771	0.262424	0.0421609	0.255252	0.0309674	0.2721555	2.905265	45.65001	0.4020859	0.20638	0.567517	1.04261	2.18349	0.159563	0.247324	0.297747	0.295366	0.279946	0.9721714
143	1768.291	-516.2198	2284.511	0.9900488	0.001323831	0.001323831	-0.00323602	0.0767219	0.219152	0.24708	0.0396958	0.383488	0.0338615	0.2809131	2.899167	45.33509	0.6138717	0.134964	0.47374	0.998331	2.39296	0.168564	0.21313	0.306278	0.312028	0.277677	1.011654
144	1772.267	-515.4245	2287.692	0.7574028	0.001238496	0.001238496	-0.008968587	0.127031	0.359579	0.138004	0.0326035	0.314971	0.0278115	0.2940859	2.843525	45.37718	0.6138717	0.0864681	0.389401	0.944415	2.57972	0.162367	0.21712	0.307371	0.313142	0.2851173	1.031456
145	1772.381	-513.9882	2286.369	0.7279485	0.001524217	0.001524217	0.006040281	0.137922	0.217667	0.298381	0.0526416	0.251179	0.04221	0.296507	2.770449	44.47195	0.6138717	0.0801653	0.376424	0.934801	2.60861	0.236063	0.243197	0.257949	0.262791	0.3025473	0.9800352
146	1771.651	-514.9168	2286.568	0.611208	0.001488201	0.001488201	0.01279545	0.120933	0.232234	0.276368	0.0386429	0.292727	0.0390959	0.3028079	2.462416	45.05448	0.6138717	0.0554276	0.318445	0.886931	2.7392	0.213371	0.250421	0.265611	0.270597	0.3156034	0.9594572
147	1773.407	-514.1316	2287.538	0.5949785	0.001445552	0.001445552	0.003168589	0.121823	0.304493	0.276916	0.04065	0.216944	0.0391735	0.3138761	2.454496	45.43532	0.6138717	0.0520741	0.309469	0.878735	2.75972	0.226045	0.265295	0.236679	0.27198	0.3170446	0.9900059
148	1773.309	-513.5842	2286.893	0.594432	0.001025192	0.001025192	0.02411983	0.0785566	0.402466	0.163277	0.0438575	0.286747	0.0250966	0.3007191	2.317467	44.97355	0.6138717	0.0519617	0.309163	0.878451	2.76042	0.180023	0.281071	0.250753	0.288153	0.3248389	0.9257483
149	1767.46	-514.8815	2282.341	0.608302	0.001081273	0.001081273	0.06608589	0.080574	0.412802	0.16747	0.019411	0.294111	0.0256326	0.258753	2.14323	45.41184	0.6138717	0.0548247	0.316855	0.885496	2.74282	0.194251	0.229766	0.315225	0.260759	0.3248389	0.796558
150	1770.375	-513.2334	2283.608	0.5534069	0.001083625	0.001083625	0.07347165	0.0635177	0.362511	0.147068	0.0224983	0.387379	0.0170268	0.2568999	2.172526	45.80512	0.6138717	0.0436639	0.285359	0.85555	2.81543	0.196732	0.276951	0.288043	0.238273	0.3303716	0.777609
151	1769.925	-513.0015	2282.926	0.5529106	0.001083625	0.001083625	0.08011576	0.0559556	0.402879	0.0717392	0.0171681	0.437258	0.0149997	0.2502558	2.172526	46.52178	0.6138717	0.0435653	0.285061	0.855253	2.81612	0.182628	0.237872	0.267393	0.312107	0.3303716	0.757498
152	1769.047	-514.444	2283.491	0.5562608	0.0009242625	0.0009242625	0.07374535	0.0857773	0.390544	0.067916	0.0166425	0.42387	0.0152505	0.2502558	2.10391	47.49675	0.6138717	0.0442315	0.287067	0.857251	2.81145	0.205612	0.267807	0.277513	0.249068	0.3240011	0.7723917
153	1771.429	-512.8453	2284.275	0.4603572	0.001034359	0.001034359	0.07323694	0.133947	0.402944	0.0516036	0.0143052	0.381465	0.0157347	0.2502558	2.054077	48.00273	0.6138717	0.0262971	0.22525	0.789133	2.95932	0.220599	0.214436	0.297742	0.267223	0.3234927	0.7736056
154	1765.702	-519.0297	2284.732	0.4603572	0.001047547	0.001047547	0.03529804	0.144198	0.429763	0.0887353	0.0157872	0.306823	0.0146931	0.2881947	2.484688	47.70328	0.6138717	0.0262971	0.22525	0.789133	2.95932	0.208286	0.207188	0.265964	0.318561	0.3234927	0.8908846
155	1760.029	-520.927	2280.956	0.4603572	0.001093165	0.001093165	0.0700841	0.178337	0.406955	0.0905155	0.0197403	0.290539	0.0139133	0.2810941	1.816562	47.17001	0.6138717	0.0262971	0.22525	0.789133	2.95932	0.275875	0.165912	0.24675	0.311463	0.3511782	0.8004315
156	1766.325	-517.2453	2283.57	0.2838952	0.001152674	0.001152674	0.07508686	0.184277	0.420511	0.0935306	0.0203979	0.260856	0.0204275	0.2753796	1.863973	47.60058	0.6138717	0.00408006	0.0920408	0.567739	3.33614	0.208204	0.247751	0.240487	0.303558	0.3504665	0.7857517
157	1766.046	-515.2192	2281.266	0.2838952	0.00141003	0.00141003	0.04098924	0.144688	0.304403	0.100124	0.021541	0.413205	0.0160389	0.3208765	2.406002	47.3492	0.6138717	0.00408006	0.0920408	0.567739	3.33614	0.204613	0.260727	0.236339	0.298322	0.3618657	0.886728
158	1769.964	-512.8864	2282.85	0.4224598	0.00125505	0.00125505	0.06217352	0.131142	0.275904	0.184371	0.0195243	0.374521	0.0145374	0.3162434	1.741381	48.01851	0.4439259	0.0200835	0.198325	0.754484	3.02711	0.22172	0.224392	0.257238	0.29665	0.3784169	0.835701
159	1773.787	-511.5294	2285.316	0.37507	0.001210953	0.001210953	0.071055	0.140649	0.295905	0.197736	0.0219964	0.327394	0.0163201	0.3153804	1.782862	48.18883	0.3073822	0.0132883	0.162902	0.70283	3.12098	0.22172	0.224392	0.257238	0.29665	0.3864354	0.8161271
160	1780.516	-507.7467	2288.262	0.4724664	0.0009747805	0.0009747805	0.07513328	0.15239	0.320606	0.173672	0.0238326	0.311817	0.0176825	0.3113022	2.492512	48.01177	0.3195533	0.0284052	0.233561	0.799152	2.93888	0.222875	0.225561	0.258578	0.292987	0.3864354	0.8055735
161	1782.06	-508.2386	2290.299	0.2764618	0.0009018283	0.0009018283	0.103569	0.106292	0.315761	0.208206	0.0234724	0.335292	0.0109764	0.3113022	2.464688	47.67577	0.7875994	0.00358058	0.0863594	0.554072	3.35599	0.217613	0.220235	0.276082	0.28607	0.4148711	0.7503587
162	1775.648	-511.9189	2287.567	0.2652724	0.0008010937	0.0008010937	0.09039956	0.111782	0.33207	0.21896	0.0230881	0.302557	0.0115433	0.3139166	2.736444	48.42049	0.7875994	0.00290122	0.0779201	0.532606	3.38657	0.208214	0.253915	0.264157	0.273714	0.4043162	0.7764137
163	1774.471	-512.7301	2287.201	0.3314007	0.0008008748	0.0008008748	0.02311681	0.121675	0.24413	0.238338	0.0251314	0.35816	0.012565	0.372105	2.665237	47.91071	0.7875994	0.00818485	0.129041	0.644957	3.21782	0.200576	0.221562	0.314187	0.263674	0.3952218	0.9415093
164	1770.352	-514.369	2284.721	0.4724135	0.0008008748	0.0008008748	0.1123973	0.122311	0.229799	0.254673	0.0249213	0.358808	0.00948712	0.2893735	2.6569	47.82092	0.517321	0.0283958	0.233525	0.799109	2.93897	0.186037	0.225592	0.319901	0.268469	0.4017708	0.7202452
165	1771.944	-514.8286	2286.773	0.5145395	0.0007995585	0.0007995585	0.03575787	0.11292	0.288935	0.235119	0.0230078	0.331259	0.00875869	0.2907378	1.973429	47.98975	0.517321	0.0361132	0.261302	0.830566	2.87202	0.199246	0.194208	0.295352	0.311195	0.3264957	0.8904798
166	1771.085	-513.3548	2284.44	0.5725894	0.0007995585	0.0007995585	0.03600111	0.118095	0.350071	0.151221	0.0250121	0.34644	0.0091601	0.2907378	1.925248	47.33133	0.2630898	0.0475084	0.296688	0.866663	2.78914	0.205086	0.209731	0.334237	0.250946	0.3267389	0.8898169
167	1772.465	-512.89	2285.355	0.7117627	0.0009971664	0.0009971664	0.03320308	0.119798	0.349395	0.150929	0.0249638	0.345772	0.00914242	0.2823822	2.688925	47.55244	0.8088763	0.0767024	0.369028	0.92915	2.62512	0.210656	0.207094	0.324488	0.257762	0.3155853	0.8947889
168	1767.021	-517.5028	2284.523	0.7117627	0.000999127	0.000999127	0.1120186	0.138876	0.228612	0.174965	0.0338618	0.413259	0.0104264	0.1976188	2.599967	47.07603	0.8088763	0.0767024	0.369028	0.92915	2.62512	0.229425	0.20217	0.316772	0.251633	0.3096374	0.6382266
169	1770.158	-513.9525	2284.11	0.685686	0.00148473	0.00148473	0.1085703	0.138369	0.227779	0.174327	0.0394534	0.411753	0.00831846	0.2062978	2.988852	46.0511	0.8088763	0.0711338	0.356697	0.919446	2.65272	0.271258	0.193623	0.294125	0.240994	0.314868	0.655188
170	1775.019	-512.3251	2287.344	0.6764223	0.001449325	0.001449325	0.04851296	0.165328	0.272157	0.208292	0.0471402	0.297144	0.00993915	0.266477	2.960455	47.18548	0.545107	0.0691609	0.35219	0.915808	2.66284	0.241637	0.178358	0.270938	0.309066	0.31499	0.8459857
171	1772.76	-513.8833	2286.644	0.6550066	0.001462894	0.001462894	0.06057566	0.188754	0.22787	0.159341	0.0394692	0.376244	0.00832177	0.2663853	2.836932	47.35899	0.545107	0.0646162	0.341504	0.906982	2.6869	0.19964	0.269877	0.223848	0.306635	0.3269609	0.8147312
172	1768.63	-515.39	2284.02	0.6328185	0.001523324	0.001523324	0.1128667	0.212823	0.256926	0.179659	0.0571736	0.284036	0.0093829	0.2275898	2.7571	48.04073	0.8767564	0.0599397	0.33003	0.897181	2.71285	0.207047	0.279402	0.256063	0.257487	0.3404566	0.6684842
173	1778.577	-507.7762	2286.353	0.8871637	0.001008946	0.001008946	0.02141841	0.21255	0.253962	0.177586	0.056514	0.290113	0.00927466	0.3752799	2.7571	48.97263	0.8043088	0.113927	0.439996	0.978461	2.46762	0.223186	0.223233	0.276023	0.277558	0.3966983	0.9460083
174	1775.555	-509.0991	2284.654	1.036271	0.001474567	0.001474567	0.03534202	0.210399	0.261511	0.175789	0.0559421	0.287178	0.00918081	0.3759601	2.659581	47.62454	0.7613988	0.144134	0.487389	1.00576	2.36272	0.229858	0.229907	0.254379	0.285856	0.4113021	0.9140728
175	1775.999	-510.4088	2286.407	1.098997	0.00154399	0.00154399	-0.01036451	0.192354	0.21984	0.144647	0.0599088	0.373309	0.00994086	0.3759601	2.142286	48.48481	0.7613988	0.156272	0.504611	1.01465	2.32447	0.253835	0.209152	0.280914	0.256099	0.3655956	1.02835
176	1778.031	-510.661	2288.692	0.6136224	0.001668939	0.001668939	-0.01202385	0.203935	0.1582	0.153356	0.0595023	0.414467	0.0105394	0.3787181	2.134148	47.43595	0.7613988	0.0559293	0.31976	0.888113	2.7362	0.253835	0.209152	0.280914	0.256099	0.3666942	1.03279
177	1777.635	-511.1825	2288.817	0.5373421	0.001225757	0.001225757	0.01891739	0.215119	0.114862	0.161766	0.0627655	0.437197	0.00828902	0.3313242	2.222456	48.16521	0.7613988	0.0405005	0.275596	0.845647	2.83826	0.253835	0.209152	0.280914	0.256099	0.3502416	0.9459876
178	1778.772	-510.0904	2288.862	0.4719965	0.001225357	0.001225357	0.008539576	0.237007	0.230702	0.178225	0.0691515	0.27982	0.00509379	0.3328099	2.290921	47.78528	0.7613988	0.0283223	0.233242	0.798772	2.93966	0.22152	0.218937	0.294056	0.265488	0.3413495	0.9749829
179	1778.067	-511.3743	2289.441	0.4779097	0.001529577	0.001529577	-0.002435361	0.215753	0.295607	0.166326	0.0629502	0.254727	0.00463699	0.3437849	2.287987	47.60353	0.7613988	0.0293701	0.23725	0.803505	2.92988	0.236502	0.233745	0.223525	0.306228	0.3413495	1.007135
180	1780.263	-509.4147	2289.678	0.4779097	0.001523174	0.001523174	0.03675119	0.198803	0.273667	0.124536	0.0471337	0.348298	0.00756183	0.3199648	2.235368	49.02628	0.7613988	0.0293701	0.23725	0.803505	2.92988	0.245749	0.251951	0.232265	0.270035	0.356716	0.8969735
181	1779.49	-510.8444	2290.334	0.32655	0.001194879	0.001194879	0.03383658	0.144458	0.198857	0.0904926	0.0342492	0.526448	0.00549472	0.3214699	2.988013	48.83474	0.7613988	0.00769429	0.125244	0.63781	3.22925	0.200663	0.209635	0.262857	0.326845	0.3553065	0.9047679
182	1779.728	-511.3749	2291.103	0.3356881	0.001828905	0.001828905	0.04401228	0.139086	0.191462	0.0871275	0.0172954	0.556783	0.00824527	0.3206785	3.126048	49.23678	0.4033573	0.00863157	0.132394	0.651145	3.20783	0.196151	0.211229	0.263288	0.329331	0.3646908	0.8793162
183	1778.87	-514.1017	2292.972	0.335219	0.001705892	0.001705892	0.03831708	0.102355	0.192042	0.141354	0.0167586	0.539501	0.00798934	0.3087594	2.892246	49.2429	0.4033573	0.0085821	0.132027	0.650474	3.20892	0.182024	0.227823	0.335197	0.254957	0.3470765	0.8896005
184	1778.357	-513.5307	2291.888	0.223892	0.002632403	0.002632403	0.04068226	0.101463	0.203515	0.160301	0.0174479	0.506826	0.0104479	0.31004	2.955621	47.55266	0.4555009	0.00110957	0.0485952	0.443105	3.50719	0.19035	0.225504	0.331785	0.252361	0.3507222	0.8840043
185	1775.901	-512.4346	2288.336	0.2236248	0.00239012	0.00239012	0.008896266	0.0945928	0.204214	0.160852	0.0175079	0.508569	0.0142643	0.3536646	3.383755	47.12697	0.4555009	0.00110142	0.0484191	0.442473	3.50801	0.198889	0.284142	0.253285	0.263683	0.3625609	0.9754627
186	1779.458	-510.6418	2290.1	0.217556	0.002408901	0.002408901	0.07846259	0.101376	0.218859	0.115279	0.0186448	0.529896	0.0159455	0.2840983	3.373687	47.42233	0.4555009	0.00092722	0.0444776	0.427908	3.52669	0.175662	0.250959	0.285637	0.287742	0.3625609	0.7835878
187	1777.13	-514.654	2291.784	0.2188002	0.003239819	0.003239819	0.03660206	0.075109	0.225604	0.118832	0.0192194	0.546228	0.0150079	0.2830955	3.012056	47.13691	0.4555009	0.000961283	0.0452764	0.430925	3.52284	0.170923	0.279524	0.269575	0.279978	0.3196975	0.8855103
188	1771.591	-518.7598	2290.351	0.2116472	0.003254621	0.003254621	-0.03186938	0.0853412	0.256338	0.192626	0.0218377	0.426804	0.0170525	0.338354	2.998695	46.7829	0.4555009	0.000776695	0.0407533	0.413367	3.5451	0.181332	0.296547	0.285993	0.236128	0.3064846	1.103984
189	1775.026	-514.9189	2289.945	0.2123149	0.003254621	0.003254621	0.002736024	0.0429922	0.347323	0.17554	0.0142893	0.397809	0.0220465	0.338354	2.814982	46.57273	0.4555009	0.000792794	0.0411683	0.415028	3.54301	0.196193	0.205794	0.309431	0.288581	0.34109	0.9919786
190	1776.062	-513.0093	2289.071	0.2461332	0.003393195	0.003393195	0.01996105	0.0397362	0.285548	0.185222	0.0117478	0.433694	0.0440525	0.3247275	2.850179	46.28326	0.6014639	0.00193641	0.063912	0.49326	3.44089	0.19379	0.203273	0.305641	0.297296	0.3446886	0.9420896
191	1781.005	-508.075	2289.08	0.4016891	0.002346258	0.002346258	0.04884171	0.0467751	0.323215	0.209655	0.0132975	0.357194	0.0498636	0.2879452	3.04094	45.6417	0.6529384	0.0169588	0.183017	0.733102	3.06692	0.217079	0.227702	0.253777	0.301441	0.3367869	0.8549774
192	1778.105	-509.8255	2287.931	0.3969029	0.002267794	0.002267794	0.05830157	0.035133	0.160387	0.348218	0.0144333	0.387706	0.0541229	0.2794266	3.052488	45.04656	0.6529384	0.0162701	0.179439	0.727907	3.07638	0.236179	0.203162	0.290069	0.270589	0.3377282	0.8273713
193	1778.155	-511.4401	2289.596	0.3797668	0.002242242	0.002242242	-0.02697491	0.0261045	0.161888	0.351476	0.0145684	0.391334	0.0546293	0.3767925	2.966937	45.65325	0.6529384	0.0139069	0.166487	0.708423	3.11118	0.215826	0.200531	0.316557	0.267086	0.3498176	1.077111
194	1778.13	-508.7348	2286.865	0.3275236	0.001640634	0.001640634	-0.02741336	0.0274577	0.246111	0.369696	0.0153236	0.283951	0.0574612	0.3772309	2.896202	44.08954	0.6529384	0.00779148	0.126006	0.639257	3.22694	0.18919	0.260293	0.29859	0.251927	0.3498176	1.078365
195	1776.626	-509.3674	2285.994	0.4572766	0.001645125	0.001645125	0.008028801	0.0349525	0.221219	0.332304	0.012595	0.347279	0.0516495	0.3402953	2.908615	44.34568	0.6529384	0.0257696	0.223113	0.786508	2.96461	0.212972	0.244581	0.280566	0.261881	0.3483241	0.9769502
196	1782.039	-508.5662	2290.606	0.4424815	0.001674427	0.001674427	0.04186919	0.0380112	0.153595	0.361384	0.0131708	0.37767	0.0561693	0.2918933	3.17325	44.80303	0.6669405	0.0232895	0.212719	0.773444	2.99055	0.21485	0.248109	0.284613	0.252428	0.3337625	0.8745539
197	1782.226	-508.9513	2291.177	0.4292992	0.001674427	0.001674427	0.02884475	0.0562029	0.181923	0.311163	0.0132798	0.380796	0.0566344	0.2918933	3.157828	45.79438	0.6669405	0.0211582	0.203284	0.761134	3.01442	0.252724	0.221983	0.252528	0.272765	0.320738	0.9100676
198	1776.64	-511.9094	2288.549	0.4292992	0.002000544	0.002000544	-0.008804175	0.0547005	0.206864	0.299774	0.0129248	0.370616	0.0551204	0.3252771	2.750174	45.06541	0.6669405	0.0211582	0.203284	0.761134	3.01442	0.250312	0.219864	0.259662	0.270161	0.3164729	1.02782
199	1777.198	-510.2452	2287.443	0.4005135	0.00170648	0.00170648	0.1139987	0.0569654	0.218585	0.200678	0.0101318	0.453881	0.0597584	0.3232834	2.120684	45.43791	0.6669405	0.0167886	0.18214	0.731836	3.06924	0.253241	0.21793	0.252767	0.276062	0.4372821	0.7393017
200	1777.078	-511.2644	2288.342	0.2675695	0.001113505	0.001113505	-0.02056399	0.0530675	0.346933	0.186947	0.00660335	0.338792	0.0676572	0.4578461	1.977896	45.82665	0.6669405	0.00303364	0.0796399	0.537102	3.38022	0.246081	0.17788	0.288356	0.287683	0.4372821	1.047027
201	1779.599	-508.9568	2288.556	0.2248474	0.001109595	0.001109595	-0.00709978	0.0548807	0.358787	0.13772	0.00682897	0.350367	0.0914155	0.438778	1.90834	45.79492	0.4799999	0.00113901	0.0492266	0.445361	3.50427	0.258028	0.186517	0.277247	0.278208	0.4316782	1.016447
202	1780.164	-508.1225	2288.286	0.2353015	0.001556046	0.001556046	-0.0186641	0.0507389	0.33171	0.127327	0.00503199	0.400676	0.0845165	0.4376531	1.919362	45.66582	0.4799999	0.00149604	0.0562998	0.469447	3.47276	0.208945	0.198855	0.295588	0.296612	0.418989	1.044546
203	1776.883	-511.3029	2288.186	0.2317448	0.001610942	0.001610942	0.0201703	0.0538593	0.275998	0.151981	0.00596221	0.425318	0.0868814	0.4184159	1.850101	46.22085	0.4799999	0.00136728	0.0538609	0.461375	3.4834	0.208945	0.198855	0.295588	0.296612	0.4385862	0.9540106
204	1777.191	-512.2723	2289.464	0.2175488	0.001628418	0.001628418	0.06434734	0.0688003	0.244634	0.194142	0.00761617	0.393773	0.0910349	0.3892316	2.296494	45.81184	0.5328195	0.000927025	0.044473	0.427891	3.52671	0.197562	0.228719	0.286364	0.287356	0.4535789	0.8581342
205	1779.308	-510.6517	2289.96	0.225179	0.001558645	0.001558645	0.05026125	0.0744574	0.242792	0.193063	0.00757384	0.391584	0.090529	0.402831	2.209166	46.98862	0.3660069	0.00114935	0.0494464	0.446142	3.50326	0.195914	0.241402	0.277726	0.284958	0.4530922	0.8890706
206	1775.745	-514.8994	2290.644	0.2252989	0.002378037	0.002378037	0.04920025	0.0761788	0.199927	0.204139	0.00998355	0.41405	0.0957227	0.403892	2.207328	47.85255	0.6523842	0.00115311	0.0495259	0.446424	3.5029	0.184741	0.259466	0.298508	0.257284	0.4530922	0.8914123
207	1771.822	-518.1835	2290.005	0.2885101	0.002372356	0.002372356	0.04721858	0.0908959	0.104055	0.203228	0.009939	0.496587	0.0952954	0.4058731	2.23276	46.69969	0.6523842	0.00440965	0.0955919	0.575993	3.32401	0.241445	0.252923	0.254837	0.250795	0.4530917	0.8957858
208	1768.417	-517.5513	2285.968	0.2885101	0.00226897	0.00226897	0.06689083	0.0859626	0.0984074	0.22516	0.00939956	0.517982	0.0630887	0.3935775	2.277104	46.95264	0.6129555	0.00440965	0.0955919	0.575993	3.32401	0.248099	0.193087	0.305741	0.253073	0.4604683	0.8547331
209	1771.045	-514.5344	2285.58	0.2920978	0.002190954	0.002190954	0.02828209	0.0820201	0.0938942	0.255116	0.0103095	0.494226	0.0644338	0.4111818	2.280941	46.67562	0.7609777	0.00467623	0.0983634	0.58229	3.31467	0.238422	0.23962	0.260275	0.261683	0.4394639	0.9356441
210	1777.904	-511.4606	2289.364	0.2880137	0.002114283	0.002114283	-0.002907564	0.084805	0.10718	0.19943	0.0106595	0.511006	0.0869187	0.4123747	1.951078	47.94708	0.5216284	0.00437348	0.0952091	0.575113	3.3253	0.196751	0.267757	0.243083	0.29241	0.4094671	1.007101
211	1766.792	-518.7766	2285.569	0.404495	0.002227461	0.002227461	-0.002816829	0.0619114	0.0741421	0.137956	0.00737377	0.669216	0.0494003	0.4122649	2.911658	47.02057	0.3029909	0.0173682	0.185106	0.736099	3.06143	0.173557	0.239702	0.324968	0.261773	0.409448	1.00688
212	1768.642	-517.3097	2285.952	0.3162867	0.002217001	0.002217001	0.03608899	0.0925243	0.0717226	0.133454	0.00713314	0.647377	0.0477882	0.3995912	2.911658	48.55399	0.3029909	0.00670913	0.11721	0.622167	3.25391	0.197047	0.210923	0.293736	0.298293	0.4356802	0.9171663
213	1760.479	-522.1262	2282.605	0.3155264	0.002341075	0.002341075	-0.01334882	0.137	0.106199	0.203284	0.010562	0.475634	0.0673206	0.3291266	2.839536	48.96236	0.2703484	0.00663902	0.116615	0.620979	3.25577	0.187137	0.250608	0.278963	0.283291	0.3157778	1.042273
214	1768.629	-518.1284	2286.758	0.3170763	0.002341075	0.002341075	0.04725851	0.122271	0.155922	0.0952763	0.00942644	0.568953	0.0481514	0.2672344	2.831105	49.79721	0.4438401	0.00678236	0.117828	0.623396	3.25199	0.195918	0.215448	0.292052	0.296583	0.3144929	0.8497311
215	1776.672	-512.7089	2289.381	0.3170763	0.001086788	0.001086788	0.009062906	0.135598	0.19263	0.120022	0.00745095	0.491402	0.052897	0.3281906	2.84782	49.41723	0.4438401	0.00678236	0.117828	0.623396	3.25199	0.23727	0.200903	0.285266	0.27656	0.3372535	0.9731273
216	1779.59	-511.3099	2290.9	0.3067894	0.001689685	0.001689685	0.09134667	0.134852	0.238561	0.0776338	0.00740996	0.488698	0.0528452	0.3255058	2.942325	49.6574	0.6793583	0.0058622	0.109786	0.607031	3.27732	0.195386	0.22147	0.27827	0.304874	0.4168525	0.7808657
217	1780.156	-510.0882	2290.244	0.3489256	0.001689685	0.001689685	0.0572775	0.166608	0.230628	0.075052	0.00731228	0.472446	0.0479544	0.3598418	3.130889	49.3966	0.6793583	0.0100874	0.14272	0.669525	3.17767	0.194541	0.224838	0.277066	0.303555	0.4171193	0.8626832
218	1775.217	-512.5712	2287.788	0.3486565	0.001898398	0.001898398	0.04625001	0.150754	0.39366	0.0642765	0.00382945	0.366838	0.0206421	0.3708693	3.165384	48.71567	0.6793583	0.0100566	0.14251	0.669162	3.17827	0.164976	0.269867	0.30065	0.264508	0.4171193	0.8891204
219	1777.228	-512.566	2289.794	0.3492299	0.001251418	0.001251418	0.04496849	0.131271	0.430222	0.061857	0.0037555	0.353029	0.0198651	0.3732727	3.050483	47.60558	0.6793583	0.0101222	0.142956	0.669934	3.17699	0.248177	0.252225	0.252381	0.247217	0.4182412	0.8924819
220	1776.051	-511.6868	2287.738	0.3604096	0.001293663	0.001293663	0.07786868	0.15056	0.418562	0.064437	0.00365372	0.343461	0.0193267	0.3406392	2.18988	46.79203	0.6793583	0.0114415	0.151627	0.684622	3.15231	0.25123	0.220452	0.255485	0.272833	0.4185078	0.8139373
221	1773.285	-513.907	2287.192	0.3766184	0.002006907	0.002006907	0.07840783	0.183921	0.381241	0.0586914	0.00332793	0.355216	0.0176034	0.3401	2.722281	47.23787	0.6793583	0.0134908	0.164086	0.704686	3.11774	0.252863	0.215383	0.257146	0.274607	0.4185078	0.8126491
222	1776.367	-512.4893	2288.856	0.2356453	0.002007174	0.002007174	0.07307254	0.197191	0.320345	0.0475085	0.00767204	0.40253	0.0247538	0.3454353	2.11303	47.15904	0.6793583	0.00150889	0.0565373	0.47022	3.47173	0.218591	0.190656	0.265393	0.32536	0.4185078	0.8253974
223	1779.289	-509.5262	2288.816	0.2336369	0.002009255	0.002009255	0.08825843	0.179245	0.352557	0.0431849	0.00697382	0.395539	0.022501	0.3320679	2.139898	46.67902	0.6793583	0.00143482	0.0551544	0.465685	3.47773	0.202279	0.241706	0.24559	0.310425	0.4203263	0.790024
224	1775.247	-515.8465	2291.094	0.1198473	0.002020648	0.002020648	-0.02184791	0.246382	0.32212	0.0372142	0.00637176	0.361391	0.0265215	0.4408639	2.131864	46.2711	0.3737849	5.21311e-06	0.00338552	0.15046	3.84615	0.17662	0.271743	0.243656	0.307981	0.419016	1.052141
225	1769.744	-520.9008	2290.644	0.1367041	0.002020648	0.002020648	0.002949709	0.254809	0.310666	0.0384871	0.00467295	0.373752	0.0176134	0.4361303	2.135955	46.4476	0.3536034	2.16478e-05	0.00688541	0.201459	3.79163	0.17662	0.271743	0.243656	0.307981	0.43908	0.9932821
226	1776.228	-515.3725	2291.601	0.1365797	0.001875778	0.001875778	-0.00922577	0.26171	0.308666	0.0382394	0.0048194	0.371347	0.0152188	0.4483058	2.218058	45.75675	0.3536034	2.14492e-05	0.00685386	0.20108	3.79204	0.17662	0.271743	0.243656	0.307981	0.43908	1.021012
227	1775.112	-514.0258	2289.138	0.143052	0.002026074	0.002026074	-0.006553278	0.260945	0.307764	0.0330046	0.00480532	0.370262	0.0232187	0.4680274	2.492082	45.10698	0.3610451	3.39178e-05	0.0086116	0.220781	3.77057	0.196293	0.261292	0.239582	0.302832	0.4614741	1.014201
228	1770.197	-518.2255	2288.422	0.2059637	0.002035664	0.002035664	-0.02012764	0.266603	0.402607	0.0314382	0.00636186	0.269108	0.0238822	0.4864072	2.403915	45.25611	0.3610451	0.000648749	0.0372853	0.399042	3.56302	0.210057	0.279614	0.256382	0.253947	0.4662796	1.043166
229	1766.861	-521.1782	2288.039	0.3502477	0.001954902	0.001954902	-0.009624239	0.250655	0.357024	0.0372861	0.00754523	0.319166	0.0283245	0.4745029	2.404165	44.99368	0.3610451	0.010239	0.143748	0.671302	3.17471	0.221098	0.186364	0.269859	0.322679	0.4648787	1.020703
230	1771.176	-515.9947	2287.17	0.3518484	0.001760013	0.001760013	-0.03552241	0.157434	0.392888	0.0410315	0.00830317	0.351226	0.0491169	0.4950401	2.361072	45.65544	0.3610451	0.0104241	0.144992	0.67344	3.17114	0.225842	0.190363	0.254193	0.329602	0.4595177	1.077304
231	1766.479	-517.188	2283.667	0.334667	0.001569624	0.001569624	-0.01520292	0.173506	0.316358	0.0758815	0.00695106	0.387081	0.040222	0.4829045	2.361072	45.12758	0.3610451	0.00852406	0.131595	0.649682	3.2102	0.194288	0.209123	0.259764	0.336825	0.4677016	1.032506
232	1765.297	-517.1911	2282.488	0.2212571	0.001272452	0.001272452	0.1064696	0.166426	0.291003	0.126037	0.00666742	0.371286	0.0385807	0.4210517	2.115869	45.77464	0.3610451	0.00103103	0.0468679	0.436835	3.51527	0.258044	0.19554	0.231468	0.314948	0.5275213	0.7981701
233	1769.612	-515.0714	2284.683	0.2806839	0.001372608	0.001372608	0.1050633	0.151528	0.264954	0.146908	0.0116954	0.397107	0.0278075	0.4210517	2.101046	46.07007	0.3610451	0.00385953	0.08958	0.561892	3.34467	0.201199	0.231759	0.286248	0.280795	0.526115	0.8003036
234	1778.116	-511.4387	2289.555	0.2806839	0.001386632	0.001386632	-0.008281909	0.112364	0.279956	0.163953	0.0205737	0.395461	0.0276922	0.5017817	2.108495	46.59133	0.162061	0.00385953	0.08958	0.561892	3.34467	0.201451	0.231686	0.286157	0.280706	0.4934998	1.016782
235	1776.999	-511.5513	2288.55	0.2806839	0.001012571	0.001012571	-0.00914222	0.122683	0.305666	0.217737	0.0224631	0.301215	0.0302353	0.5026421	2.101448	47.23482	0.2724334	0.00385953	0.08958	0.561892	3.34467	0.202544	0.23192	0.283307	0.282229	0.4934998	1.018525
236	1775.534	-513.7559	2289.29	0.2196512	0.001120274	0.001120274	-0.008197931	0.0795642	0.321278	0.228858	0.0219213	0.3166	0.0317796	0.5027581	2.445996	47.58737	0.2724334	0.000985066	0.0458255	0.432979	3.52021	0.19413	0.168244	0.319421	0.318206	0.4945601	1.016576
237	1779.966	-508.6862	2288.652	0.3247862	0.001120274	0.001120274	0.08343987	0.0688664	0.326412	0.25398	0.0251064	0.298128	0.0275066	0.3996255	2.486331	49.23372	0.2724334	0.00751987	0.123864	0.635173	3.23344	0.236962	0.240589	0.276349	0.246099	0.4830653	0.82727
238	1775.879	-510.042	2285.921	0.3054515	0.001698818	0.001698818	-0.03862355	0.0703038	0.333225	0.305682	0.0137021	0.249567	0.0275203	0.4000228	2.436735	49.52165	0.7083441	0.00574794	0.108742	0.604845	3.28066	0.222818	0.22408	0.292563	0.260538	0.3613992	1.106872
239	1776.267	-510.5841	2286.851	0.5738086	0.001694833	0.001694833	-0.04193332	0.0488221	0.421273	0.277872	0.0173227	0.199918	0.034792	0.4698562	2.433955	49.69364	0.7083441	0.047755	0.297396	0.867345	2.7875	0.190376	0.204859	0.315782	0.288983	0.4279229	1.097993
240	1775.645	-510.6425	2286.287	0.5665988	0.001685575	0.001685575	-0.01664719	0.0465477	0.401648	0.212592	0.0165157	0.293455	0.0292407	0.4093213	2.442415	49.12999	0.7083441	0.0463006	0.293188	0.863273	2.79724	0.191354	0.236529	0.294927	0.27719	0.3926741	1.042394
241	1774.284	-508.4458	2282.73	0.9332876	0.001616803	0.001616803	0.1552063	0.0470917	0.406342	0.215076	0.0167087	0.296885	0.017896	0.3762963	2.150315	48.02849	0.7083441	0.123458	0.455739	0.988002	2.4328	0.204494	0.252772	0.283408	0.259326	0.5315026	0.7079858
242	1777.677	-510.5675	2288.244	0.9298484	0.001343553	0.001343553	0.06050184	0.0185734	0.398356	0.21085	0.0163803	0.338296	0.0175443	0.474356	1.994529	47.84701	0.8159274	0.122753	0.454601	0.987329	2.43532	0.242823	0.212572	0.312011	0.232594	0.5348579	0.8868824
243	1780.198	-510.3648	2290.563	0.8938951	0.001354372	0.001354372	0.05346572	0.0192516	0.35344	0.201283	0.0185572	0.383254	0.0242137	0.498714	1.999435	47.27319	0.8159274	0.115328	0.44236	0.979925	2.46239	0.242823	0.212572	0.312011	0.232594	0.5521797	0.9031733
244	1780.508	-507.7892	2288.298	0.8717781	0.001354681	0.001354681	0.0480121	0.0133363	0.345034	0.196495	0.0411541	0.374139	0.0298421	0.5040192	1.744071	46.18527	0.8159274	0.110716	0.434504	0.975018	2.47976	0.255137	0.205274	0.257242	0.282346	0.5520313	0.9130265
245	1777.932	-510.718	2288.65	1.239498	0.001262888	0.001262888	-0.04897545	0.0294332	0.34618	0.197148	0.0412907	0.375381	0.0105675	0.6206611	1.803705	46.23826	0.6591159	0.182138	0.53855	1.0306	2.24871	0.255287	0.258348	0.203853	0.282512	0.5716857	1.085668
246	1770.644	-514.164	2284.808	1.237037	0.001446216	0.001446216	0.1083671	0.031879	0.396334	0.180539	0.0378123	0.343758	0.00967722	0.4742174	1.77495	47.22249	0.6591159	0.181701	0.538004	1.03036	2.24994	0.182944	0.299082	0.231993	0.285982	0.5825845	0.813989
247	1771.27	-512.6802	2283.95	0.9096994	0.001556164	0.001556164	0.1085792	0.0317689	0.394965	0.179915	0.0435109	0.34257	0.00726997	0.4731589	1.8244	46.78868	0.6591159	0.118603	0.447819	0.983263	2.45031	0.182944	0.299082	0.231993	0.285982	0.581738	0.8133538
248	1775.63	-508.0885	2283.719	0.628615	0.001702239	0.001702239	0.07328956	0.0166119	0.374643	0.170658	0.0349526	0.398312	0.00482262	0.4725082	2.508623	47.04448	0.6591159	0.0590584	0.327809	0.895244	2.71789	0.207296	0.205778	0.262875	0.32405	0.5457978	0.8657203
249	1778.074	-509.734	2287.808	0.5786062	0.001702239	0.001702239	0.0439381	0.0180541	0.393462	0.127169	0.0375634	0.41832	0.005431	0.4869337	2.438358	46.16985	0.7181045	0.0487277	0.300169	0.869999	2.7811	0.175439	0.214389	0.296989	0.313183	0.5308718	0.9172341
250	1779.126	-510.8493	2289.975	0.6906178	0.001682888	0.001682888	0.03603186	0.0175955	0.410504	0.0906057	0.0391904	0.436438	0.00566622	0.485046	1.932453	45.65108	0.7181045	0.0721854	0.35907	0.921341	2.6474	0.196079	0.221533	0.258768	0.32362	0.5210779	0.9308513
251	1779.499	-508.8072	2288.306	1.002952	0.001414174	0.001414174	0.02688186	0.0100131	0.453903	0.100185	0.0433336	0.387845	0.00472128	0.4939299	1.932453	45.75912	0.7181045	0.137542	0.477637	1.00049	2.38433	0.199412	0.237654	0.227104	0.33583	0.5208117	0.9483847
252	1779.681	-508.8599	2288.54	0.7640698	0.001414174	0.001414174	-0.005097182	0.00979011	0.443796	0.120221	0.0423687	0.379209	0.00461615	0.5183875	1.804681	45.77233	0.7181045	0.0878937	0.392256	0.946479	2.57337	0.224385	0.271608	0.255545	0.248462	0.5132904	1.00993
253	1782.007	-507.644	2289.651	0.7835711	0.001423522	0.001423522	-0.04412235	0.00980645	0.444536	0.191088	0.0424394	0.307948	0.0041827	0.5332978	1.886048	45.42924	0.7181045	0.0920583	0.400435	0.952297	2.55521	0.194255	0.243982	0.229552	0.332212	0.4891755	1.090197
254	1777.625	-509.8058	2287.431	0.7482118	0.00215699	0.00215699	-0.03435121	0.00635915	0.288267	0.239768	0.0275205	0.434879	0.00320617	0.5323208	2.008073	44.45385	0.7181045	0.0845019	0.385417	0.941503	2.58858	0.197431	0.247971	0.233305	0.321293	0.4979696	1.068983
255	1775.399	-511.7371	2287.136	0.7382244	0.002152607	0.002152607	-0.06551884	0.00879421	0.287835	0.239409	0.0265329	0.434228	0.00320137	0.5161716	2.078657	44.19694	0.7181045	0.0823646	0.381021	0.938249	2.59837	0.158601	0.266392	0.234071	0.340936	0.4506528	1.145387
256	1778.344	-510.4761	2288.82	0.4870369	0.00214718	0.00214718	-0.03958793	0.00481985	0.332011	0.213533	0.0594853	0.387295	0.00285536	0.5134422	2.095604	43.84996	0.7181045	0.031011	0.243369	0.810602	2.91502	0.231653	0.23335	0.205038	0.329959	0.4738543	1.083545
257	1783.372	-507.0519	2290.424	0.6026831	0.002141373	0.002141373	-0.02735269	0.00427422	0.379663	0.216207	0.0527513	0.343452	0.00365338	0.501207	2.203504	44.76363	0.7181045	0.0536619	0.31376	0.882682	2.7499	0.219611	0.235243	0.238954	0.306192	0.4738543	1.057724
258	1783.668	-506.4826	2290.151	0.4519398	0.001695759	0.001695759	-0.02007871	0.00383998	0.34109	0.18953	0.047392	0.416272	0.00187608	0.4444903	2.350198	45.99548	0.7181045	0.0248647	0.219388	0.781883	2.97386	0.203627	0.218121	0.294345	0.283907	0.4244116	1.04731
259	1777.039	-510.6804	2287.72	0.3948202	0.001232106	0.001232106	0.0623527	0.00426707	0.387685	0.276285	0.0425455	0.287085	0.00213236	0.3609891	2.066727	45.98384	0.7663738	0.0159743	0.177876	0.725614	3.08054	0.203627	0.218121	0.294345	0.283907	0.4233418	0.8527131
260	1777.196	-511.1475	2288.344	0.4003451	0.001354891	0.001354891	0.05522596	0.00679409	0.400112	0.285141	0.0439092	0.261843	0.00220071	0.3614484	2.00941	45.92916	0.5865674	0.0167642	0.182014	0.731654	3.06957	0.187649	0.263693	0.271248	0.277411	0.4166744	0.8674602
261	1776.661	-511.77	2288.431	0.625528	0.001335819	0.001335819	0.05381538	0.00888293	0.390511	0.278299	0.0634027	0.25556	0.00334375	0.362859	1.922129	45.51475	0.5865674	0.0584122	0.326168	0.893804	2.72162	0.193304	0.261178	0.259747	0.285771	0.4166744	0.8708455
262	1776.187	-512.7199	2288.906	0.5149124	0.0017443	0.0017443	0.05135853	0.0213452	0.388348	0.177708	0.0772525	0.330229	0.00511732	0.3674506	2.549796	45.43156	0.5865674	0.0361839	0.26154	0.830823	2.87145	0.193304	0.261178	0.259747	0.285771	0.4188091	0.8773701
263	1775.35	-511.9644	2287.314	0.6495602	0.00108862	0.00108862	-0.1000347	0.0197538	0.388979	0.177997	0.0773781	0.330766	0.00512565	0.5188438	2.42822	45.50318	0.8283151	0.0634648	0.338726	0.90464	2.69317	0.190506	0.257398	0.253864	0.298232	0.4188091	1.238855
264	1774.342	-510.6039	2284.946	0.4466331	0.001090162	0.001090162	-0.1000347	0.0188996	0.399415	0.175377	0.0787119	0.316462	0.0111348	0.5188438	1.911528	45.47814	0.5209193	0.0239763	0.215657	0.777187	2.98318	0.207723	0.22272	0.261893	0.307664	0.4188091	1.238855
265	1769.42	-515.914	2285.334	0.5542738	0.001758642	0.001758642	-0.05696353	0.019498	0.412061	0.18093	0.0495423	0.326482	0.0114873	0.4615959	1.964561	45.01369	0.5209193	0.0438361	0.285879	0.856069	2.81422	0.233927	0.250815	0.29493	0.220327	0.4046323	1.140778
266	1773.575	-512.9537	2286.529	0.555629	0.001764417	0.001764417	-0.05780331	0.0185877	0.393166	0.172483	0.0400201	0.364793	0.010951	0.4624356	2.178958	44.0578	0.5209193	0.0441057	0.286689	0.856876	2.81233	0.214603	0.230096	0.231041	0.32426	0.4046323	1.142854
267	1771.499	-516.5115	2288.011	0.5314927	0.001755378	0.001755378	-0.0004735645	0.0179316	0.391072	0.166395	0.0579359	0.351917	0.0147492	0.4604596	2.272262	43.00285	0.3085742	0.0393629	0.271979	0.841896	2.84676	0.214603	0.230096	0.231041	0.32426	0.459986	1.00103
268	1772.327	-518.0776	2290.404	0.5334993	0.001485312	0.001485312	-0.01014475	0.0267802	0.371918	0.248505	0.102126	0.228644	0.0220274	0.4633361	2.309898	42.28374	0.3085742	0.0397522	0.273224	0.843192	2.84383	0.210978	0.22621	0.244029	0.318783	0.4531914	1.022385
269	1767.042	-517.3781	2284.42	0.7446593	0.001517013	0.001517013	-0.03923911	0.0328649	0.352675	0.180687	0.12533	0.280594	0.0278495	0.4924305	1.849312	42.0364	0.7536827	0.0837417	0.383861	0.940357	2.59204	0.208791	0.214562	0.274278	0.302369	0.4531914	1.086584
270	1766.704	-515.6409	2282.345	0.8048928	0.001293256	0.001293256	-0.06725436	0.0309493	0.453847	0.151195	0.118025	0.215973	0.0300106	0.5051693	1.773811	42.4118	0.7536827	0.0965995	0.409096	0.958301	2.536	0.214441	0.220367	0.254642	0.31055	0.4379149	1.153579
271	1772.308	-512.0308	2284.339	1.174493	0.001347035	0.001347035	0.07494552	0.0284976	0.303644	0.106339	0.108676	0.413424	0.0394184	0.3663682	1.768987	43.21109	0.7536827	0.1704	0.523577	1.02381	2.28221	0.198226	0.230151	0.252885	0.318738	0.4413137	0.8301763
272	1770.71	-514.5709	2285.281	1.30515	0.001339658	0.001339658	0.1032894	0.0212081	0.269142	0.206702	0.117067	0.366447	0.0194342	0.3490217	2.618623	43.40592	0.7536827	0.193594	0.552547	1.03659	2.21727	0.201599	0.234068	0.240171	0.324162	0.4523111	0.7716408
273	1772.856	-510.4791	2283.335	1.641054	0.001138843	0.001138843	0.1178394	0.0136271	0.336098	0.192737	0.106477	0.333299	0.0177628	0.3487326	2.629651	43.87519	0.7536827	0.246313	0.610467	1.05773	2.08549	0.195666	0.22263	0.267082	0.314621	0.466572	0.7474358
274	1778.062	-511.6321	2289.694	1.619095	0.001494638	0.001494638	0.06380738	0.0123601	0.30485	0.174818	0.100805	0.391055	0.0161114	0.3568729	2.629651	43.955	0.8603416	0.243148	0.60725	1.05671	2.09289	0.208802	0.238527	0.229978	0.322693	0.4206803	0.8483234
275	1779.783	-508.3069	2288.09	2.208825	0.001494638	0.001494638	0.01462768	0.0124681	0.300325	0.186775	0.0993088	0.385251	0.0158722	0.3978844	2.813687	44.80121	0.8603416	0.31699	0.675529	1.07443	1.93305	0.215068	0.223246	0.233729	0.327957	0.4125121	0.96454
276	1779.641	-509.0969	2288.738	2.227504	0.001557213	0.001557213	-0.01464625	0.0125298	0.301812	0.180164	0.0998005	0.387158	0.0185345	0.4274147	2.786299	45.01313	0.8603416	0.318999	0.677213	1.07476	1.92902	0.242535	0.20411	0.253509	0.299846	0.4127685	1.035483
277	1770.803	-515.8265	2286.63	1.289962	0.002560861	0.002560861	-0.0006141553	0.00935077	0.271041	0.161796	0.193481	0.347686	0.0166448	0.4116458	2.786299	45.02061	0.8603416	0.190979	0.549403	1.03527	2.22435	0.248807	0.209389	0.23306	0.308744	0.4110316	1.001494
278	1771.142	-515.5179	2286.66	1.115692	0.002562367	0.002562367	-0.01053783	0.0106115	0.271411	0.156436	0.193745	0.34816	0.0196356	0.4300914	2.531608	44.95115	0.8603416	0.159442	0.508963	1.01681	2.31479	0.244114	0.20544	0.247526	0.30292	0.4195536	1.025117
279	1768.325	-517.527	2285.852	1.346144	0.00185271	0.00185271	0.007351551	0.010881	0.230454	0.182861	0.198666	0.357004	0.0201343	0.4300914	2.496059	44.7514	0.8603416	0.200547	0.560769	1.03995	2.19874	0.243716	0.235937	0.224616	0.29573	0.437443	0.9831943
280	1774.5	-515.7264	2290.226	1.17949	0.001154996	0.001154996	0.03153198	0.0118178	0.250293	0.230908	0.0973764	0.387738	0.0218676	0.4096167	2.193279	44.64811	0.8603416	0.171317	0.52477	1.02437	2.27954	0.251293	0.24869	0.236757	0.26326	0.4411487	0.928523
281	1772.85	-513.5463	2286.396	1.088404	0.001174205	0.001174205	-0.08331323	0.0127201	0.182738	0.248538	0.104811	0.417342	0.0338514	0.4708613	2.193279	44.8808	0.8603416	0.154248	0.501801	1.01323	2.33072	0.238195	0.210431	0.261074	0.290299	0.387548	1.214975
282	1776.843	-514.1	2290.943	1.035299	0.001194353	0.001194353	0.0317166	0.00919064	0.326625	0.179576	0.0757293	0.385582	0.0232979	0.4680696	2.215152	44.70965	0.8603416	0.143943	0.48711	1.00561	2.36334	0.230856	0.225797	0.261993	0.281355	0.4997862	0.9365397
283	1774.195	-516.2443	2290.439	0.6938809	0.001137618	0.001137618	0.05987229	0.00687424	0.488062	0.151308	0.0638082	0.265224	0.0247239	0.4494302	2.212115	45.85347	0.8870853	0.0728817	0.360629	0.92258	2.64391	0.220652	0.2082	0.302229	0.268919	0.5093025	0.8824426
284	1775.872	-513.4675	2289.339	0.6710895	0.00157637	0.00157637	-0.002446749	0.0106784	0.485343	0.150465	0.0634527	0.263746	0.0263154	0.4287024	2.208542	45.93871	0.6770678	0.0680269	0.349564	0.913665	2.66874	0.2219	0.207867	0.301745	0.268488	0.4262557	1.00574
285	1777.444	-511.1811	2288.625	0.9519234	0.001602435	0.001602435	-0.0007242479	0.0106852	0.48565	0.140602	0.0728174	0.263913	0.0263321	0.4414507	1.905349	45.46225	0.8372449	0.127264	0.461808	0.991554	2.41937	0.228737	0.214271	0.280233	0.27676	0.4407264	1.001643
286	1780.03	-508.6798	2288.71	1.026051	0.001715534	0.001715534	0.1097688	0.00933125	0.537063	0.136547	0.0635905	0.230472	0.0229955	0.3443919	2.696614	45.1539	0.8712272	0.142122	0.484444	1.00419	2.36925	0.228737	0.214271	0.280233	0.27676	0.4541607	0.7583041
287	1781.763	-508.3547	2290.118	0.8946815	0.001716581	0.001716581	0.0700907	0.010202	0.426011	0.160487	0.0367587	0.3414	0.0251414	0.3995248	2.651586	45.35928	0.8570792	0.115491	0.442635	0.980094	2.46178	0.197022	0.295234	0.246997	0.260747	0.4696155	0.8507488
288	1784.933	-505.6413	2290.574	0.8648105	0.001812668	0.001812668	-0.01528899	0.0139312	0.319243	0.185893	0.0510151	0.395446	0.0344718	0.4281271	2.230688	45.42517	0.8570792	0.109256	0.431975	0.973413	2.48536	0.21425	0.23361	0.268595	0.283546	0.4128381	1.037034
289	1783.919	-507.8486	2291.768	0.8496341	0.001196354	0.001196354	0.0647996	0.0131858	0.302161	0.246057	0.0429155	0.374286	0.0213945	0.434475	2.223271	45.61675	0.4008176	0.106068	0.426375	0.969813	2.49774	0.223223	0.208688	0.292639	0.27545	0.4992746	0.8702125
290	1783.403	-508.454	2291.857	0.8525968	0.001214173	0.001214173	0.07226305	0.0121426	0.336211	0.250459	0.0324246	0.348824	0.019939	0.4379888	2.23085	46.24289	0.4393156	0.106691	0.427478	0.970527	2.4953	0.199313	0.209076	0.322852	0.268759	0.5102519	0.8583777
291	1780.953	-509.8909	2290.844	0.7026412	0.001235052	0.001235052	0.07164629	0.0130105	0.360241	0.26836	0.0240752	0.312949	0.0213641	0.4390113	2.171428	45.65472	0.377281	0.0747525	0.364774	0.925843	2.63463	0.216175	0.204673	0.316053	0.263099	0.5106576	0.859698
292	1780.64	-509.0782	2289.718	0.4856486	0.00101025	0.00101025	0.06616341	0.0225955	0.383217	0.237862	0.025276	0.316055	0.0149944	0.4424246	2.263954	45.58513	0.377281	0.0307596	0.242444	0.809538	2.91726	0.21076	0.224593	0.308138	0.256509	0.508588	0.8699076
293	1782.332	-508.1779	2290.509	0.4743904	0.001020814	0.001020814	0.06303371	0.0139443	0.343295	0.24049	0.0255552	0.361556	0.01516	0.4455543	2.472549	45.45448	0.447502	0.028745	0.234869	0.800701	2.93569	0.205371	0.226126	0.310242	0.258261	0.508588	0.8760614
294	1781.698	-508.6264	2290.325	0.408278	0.00102167	0.00102167	-0.008669733	0.0107638	0.429933	0.214079	0.024297	0.310814	0.0101136	0.4671334	2.697761	44.75367	0.447502	0.0179265	0.187912	0.740085	3.05408	0.206132	0.22326	0.311391	0.259218	0.4584636	1.01891
295	1778.617	-510.3437	2288.961	0.408278	0.0009925989	0.0009925989	-0.01748944	0.010411	0.415839	0.26641	0.0235006	0.273948	0.00989127	0.4671334	2.731941	45.26965	0.7106469	0.0179265	0.187912	0.740085	3.05408	0.189015	0.274727	0.285534	0.250724	0.4496439	1.038896
296	1776.635	-512.5099	2289.145	0.4423192	0.001039903	0.001039903	-0.03284957	0.0109045	0.435549	0.240364	0.0246144	0.278208	0.0103601	0.4666098	2.428187	45.69021	0.7106469	0.0232628	0.212604	0.773296	2.99084	0.264777	0.274592	0.21003	0.250601	0.4337602	1.075732
297	1770.87	-514.6501	2285.52	0.9564611	0.0009993414	0.0009993414	-0.0553747	0.0106572	0.449136	0.205713	0.0369239	0.286887	0.0106833	0.4720053	2.398916	45.06216	0.4591277	0.128187	0.463262	0.992394	2.41616	0.268388	0.2222	0.212894	0.296518	0.4166306	1.132911
298	1777.018	-508.9862	2286.004	1.264077	0.001142662	0.001142662	0.09588861	0.012844	0.454174	0.208021	0.0242139	0.281849	0.0188979	0.471263	2.41052	45.0113	0.7614231	0.186473	0.543915	1.03294	2.23668	0.205899	0.232276	0.222548	0.339277	0.5671516	0.8309295
299	1779.989	-508.1071	2288.096	1.569324	0.001047132	0.001047132	0.05235973	0.0126731	0.443876	0.214909	0.0238917	0.278099	0.0265514	0.4933681	1.877448	45.59774	0.7614231	0.235836	0.599703	1.05425	2.11022	0.19043	0.27188	0.252189	0.2855	0.5457278	0.9040552
300	1781.683	-506.8987	2288.582	1.468232	0.0009887713	0.0009887713	0.007508907	0.0127646	0.447081	0.236398	0.0240642	0.252949	0.0267431	0.494688	1.800288	46.17119	0.7880583	0.220373	0.583182	1.0485	2.14794	0.188082	0.268527	0.261412	0.281979	0.5021969	0.9850479
301	1776.507	-509.3057	2285.813	1.4475	0.0009615402	0.0009615402	0.04285946	0.00998491	0.478671	0.194717	0.0179158	0.26736	0.0313517	0.4839604	1.78943	45.48816	0.7880583	0.217097	0.579578	1.04718	2.15614	0.184725	0.263735	0.256746	0.294794	0.5268198	0.9186449
302	1778.166	-507.4777	2285.644	1.109637	0.0009747295	0.0009747295	-0.01332945	0.0165439	0.37852	0.229584	0.0143714	0.315234	0.0457475	0.5159793	1.800189	45.71731	0.7880583	0.158296	0.507395	1.01603	2.31828	0.236162	0.25194	0.230287	0.28161	0.5026498	1.026518
303	1778.521	-507.7221	2286.243	0.9418381	0.0009347257	0.0009347257	-0.01560841	0.0148362	0.339447	0.205885	0.00913918	0.389667	0.0410252	0.4942817	1.803764	45.53749	0.7880583	0.125208	0.458544	0.989652	2.4266	0.240006	0.256041	0.244672	0.259281	0.4786733	1.032608
304	1782.723	-507.145	2289.868	0.6356072	0.001753891	0.001753891	0.009054456	0.0199972	0.323292	0.196087	0.00468185	0.416869	0.0390728	0.5076317	1.863357	45.60503	0.7880583	0.0605253	0.331495	0.898452	2.70953	0.240006	0.256041	0.244672	0.259281	0.5166862	0.9824759
305	1780.514	-508.8469	2289.361	1.009306	0.001360812	0.001360812	0.02655846	0.0147697	0.285893	0.273276	0.00414023	0.405803	0.0161189	0.5076317	1.908261	45.73098	0.7880583	0.138807	0.479531	1.00152	2.38014	0.240142	0.256186	0.244811	0.258862	0.5341902	0.9502828
306	1775.437	-511.6354	2287.073	1.016306	0.001408291	0.001408291	0.06448226	0.0130171	0.251967	0.190443	0.00364893	0.5191	0.0218241	0.4941378	1.997947	45.05068	0.7354223	0.140196	0.481599	1.00265	2.37556	0.258046	0.200728	0.263064	0.278162	0.5586201	0.8845687
307	1779.858	-509.9685	2289.827	0.4045421	0.001348461	0.001348461	0.0769074	0.00966346	0.267034	0.152001	0.00386713	0.544305	0.0231291	0.497751	2.016072	44.36883	0.7354223	0.0173751	0.185141	0.736149	3.06133	0.253708	0.197353	0.275453	0.273486	0.5746584	0.8661685
308	1779.01	-509.4463	2288.456	0.8933893	0.00135099	0.00135099	0.07616209	0.0147783	0.279048	0.102561	0.00455825	0.568792	0.0302627	0.4984963	2.051901	44.11889	0.7354223	0.115222	0.442183	0.979816	2.46278	0.261866	0.203699	0.271277	0.263158	0.5746584	0.8674654
309	1776.932	-510.8346	2287.767	0.8933893	0.001708601	0.001708601	0.0797931	0.0229682	0.172741	0.188539	0.00708437	0.586841	0.0218267	0.4948653	1.93961	43.68584	0.7354223	0.115222	0.442183	0.979816	2.46278	0.256498	0.220021	0.265716	0.257764	0.5746584	0.8611469
310	1779.381	-509.7814	2289.162	0.8997452	0.00170121	0.00170121	0.08514409	0.0229523	0.172621	0.188408	0.00777243	0.586434	0.0218116	0.4949007	2.02532	43.65811	0.8294626	0.116542	0.444396	0.981176	2.45789	0.256498	0.220021	0.265716	0.257764	0.5800448	0.8532112
311	1775.573	-513.4014	2288.974	0.9037536	0.00170121	0.00170121	0.07595382	0.0228668	0.22127	0.241506	0.0099629	0.47721	0.0271841	0.5033978	1.872596	44.84947	0.8020355	0.117373	0.44578	0.982023	2.45482	0.259024	0.222188	0.268333	0.250456	0.5793516	0.8688986
312	1775.801	-512.6259	2288.427	0.893443	0.001698969	0.001698969	-0.06495052	0.0284935	0.0805956	0.283354	0.0157634	0.559899	0.0318945	0.6443021	1.914613	45.38833	0.8020355	0.115234	0.442202	0.979827	2.46274	0.20963	0.221972	0.268073	0.300325	0.5793516	1.112109
313	1774.454	-512.4816	2286.936	0.8783926	0.001184072	0.001184072	-0.06417427	0.0469023	0.133076	0.364422	0.0202733	0.394307	0.0410197	0.6428933	1.914613	44.67416	0.8020355	0.112098	0.43688	0.976515	2.47451	0.179969	0.25381	0.315033	0.251189	0.578719	1.11089
314	1774.643	-512.5907	2287.233	0.8640137	0.001210566	0.001210566	-0.06140477	0.0464727	0.131857	0.361085	0.0122255	0.390695	0.0576646	0.6401482	2.079348	44.50241	0.8020355	0.109089	0.431684	0.973228	2.486	0.18716	0.251584	0.31227	0.248986	0.5787434	1.1061
315	1776.376	-511.4189	2287.795	0.7930898	0.001642987	0.001642987	0.1122543	0.0515501	0.188233	0.232869	0.0135612	0.449822	0.0639647	0.511775	1.991958	44.4323	0.761531	0.0940875	0.404337	0.955022	2.54655	0.213999	0.287662	0.237711	0.260628	0.6240294	0.8201137
316	1773.606	-513.3546	2286.961	0.9547633	0.001719953	0.001719953	-0.02353407	0.0674257	0.124062	0.247606	0.0144242	0.478447	0.0680352	0.5850343	2.17399	44.01234	0.6599706	0.127842	0.462719	0.99208	2.41736	0.246847	0.177596	0.274198	0.301359	0.5615002	1.041913
317	1777.09	-510.4705	2287.56	0.8618605	0.001110213	0.001110213	0.08890336	0.0767618	0.14124	0.234001	0.00936452	0.461177	0.0774557	0.4776854	2.17399	44.36682	0.6599706	0.108638	0.430896	0.972725	2.48774	0.218724	0.207138	0.300348	0.27379	0.5665888	0.8430901
318	1775.656	-511.7488	2287.405	0.8983836	0.001110213	0.001110213	0.1130822	0.0680402	0.133304	0.25021	0.0134226	0.493123	0.0418997	0.4772938	2.17399	44.24163	0.6599706	0.11626	0.443923	0.980886	2.45893	0.242439	0.229597	0.224488	0.303476	0.590376	0.8084574
319	1777.081	-511.3358	2288.417	1.094596	0.001319586	0.001319586	0.04199662	0.0633236	0.128803	0.241761	0.0129694	0.5266	0.0265431	0.549215	2.135108	43.58738	0.6599706	0.155433	0.503448	1.01406	2.32706	0.229918	0.21774	0.264538	0.287804	0.5912116	0.9289652
320	1781.012	-509.9023	2290.914	0.6814602	0.001285998	0.001285998	0.08218184	0.11296	0.229765	0.241095	0.0272447	0.324137	0.0647979	0.5391321	2.236143	43.73413	0.6599706	0.0702334	0.35465	0.9178	2.65732	0.232324	0.220018	0.267305	0.280353	0.621314	0.867729
321	1777.221	-511.0879	2288.309	0.3490045	0.001810544	0.001810544	0.07863793	0.126421	0.257146	0.170376	0.0304914	0.362763	0.0528021	0.5391321	1.761135	44.03392	0.6599706	0.0100964	0.142781	0.669631	3.17749	0.222863	0.224387	0.266829	0.285921	0.61777	0.8727068
322	1780.405	-508.703	2289.108	0.4238132	0.001393274	0.001393274	0.0659184	0.0670846	0.270363	0.218913	0.0305443	0.363393	0.0497023	0.5518516	1.771865	44.72587	0.6407874	0.0202944	0.19931	0.755815	3.02458	0.217422	0.222276	0.277071	0.283231	0.61777	0.8932962
323	1779.12	-510.4307	2289.551	0.4365867	0.001441306	0.001441306	0.0511702	0.102516	0.286009	0.23158	0.0391262	0.28819	0.0525785	0.5886604	1.842077	44.93329	0.3981134	0.022327	0.20852	0.76802	3.00113	0.224559	0.220249	0.274545	0.280648	0.6398306	0.9200254
324	1775.904	-514.9151	2290.819	0.3898835	0.001434283	0.001434283	0.05121417	0.120905	0.214934	0.182538	0.0797286	0.339884	0.0620097	0.5865403	1.780583	44.69446	0.1670159	0.0152824	0.174159	0.720097	3.09046	0.231593	0.242458	0.236511	0.289439	0.6377545	0.9196961
325	1777.141	-514.874	2292.015	0.405051	0.002253511	0.002253511	0.01969865	0.182817	0.228228	0.161869	0.0707006	0.301398	0.0549882	0.6137987	1.868543	45.31666	0.5604655	0.0174498	0.185519	0.736689	3.06034	0.230613	0.245661	0.235511	0.288215	0.6334974	0.9689049
326	1779.652	-512.1516	2291.804	0.389321	0.00225414	0.00225414	0.03433829	0.147456	0.183193	0.0870618	0.0601191	0.478032	0.0441378	0.5991591	1.926099	44.4216	0.5604655	0.0152044	0.173735	0.719461	3.0916	0.234419	0.213439	0.277939	0.274203	0.6334974	0.9457957
327	1776.296	-512.7968	2289.093	0.2975371	0.002315064	0.002315064	-0.007873574	0.167825	0.177058	0.0990881	0.0563313	0.449462	0.0502348	0.5714321	1.937977	44.09426	0.5604655	0.00509765	0.102581	0.591643	3.30068	0.236606	0.215431	0.280532	0.267431	0.5635585	1.013971
328	1778.741	-510.9643	2289.706	0.2836882	0.001837302	0.001837302	-0.01007874	0.158364	0.246582	0.0591647	0.0712823	0.424124	0.0404822	0.5714321	1.905113	45.14283	0.5604655	0.00406563	0.0918819	0.567364	3.33669	0.226533	0.236552	0.262222	0.274693	0.5613533	1.017954
329	1778.384	-511.1229	2289.507	0.2719728	0.001837302	0.001837302	0.05976977	0.134543	0.417406	0.0487137	0.0990802	0.275374	0.0248825	0.5015835	1.934385	45.3017	0.5604655	0.00329762	0.0829557	0.545592	3.36815	0.226533	0.236552	0.262222	0.274693	0.5613533	0.8935256
330	1779.921	-510.3728	2290.294	0.2208279	0.001747424	0.001747424	0.05220387	0.139963	0.394885	0.0737017	0.0937344	0.260517	0.0371992	0.5197147	1.941616	45.34543	0.5604655	0.00101861	0.0465885	0.435807	3.51659	0.228791	0.23891	0.254867	0.277432	0.5719186	0.9087215
331	1777.723	-513.6286	2291.352	0.2322736	0.002287995	0.002287995	0.05065008	0.145643	0.315522	0.13439	0.0946465	0.27109	0.0387089	0.5212685	1.924602	45.24042	0.5604655	0.00138594	0.0542215	0.462584	3.48181	0.190956	0.248069	0.272908	0.288067	0.5719186	0.9114383
332	1775.686	-514.3082	2289.995	0.2400336	0.002287995	0.002287995	0.0434826	0.173004	0.287477	0.191451	0.086234	0.225948	0.0358858	0.5282177	2.670638	45.2398	0.5604655	0.00167936	0.0595928	0.479991	3.45874	0.219885	0.246843	0.271559	0.261712	0.5717003	0.9239416
333	1779.377	-511.3372	2290.714	0.2297225	0.002352246	0.002352246	0.03394652	0.103151	0.260453	0.173454	0.0781277	0.347452	0.037362	0.5394983	2.116709	42.5228	0.7114812	0.00129746	0.0524887	0.45673	3.48948	0.232415	0.242878	0.267198	0.257509	0.5734448	0.9408025
334	1785.756	-507.8808	2293.637	0.220227	0.002457294	0.002457294	0.03556683	0.0752316	0.248409	0.121513	0.0547321	0.482188	0.0179259	0.5394983	2.116709	41.97752	0.7114812	0.00100138	0.0461983	0.434365	3.51844	0.239384	0.220175	0.27521	0.265231	0.5750652	0.9381516
335	1783.063	-510.0855	2293.148	0.137162	0.002363853	0.002363853	0.03435458	0.0832043	0.274735	0.147687	0.0605324	0.408595	0.0252466	0.5394983	2.064454	41.71185	0.5642006	2.23917e-05	0.0070023	0.202854	3.79012	0.234785	0.251774	0.217204	0.296236	0.5738529	0.9401335
336	1782.386	-511.3704	2293.757	0.1276597	0.002057839	0.002057839	0.01276575	0.0856504	0.320663	0.163048	0.0537057	0.354697	0.0222356	0.5404693	2.7013	42.10523	0.5642006	1.05681e-05	0.00481609	0.17396	3.82121	0.204783	0.219602	0.313471	0.262144	0.5532351	0.9769253
337	1780.42	-511.1971	2291.617	0.1200388	0.001847992	0.001847992	0.01222143	0.0708985	0.265434	0.283791	0.0456522	0.293606	0.040618	0.5143172	2.771178	41.80936	0.5733101	5.31003e-06	0.00341678	0.151031	3.84555	0.204783	0.219602	0.313471	0.262144	0.5265386	0.9767891
338	1779.597	-510.152	2289.749	0.1241601	0.001785619	0.001785619	0.03144154	0.0584144	0.272877	0.29175	0.0333624	0.30184	0.041757	0.4765413	2.695296	41.76548	0.5733101	7.78576e-06	0.00413542	0.163388	3.83247	0.204783	0.219602	0.313471	0.262144	0.5079828	0.9381051
339	1780.299	-511.0054	2291.304	0.1298818	0.001722263	0.001722263	0.01740052	0.0442323	0.206627	0.220918	0.029049	0.467555	0.0316191	0.4909813	2.247092	41.20879	0.5733101	1.27214e-05	0.00528262	0.180699	3.81401	0.17795	0.236178	0.319057	0.266816	0.5083818	0.9657727
340	1779.146	-509.2793	2288.425	0.2264305	0.001299064	0.001299064	0.04309282	0.045956	0.175711	0.229526	0.030181	0.485775	0.0328512	0.465289	2.965506	41.27926	0.5733101	0.00118895	0.0502786	0.449079	3.49945	0.207584	0.224542	0.314204	0.253671	0.5083818	0.9152353
341	1782.856	-508.9143	2291.77	0.2324001	0.001293765	0.001293765	0.04904238	0.0354358	0.217683	0.165777	0.0339778	0.481377	0.0657485	0.4437441	2.646985	41.06754	0.5733101	0.00139043	0.0543078	0.462872	3.48143	0.230667	0.213744	0.299094	0.256495	0.4927865	0.9004794
342	1780.761	-510.4053	2291.166	0.2321581	0.001268545	0.001268545	0.0743705	0.0252991	0.169205	0.144249	0.0337909	0.533045	0.0944108	0.4437549	2.637652	41.18987	0.6239678	0.00138185	0.0541426	0.46232	3.48216	0.231825	0.209795	0.300597	0.257783	0.5181254	0.8564624
343	1781.296	-508.8688	2290.164	0.2220556	0.001970826	0.001970826	0.09805787	0.019591	0.218592	0.0668529	0.0220164	0.579222	0.0937261	0.4197762	2.247952	41.1458	0.6239678	0.00105442	0.0473892	0.438743	3.51281	0.215739	0.180584	0.289243	0.314434	0.5178341	0.8106384
344	1783.175	-506.7304	2289.905	0.1948613	0.001960678	0.001960678	0.07642158	0.0187933	0.250407	0.0641309	0.02112	0.555638	0.08991	0.4192808	2.247952	41.38898	0.6239678	0.000442765	0.0308645	0.370114	3.59858	0.207843	0.247084	0.288472	0.256601	0.4957023	0.8458317
345	1782.764	-507.1219	2289.886	0.2083643	0.001955553	0.001955553	0.06846171	0.0245691	0.249946	0.0627117	0.0315112	0.543342	0.0879202	0.4192808	1.905493	41.52494	0.6239678	0.000700837	0.0387359	0.405133	3.55543	0.206672	0.232679	0.305495	0.255154	0.4877425	0.8596355
346	1782.005	-508.2206	2290.226	0.2636452	0.001886576	0.001886576	0.02851111	0.0229135	0.346371	0.0819254	0.0260919	0.449899	0.0727998	0.4202902	1.897242	41.45062	0.6239678	0.00280961	0.0767062	0.529392	3.39109	0.205353	0.231195	0.303545	0.259908	0.4488013	0.9364727
347	1784.36	-507.3342	2291.694	0.2637988	0.001298265	0.001298265	0.02398233	0.0223337	0.337607	0.0798524	0.0254317	0.43756	0.0972154	0.4202902	1.983132	41.00127	0.7480453	0.00281818	0.0768206	0.529696	3.39067	0.202619	0.241428	0.299505	0.256448	0.4442725	0.9460189
348	1777.802	-514.2689	2292.071	0.2628959	0.001291231	0.001291231	0.02206304	0.0182109	0.391739	0.17302	0.0295095	0.274717	0.112803	0.4031701	2.305545	42.20599	0.7480453	0.00276804	0.0761485	0.527904	3.39318	0.217282	0.222275	0.285438	0.275005	0.4252331	0.9481154
349	1781.305	-508.9671	2290.272	0.2520155	0.001282063	0.001282063	0.03290212	0.0161272	0.244129	0.193178	0.0388498	0.376497	0.131219	0.3795439	2.422719	42.94075	0.7480453	0.00220702	0.0681493	0.505717	3.42393	0.225607	0.235682	0.27437	0.264342	0.412446	0.9202268
350	1776.369	-511.3387	2287.708	0.2261392	0.001280372	0.001280372	0.03290212	0.0118328	0.285806	0.172102	0.0346113	0.381761	0.113888	0.3795439	3.055862	42.8338	0.7480453	0.00117966	0.0500845	0.448397	3.50034	0.241648	0.195199	0.268241	0.294912	0.412446	0.9202268
351	1777.016	-509.3043	2286.321	0.2651482	0.001369677	0.001369677	0.01740709	0.0108453	0.243118	0.184752	0.0371554	0.409822	0.114307	0.3850559	2.976435	42.61307	0.7480453	0.00289417	0.0778273	0.532361	3.38692	0.234846	0.209553	0.263384	0.292217	0.402463	0.9567486
352	1777.473	-510.0287	2287.502	0.2714851	0.001411903	0.001411903	-0.01331563	0.0108501	0.240637	0.235838	0.0394058	0.42167	0.0515996	0.4158915	2.90957	42.72159	0.4833128	0.00326772	0.0825873	0.54466	3.36949	0.247157	0.199181	0.258838	0.294824	0.4025759	1.033076
353	1774.868	-511.7976	2286.666	0.2184254	0.001287098	0.001287098	-0.0213946	0.0109006	0.187721	0.236935	0.0395892	0.473014	0.0518397	0.4372989	2.967367	41.63463	0.6454812	0.000950934	0.0450352	0.430018	3.524	0.234122	0.207901	0.260855	0.297122	0.4159043	1.051441
354	1774.365	-512.3186	2286.684	0.5432145	0.001269875	0.001269875	-0.04615563	0.00776658	0.166921	0.315822	0.0319206	0.420602	0.056967	0.4620599	1.970493	41.44703	0.6454812	0.0416504	0.279194	0.849333	2.82982	0.234122	0.207901	0.260855	0.297122	0.4159043	1.110977
355	1774.31	-511.6156	2285.926	0.5440872	0.001268317	0.001268317	0.07152224	0.00708382	0.152247	0.288059	0.0223138	0.472528	0.0577684	0.3399791	1.887906	40.98019	0.6454812	0.0418219	0.279726	0.849874	2.82858	0.21279	0.246203	0.252922	0.288085	0.4115013	0.826192
356	1776.771	-509.659	2286.43	0.5233929	0.001000747	0.001000747	-0.0465535	0.00732471	0.157425	0.297854	0.0230726	0.456993	0.0573305	0.4580186	1.887906	40.64272	0.6454812	0.0378012	0.266913	0.836571	2.85872	0.235546	0.239086	0.24561	0.279757	0.4114651	1.113141
357	1777.947	-507.7067	2285.654	0.5238516	0.001389166	0.001389166	-0.03362848	0.00713044	0.23658	0.233147	0.0224606	0.444872	0.0558099	0.4580186	1.896808	40.88745	0.6454812	0.0378892	0.267202	0.836876	2.85803	0.22842	0.24151	0.2481	0.28197	0.4243902	1.07924
358	1777.754	-509.9148	2287.669	0.7721738	0.001192171	0.001192171	-0.00791012	0.00820183	0.271784	0.212552	0.0493723	0.405574	0.0525162	0.4390818	1.859257	40.09731	0.6454812	0.0896254	0.395685	0.948936	2.56575	0.208456	0.21401	0.226417	0.351117	0.4311716	1.018346
359	1779.505	-509.1765	2288.682	0.8130535	0.001233082	0.001233082	-0.001632098	0.00906328	0.30033	0.127379	0.054558	0.453244	0.0554256	0.4301762	1.718227	40.4657	0.6454812	0.0983332	0.412337	0.960507	2.52882	0.266629	0.19318	0.223248	0.316943	0.4285441	1.003808
360	1778.43	-511.3512	2289.781	0.8130535	0.001403738	0.001403738	-0.01205809	0.00906328	0.30033	0.127379	0.054558	0.453244	0.0554256	0.422845	1.718227	41.19511	0.6590336	0.0983332	0.412337	0.960507	2.52882	0.219793	0.288913	0.211615	0.279679	0.4107869	1.029354
361	1773.68	-512.8517	2286.532	0.80222	0.001466058	0.001466058	-0.04008685	0.00948194	0.314203	0.0951942	0.0489543	0.47418	0.0579858	0.4244548	1.710674	40.27527	0.6590336	0.0960311	0.408026	0.957568	2.53837	0.199976	0.285177	0.208878	0.305969	0.384368	1.104293
362	1776.222	-512.4598	2288.681	0.8009372	0.001466058	0.001466058	-0.04833891	0.00819883	0.321605	0.0753864	0.0501075	0.485351	0.0593518	0.4335203	2.324962	41.00987	0.6590336	0.0957582	0.407511	0.957214	2.53952	0.185307	0.281434	0.231306	0.301953	0.3851814	1.125496
363	1777.117	-511.0837	2288.201	0.7050848	0.0009603647	0.0009603647	-0.06424738	0.00937494	0.367738	0.0862004	0.0572953	0.381433	0.0979578	0.4349209	2.211695	42.5123	0.6590336	0.0752747	0.365919	0.926738	2.63207	0.181003	0.274896	0.249162	0.294939	0.3706736	1.173326
364	1777.68	-512.3785	2290.058	1.039172	0.0009603647	0.0009603647	0.04271373	0.00899588	0.332246	0.173123	0.0517655	0.344619	0.0892498	0.436631	2.21135	40.92055	0.8889445	0.144703	0.488217	1.0062	2.36088	0.226128	0.25975	0.235433	0.278689	0.4793447	0.9108914
365	1777.345	-510.6046	2287.95	1.856431	0.0009887261	0.0009887261	0.02016895	0.00989416	0.215215	0.168873	0.0529762	0.449168	0.103873	0.4504393	2.21135	40.52265	0.8889445	0.275513	0.638823	1.06594	2.01972	0.22476	0.258178	0.24006	0.277002	0.4706082	0.9571428
366	1777.484	-510.4695	2287.954	1.286037	0.001154782	0.001154782	0.01545041	0.0158204	0.252014	0.174968	0.0620344	0.385988	0.109174	0.4623564	2.050896	40.89468	0.8889445	0.190299	0.548581	1.03493	2.22619	0.24072	0.205501	0.257107	0.296672	0.4778068	0.9676639
367	1774.79	-510.4676	2285.257	1.2476	0.001341313	0.001341313	-0.05373282	0.0195418	0.251061	0.174307	0.0617999	0.384529	0.108761	0.4638496	2.21422	40.68181	0.7807251	0.183573	0.540336	1.03138	2.24471	0.236185	0.217502	0.25523	0.291083	0.4101168	1.131018
368	1779.096	-509.5939	2288.69	0.7660315	0.001240886	0.001240886	-0.04459535	0.0201394	0.25874	0.179638	0.0636899	0.396289	0.0815045	0.4609768	2.192717	40.30934	0.7807251	0.088313	0.39309	0.947079	2.57152	0.22964	0.260851	0.238036	0.271473	0.4163815	1.107102
369	1776.377	-512.0864	2288.463	0.6552605	0.001241998	0.001241998	-0.03080969	0.0229939	0.295413	0.205099	0.0727172	0.310721	0.0930567	0.4892857	2.326284	40.75327	0.7807251	0.0646699	0.341633	0.90709	2.68661	0.228595	0.259664	0.241503	0.270238	0.458476	1.0672
370	1770.845	-515.1487	2285.993	0.4729949	0.00123713	0.00123713	0.007290892	0.020533	0.37082	0.183149	0.0649347	0.277466	0.0830974	0.3963502	2.305642	41.66448	0.387611	0.0284984	0.233921	0.799579	2.938	0.220075	0.262993	0.256766	0.260166	0.4036411	0.9819372
371	1774.066	-512.0782	2286.144	0.4738308	0.001234492	0.001234492	-0.005262162	0.0210306	0.379806	0.162729	0.0665082	0.28419	0.0857361	0.4200308	2.29317	40.86305	0.8204748	0.0286461	0.234489	0.800252	2.93661	0.220075	0.262993	0.256766	0.260166	0.4147686	1.012687
372	1775.838	-511.4931	2287.331	0.4792455	0.001674638	0.001674638	-0.01594205	0.0212777	0.341303	0.149582	0.0611347	0.318868	0.107834	0.4300919	2.263341	41.34533	0.8204748	0.0296085	0.238151	0.804559	2.92768	0.204667	0.246648	0.248708	0.299976	0.4141499	1.038493
