Iteration	Posterior	Likelihood	Prior	alpha_seq	branch_rates	branch_rates_mean	diversification	er[1]	er[2]	er[3]	er[4]	er[5]	er[6]	extinction_rate	omega	origin_time	p_inv	rates_seq[1]	rates_seq[2]	rates_seq[3]	rates_seq[4]	sf[1]	sf[2]	sf[3]	sf[4]	speciation_rate	turnover
0	267.6089	-1320.184	1587.793	0.9539925	0.001	0.001	0.38364	0.16049	0.0604598	0.0338746	0.193384	0.287107	0.264685	0.11636	1	66.48395	0.9724419	0.127685	0.462472	0.991938	2.4179	0.323837	0.00832133	0.0175124	0.650329	0.5	0.23272
1	468.0636	-1135.31	1603.374	0.9444427	0.001001954	0.001001954	0.38364	0.19127	0.0926071	0.0421792	0.245478	0.34217	0.0862954	0.11636	1.182321	67.62471	0.6407226	0.12574	0.459391	0.990148	2.42472	0.667533	0.0171529	0.0360986	0.279216	0.5	0.23272
2	648.9471	-1010.825	1659.772	0.9444376	0.001002434	0.001002434	0.2170237	0.124234	0.0883234	0.0402282	0.234124	0.430787	0.0823037	0.11636	1.268567	67.80485	0.6407226	0.125739	0.45939	0.990147	2.42473	0.52722	0.0243921	0.0513336	0.397055	0.3333837	0.3490273
3	683.2349	-987.3105	1670.545	0.9444376	0.0009936735	0.0009936735	0.1973102	0.134531	0.0922424	0.0456606	0.199327	0.466495	0.0617442	0.1363041	1.722488	66.33357	0.6407226	0.125739	0.45939	0.990147	2.42473	0.533198	0.0246687	0.0519157	0.390218	0.3336143	0.4085679
4	736.4732	-931.1381	1667.611	0.9400785	0.001038229	0.001038229	0.2044069	0.0650442	0.100542	0.0308766	0.250114	0.513299	0.0401234	0.1352147	1.717367	67.22001	0.6407226	0.124848	0.457969	0.989315	2.42787	0.380881	0.032718	0.0688557	0.517545	0.3396216	0.3981334
5	792.4082	-880.4806	1672.889	0.8550186	0.001029294	0.001029294	0.1830201	0.0867757	0.105933	0.040353	0.282447	0.432053	0.0524377	0.1413853	1.650819	67.96982	0.6407226	0.107201	0.428377	0.971107	2.49332	0.360425	0.0718337	0.0779933	0.489748	0.3244054	0.4358291
6	913.9534	-773.9379	1687.891	0.5701178	0.001548612	0.001548612	0.1087162	0.0943163	0.115139	0.0438596	0.254147	0.435544	0.0569945	0.2156892	1.626681	69.06507	0.6407226	0.0470093	0.295248	0.865273	2.79247	0.428224	0.161859	0.0926646	0.317252	0.3244054	0.6648755
7	937.8411	-746.4972	1684.338	0.5684915	0.001555716	0.001555716	0.09593634	0.0925678	0.116785	0.0520736	0.249435	0.427469	0.0616697	0.2175206	1.547424	69.53132	0.6407226	0.0466815	0.294297	0.864351	2.79467	0.162725	0.275379	0.125161	0.436735	0.313457	0.693941
8	951.2197	-735.1592	1686.379	0.6002133	0.001521493	0.001521493	0.08536818	0.104367	0.116402	0.0519027	0.248617	0.426066	0.0526456	0.2280888	1.547087	69.84987	0.6407226	0.0531521	0.312391	0.881428	2.75303	0.180798	0.268432	0.125051	0.425718	0.313457	0.7276558
9	967.7223	-723.5572	1691.28	0.6938953	0.001661838	0.001661838	0.05570466	0.137616	0.102158	0.0565133	0.270702	0.358955	0.0740551	0.2381056	1.423636	68.66019	0.6407226	0.0728848	0.360636	0.922585	2.64389	0.165206	0.245283	0.209693	0.379818	0.2938103	0.810406
10	973.7274	-718.4684	1692.196	0.7598335	0.001687345	0.001687345	0.04502342	0.133238	0.130725	0.0547152	0.262089	0.347534	0.0716988	0.2412944	1.423636	68.60094	0.627585	0.0869879	0.390446	0.945172	2.57739	0.262169	0.224029	0.176239	0.337563	0.2863178	0.8427502
11	976.936	-711.7001	1688.636	0.7877621	0.001693745	0.001693745	-0.06581815	0.125261	0.133381	0.06777	0.279456	0.326727	0.0674061	0.3177557	1.474277	68.16651	0.627585	0.0929521	0.40216	0.953505	2.55138	0.233565	0.199586	0.266116	0.300733	0.2519376	1.261248
12	990.8053	-699.0741	1689.879	1.08342	0.001632504	0.001632504	0.03920211	0.0947038	0.112847	0.0606592	0.208987	0.472395	0.0504086	0.2127355	0.8995518	68.05486	0.6571485	0.153292	0.500466	1.01256	2.33369	0.223881	0.195524	0.260701	0.319893	0.2519376	0.8443975
13	987.4422	-700.8019	1688.244	1.033467	0.0011174	0.0011174	0.02197418	0.138822	0.108775	0.0575937	0.198425	0.448522	0.0478612	0.2104889	0.9349876	68.56718	0.6571485	0.143583	0.486585	1.00533	2.3645	0.206159	0.227971	0.271298	0.294572	0.2324631	0.9054724
14	998.4769	-687.1636	1685.64	0.9770952	0.00105974	0.00105974	0.02690114	0.135847	0.114568	0.0696645	0.194173	0.438911	0.0468356	0.2104889	1.097274	67.31638	0.6571485	0.132361	0.469757	0.996099	2.40178	0.216634	0.188744	0.285082	0.309539	0.23739	0.8866796
15	1002.152	-685.6537	1687.806	0.9298073	0.001061562	0.001061562	0.007795475	0.136593	0.114424	0.0707517	0.183186	0.438358	0.0566868	0.2301817	1.005689	67.21806	0.6571485	0.122744	0.454587	0.987321	2.43535	0.198856	0.193028	0.291552	0.316564	0.2379771	0.9672428
16	1003.009	-684.1983	1687.207	0.931449	0.001454065	0.001454065	0.006673481	0.147901	0.115195	0.054101	0.184421	0.441313	0.0570689	0.2301785	0.921374	67.02677	0.6571485	0.123081	0.455131	0.987643	2.43415	0.197628	0.245212	0.244502	0.312658	0.236852	0.9718243
17	996.7708	-687.73	1684.501	0.7993307	0.001526573	0.001526573	0.006673481	0.180914	0.113969	0.0535248	0.158519	0.436613	0.0564611	0.2301785	0.9078967	66.50132	0.6150124	0.0954163	0.406864	0.956769	2.54095	0.205164	0.245149	0.225109	0.324579	0.236852	0.9718243
18	1007.857	-677.0446	1684.902	0.4270506	0.001231117	0.001231117	0.01108065	0.069373	0.110426	0.114244	0.113461	0.53779	0.0547061	0.2324674	0.9095742	67.89286	0.6150124	0.0208025	0.201658	0.758968	3.01857	0.196595	0.221296	0.271087	0.311022	0.243548	0.9545032
19	1010.675	-678.5683	1689.243	0.4287683	0.001238124	0.001238124	0.03232416	0.0727338	0.106803	0.151533	0.109738	0.520146	0.0390462	0.2392454	0.8867789	68.27975	0.6150124	0.021074	0.2029	0.760625	3.0154	0.20405	0.272229	0.252672	0.271048	0.2715696	0.8809728
20	1005.128	-678.8116	1683.939	0.4287683	0.0008607398	0.0008607398	0.02491615	0.0591811	0.11158	0.146903	0.111938	0.53057	0.0398288	0.2392454	0.8013715	69.16537	0.6150124	0.021074	0.2029	0.760625	3.0154	0.222299	0.229184	0.253227	0.295289	0.2641616	0.9056784
21	1004.682	-678.3509	1683.033	0.4383198	0.00085827	0.00085827	0.01570975	0.0672998	0.117574	0.154795	0.117951	0.506782	0.0355976	0.2476533	0.7590621	68.71588	0.6150124	0.0226084	0.209758	0.769628	2.99801	0.2467	0.218196	0.241087	0.294017	0.263363	0.9403494
22	1006.952	-676.5991	1683.551	0.4399765	0.001198802	0.001198802	0.02334025	0.0610658	0.17442	0.146159	0.111371	0.478509	0.0284743	0.2388658	1.174733	69.10334	0.6150124	0.0228786	0.210939	0.771154	2.99503	0.247093	0.216951	0.241471	0.294486	0.262206	0.9109851
23	1009.03	-675.9364	1684.967	0.3927607	0.00126003	0.00126003	0.04001077	0.0610658	0.17442	0.146159	0.111371	0.478509	0.0284743	0.2323463	1.153233	68.4826	0.6150124	0.015684	0.176328	0.723326	3.08466	0.230649	0.202513	0.291951	0.274888	0.2723571	0.8530944
24	1010.334	-674.8891	1685.223	0.3737174	0.001357722	0.001357722	0.03912713	0.0595981	0.199645	0.142646	0.108694	0.467008	0.0224087	0.2332299	1.14981	68.40967	0.6150124	0.0131125	0.161867	0.701198	3.12382	0.222667	0.207906	0.281847	0.28758	0.2723571	0.8563388
25	1013.003	-675.1094	1688.112	0.377422	0.001359634	0.001359634	0.03674357	0.0592685	0.198541	0.130071	0.0623541	0.512144	0.0376206	0.2399927	1.104588	68.40414	0.6150124	0.0135965	0.164699	0.705645	3.11606	0.166885	0.222872	0.302136	0.308107	0.2767362	0.8672253
26	1012.813	-672.6723	1685.485	0.3584817	0.001359634	0.001359634	0.04000738	0.0615528	0.201134	0.13177	0.0486	0.518832	0.0381118	0.2367289	1.146068	68.45675	0.5444732	0.0112084	0.150136	0.682141	3.15652	0.187572	0.2505	0.243212	0.318716	0.2767362	0.8554314
27	1016.765	-667.0784	1683.844	0.3584817	0.001303614	0.001303614	0.0429167	0.0588501	0.192302	0.125984	0.046466	0.49605	0.0803479	0.2333774	1.146068	67.06031	0.5444732	0.0112084	0.150136	0.682141	3.15652	0.18345	0.266973	0.237867	0.311711	0.2762941	0.8446702
28	1011.625	-672.8718	1684.497	0.8091719	0.001757687	0.001757687	0.02565462	0.0570921	0.190571	0.12222	0.045078	0.481232	0.103807	0.2543118	1.089316	66.72549	0.5444732	0.0975089	0.410801	0.959464	2.53223	0.195917	0.195801	0.275388	0.332894	0.2799664	0.9083654
29	1011.861	-671.5798	1683.441	0.7724977	0.001753403	0.001753403	0.08606285	0.056948	0.142618	0.117466	0.0488589	0.521595	0.112514	0.2462375	1.089316	66.78464	0.5444732	0.0896946	0.395821	0.949033	2.56545	0.219437	0.237188	0.272975	0.2704	0.3323003	0.7410088
30	1019.746	-666.4514	1686.198	0.5832976	0.001161573	0.001161573	0.0009174425	0.0665512	0.152945	0.125972	0.0655962	0.468276	0.12066	0.2793994	1.094752	65.91586	0.5596527	0.0496824	0.30286	0.872553	2.77491	0.227988	0.238689	0.274702	0.258621	0.2803168	0.9967271
31	1019.129	-668.5039	1687.632	0.5654975	0.001165955	0.001165955	0.03140947	0.0682854	0.189734	0.129254	0.0579318	0.43099	0.123805	0.2490061	1.094752	67.42338	0.6678253	0.0460792	0.292541	0.862641	2.79874	0.221226	0.261267	0.266555	0.250951	0.2804155	0.8879896
32	1025.032	-666.0609	1691.093	0.6078561	0.000987001	0.000987001	0.03803208	0.0421036	0.21251	0.129848	0.0581978	0.432968	0.124373	0.2585852	1.094533	68.0508	0.5134875	0.0547323	0.316611	0.885275	2.74338	0.225586	0.266417	0.2521	0.255897	0.2966173	0.8717806
33	1025.045	-663.9055	1688.95	0.4147634	0.0009863761	0.0009863761	0.05707747	0.0404291	0.170708	0.124683	0.0558831	0.47806	0.130237	0.2630056	1.041747	68.08916	0.4707901	0.0189006	0.192696	0.746774	3.04163	0.223644	0.272734	0.249929	0.253694	0.3200831	0.8216792
34	1024.915	-663.5432	1688.458	0.4238601	0.000984012	0.000984012	0.01191143	0.0564632	0.175664	0.0837492	0.0553979	0.473909	0.154816	0.2636059	1.089845	68.08186	0.4707901	0.0203017	0.199344	0.755861	3.02449	0.233504	0.240669	0.260948	0.264879	0.2755173	0.956767
35	1023.949	-664.9235	1688.872	0.4272338	0.001010057	0.001010057	0.02320053	0.0527445	0.217576	0.0782334	0.0517494	0.442697	0.156999	0.2864612	0.768955	70.09363	0.6240857	0.0208314	0.201791	0.759145	3.01823	0.252993	0.241015	0.251105	0.254887	0.3096617	0.9250778
36	1023.36	-664.7772	1688.137	0.567131	0.001005114	0.001005114	0.0429886	0.0450595	0.197025	0.0668347	0.0552134	0.501743	0.134124	0.2774355	0.969793	69.75404	0.5043367	0.0464076	0.2935	0.863577	2.79652	0.223818	0.213221	0.264916	0.298045	0.3204241	0.8658384
37	1021.049	-667.1289	1688.178	0.4431303	0.000882123	0.000882123	0.04466546	0.0465856	0.178271	0.0614915	0.0562482	0.518737	0.138667	0.2697225	0.969793	69.34769	0.4400281	0.0233963	0.213179	0.774033	2.98939	0.223818	0.213221	0.264916	0.298045	0.314388	0.8579288
38	1018.313	-668.3564	1686.669	0.492175	0.0008861951	0.0008861951	-0.04231535	0.0563614	0.204534	0.172238	0.0605995	0.390997	0.11527	0.3567033	0.9349395	69.85821	0.5567918	0.0319467	0.246777	0.81449	2.90679	0.240246	0.228871	0.250714	0.280169	0.314388	1.134596
39	1013.617	-672.5764	1686.194	0.4868065	0.0008994903	0.0008994903	-0.04230537	0.0529382	0.192111	0.161776	0.0551132	0.429792	0.108269	0.3576525	0.9646484	68.3566	0.5567918	0.0309692	0.243216	0.810426	2.91539	0.254947	0.189706	0.258034	0.297313	0.3153471	1.134155
40	1019.13	-666.5851	1685.715	0.3333175	0.0009338087	0.0009338087	-0.02381972	0.0582378	0.211344	0.177972	0.0513344	0.437443	0.0636695	0.3416299	0.9646484	67.03644	0.5567918	0.00838305	0.13054	0.647738	3.21334	0.205301	0.202347	0.275228	0.317124	0.3178102	1.074949
41	1033.186	-655.0614	1688.248	0.3433478	0.0009942532	0.0009942532	0.06012825	0.0841599	0.178104	0.17604	0.050777	0.432693	0.0782256	0.2491362	0.9663824	65.21235	0.5567918	0.00946001	0.138375	0.661911	3.19025	0.208832	0.205826	0.281649	0.303693	0.3092645	0.8055766
42	1035.015	-653.9941	1689.009	0.3925009	0.000951568	0.000951568	0.0168271	0.0841599	0.178104	0.17604	0.050777	0.432693	0.0782256	0.2490709	0.9785306	64.53388	0.5567918	0.0156476	0.176132	0.723037	3.08518	0.217794	0.21466	0.293737	0.273809	0.265898	0.9367159
43	1031.338	-657.0593	1688.397	0.39373	0.0009790909	0.0009790909	0.0005010364	0.0793466	0.167918	0.165971	0.052111	0.45236	0.082293	0.2601757	0.9785306	64.73281	0.5567918	0.0158203	0.177057	0.724406	3.08272	0.149538	0.233391	0.319368	0.297702	0.2606768	0.9980779
44	1030.174	-655.1977	1685.371	0.6935077	0.0009331175	0.0009331175	-0.006023713	0.0766881	0.248685	0.147097	0.0461848	0.400917	0.0804284	0.2310361	0.9713932	65.61389	0.5567918	0.0728021	0.360451	0.922439	2.64431	0.153281	0.264861	0.301144	0.280714	0.2250124	1.026771
45	1033.457	-650.8194	1684.276	0.7293078	0.0009255606	0.0009255606	-0.01489513	0.0566887	0.265529	0.15706	0.049313	0.383092	0.0883171	0.2362988	0.9700854	65.43923	0.5567918	0.0804562	0.377036	0.935263	2.60724	0.193733	0.278371	0.232864	0.295032	0.2214037	1.067276
46	1043.082	-647.6217	1690.703	0.7491487	0.0009255606	0.0009255606	0.02942601	0.0574833	0.1948	0.159261	0.0394314	0.459469	0.0895549	0.2548711	0.9661516	64.65891	0.4763601	0.0847024	0.385826	0.941804	2.58767	0.193733	0.278371	0.232864	0.295032	0.2842971	0.8964956
47	1035.907	-651.2042	1687.111	1.192054	0.00088311	0.00088311	-0.0243035	0.0483299	0.190682	0.155895	0.0385979	0.478834	0.0876619	0.3079836	0.8580833	65.13877	0.4763601	0.17361	0.527739	1.02574	2.27291	0.204867	0.294368	0.246246	0.25452	0.2836801	1.085672
48	1037.036	-649.6056	1686.642	1.193421	0.000881733	0.000881733	-0.01939679	0.0491009	0.193724	0.158381	0.0486448	0.486472	0.0636765	0.3079836	0.8905803	64.60088	0.4763601	0.173859	0.528059	1.02589	2.2722	0.205266	0.292992	0.246726	0.255016	0.2885868	1.067213
49	1035.354	-650.6739	1686.028	1.22972	0.0009145048	0.0009145048	0.003418054	0.0650596	0.227166	0.193276	0.0570421	0.382787	0.0746687	0.2971721	0.8917147	65.35756	0.4763601	0.180397	0.536372	1.02964	2.25359	0.202952	0.289689	0.243944	0.263414	0.3005902	0.9886289
50	1031.953	-653.0032	1684.956	1.663447	0.0008792049	0.0008792049	0.00452343	0.0650596	0.227166	0.193276	0.0570421	0.382787	0.0746687	0.2859418	0.8821934	65.24259	0.4763601	0.249503	0.613679	1.05873	2.07808	0.203039	0.289813	0.252109	0.255039	0.2904652	0.9844269
51	1035.843	-651.0564	1686.9	1.52153	0.0009217528	0.0009217528	0.02454831	0.0666292	0.174717	0.148652	0.0465075	0.476732	0.0867636	0.2859418	0.8881086	66.09474	0.5614276	0.228629	0.592101	1.05166	2.12761	0.221617	0.271741	0.251858	0.254784	0.3104901	0.9209369
52	1033.949	-653.7844	1687.733	1.493678	0.0009709605	0.0009709605	0.03451458	0.0677902	0.177761	0.146393	0.0347415	0.485039	0.0882755	0.2849422	0.8482959	67.39082	0.5614276	0.224344	0.587501	1.05005	2.13811	0.21833	0.282542	0.248122	0.251005	0.3194568	0.8919585
53	1034.771	-650.6141	1685.386	1.623605	0.0009804493	0.0009804493	-0.00241595	0.0703094	0.184367	0.151833	0.0360325	0.503064	0.0543942	0.3268185	0.8451531	66.11203	0.5614276	0.243801	0.607916	1.05693	2.09136	0.2288	0.241451	0.260021	0.269728	0.3244026	1.007447
54	1040.787	-645.9794	1686.766	1.179968	0.0009158814	0.0009158814	-0.007357548	0.0663246	0.15684	0.16623	0.0385658	0.538432	0.0336082	0.3317601	0.8489676	66.35031	0.5614276	0.171404	0.524884	1.02442	2.27929	0.221404	0.240489	0.269453	0.268654	0.3244026	1.02268
55	1044.304	-644.9195	1689.223	0.8678975	0.0009013448	0.0009013448	0.02135883	0.078095	0.217532	0.152981	0.04541	0.46641	0.0395726	0.313338	0.774165	67.35563	0.5614276	0.109903	0.433099	0.974128	2.48287	0.219532	0.238455	0.27563	0.266382	0.3346968	0.9361846
56	1044.726	-645.7973	1690.523	0.8331231	0.0006848661	0.0006848661	0.03056564	0.0774243	0.215663	0.151667	0.04502	0.462404	0.0478208	0.3114752	0.7729837	67.07739	0.5614276	0.102585	0.420135	0.965727	2.51155	0.221848	0.231636	0.278539	0.267977	0.3420408	0.9106375
57	1043.532	-645.0601	1688.592	0.4563224	0.0006483164	0.0006483164	0.0176715	0.0604513	0.191269	0.0982517	0.0351507	0.57754	0.0373375	0.3251812	0.7791169	67.13505	0.5614276	0.025607	0.222449	0.785688	2.96626	0.221848	0.231636	0.278539	0.267977	0.3428527	0.9484575
58	1040.975	-648.1672	1689.142	0.4558241	0.000629124	0.000629124	0.0332021	0.0608095	0.186478	0.0988338	0.0353589	0.580961	0.0375587	0.3109009	0.719627	65.72038	0.08151267	0.0255222	0.222102	0.785259	2.96712	0.250381	0.210026	0.278751	0.260841	0.344103	0.9035112
59	1036.742	-648.7814	1685.523	0.432122	0.0006109846	0.0006109846	0.04250194	0.0516464	0.174765	0.101575	0.0363396	0.597073	0.0386004	0.3016011	0.759139	65.64912	0.1829841	0.0216081	0.205318	0.763825	3.00925	0.245683	0.213877	0.25067	0.28977	0.344103	0.8764848
60	1041.622	-646.0454	1687.667	0.432122	0.0009820475	0.0009820475	0.0346639	0.0522534	0.176819	0.102769	0.0367666	0.609492	0.0219002	0.3184478	0.7721609	64.68278	0.5828896	0.0216081	0.205318	0.763825	3.00925	0.1886	0.230063	0.269639	0.311698	0.3531117	0.9018331
61	1046.863	-642.1575	1689.02	0.4763436	0.0009740595	0.0009740595	0.03191989	0.0893549	0.178714	0.0745094	0.064352	0.572499	0.0205709	0.3176079	0.8008881	64.50992	0.5828896	0.0290914	0.236192	0.802262	2.93246	0.190984	0.227168	0.266247	0.3156	0.3495278	0.9086771
62	1047.405	-638.6704	1686.075	0.7708197	0.0009875188	0.0009875188	0.03139976	0.08487	0.169744	0.120961	0.0611221	0.543764	0.0195385	0.318128	0.7636333	64.55839	0.5828896	0.0893361	0.395115	0.948529	2.56702	0.193905	0.230643	0.28364	0.291811	0.3495278	0.9101652
63	1046.571	-644.6335	1691.205	0.5588895	0.0009875188	0.0009875188	0.03357225	0.0955414	0.0914084	0.13617	0.0676601	0.587225	0.0219952	0.318128	0.7846582	65.03448	0.5828896	0.0447557	0.288633	0.858803	2.80781	0.192439	0.209897	0.30806	0.289604	0.3517003	0.904543
64	1047.076	-643.8201	1690.896	0.6082039	0.0006232693	0.0006232693	0.06275637	0.0960533	0.114083	0.111382	0.0659977	0.590371	0.022113	0.3063954	0.7667009	65.05322	0.5828896	0.0548044	0.316802	0.885447	2.74295	0.234067	0.209719	0.307799	0.248415	0.3691517	0.8299984
65	1054.063	-641.2754	1695.338	0.6614094	0.0006243741	0.0006243741	0.02984994	0.0931746	0.127757	0.123672	0.0612692	0.572677	0.0214503	0.3063954	0.9022343	64.49784	0.5909813	0.0659722	0.344738	0.909683	2.67961	0.2195	0.258901	0.288644	0.232956	0.3362453	0.9112257
66	1052.063	-640.322	1692.385	0.6620084	0.0005961533	0.0005961533	0.06328388	0.0959249	0.119312	0.119207	0.099769	0.552002	0.013785	0.3180518	0.9331432	66.0415	0.510371	0.0660992	0.345039	0.909933	2.67893	0.228107	0.22984	0.299963	0.242091	0.3813357	0.8340468
67	1055.699	-640.6085	1696.308	0.6593285	0.0005961533	0.0005961533	0.06898378	0.0539526	0.153738	0.153603	0.128556	0.492388	0.0177624	0.3169675	0.9363173	67.27607	0.510371	0.0655312	0.343691	0.908811	2.68197	0.228377	0.229759	0.299858	0.242006	0.3859512	0.821263
68	1056.939	-639.0171	1695.956	0.6593285	0.0006759105	0.0006759105	-0.01503785	0.0781036	0.187081	0.142457	0.119227	0.456658	0.0164735	0.4009891	1.031429	69.03984	0.1731332	0.0655312	0.343691	0.908811	2.68197	0.186306	0.223021	0.299058	0.291615	0.3859512	1.038963
69	1060.589	-638.0165	1698.606	0.3692948	0.0009650237	0.0009650237	0.01748966	0.0513694	0.187086	0.18684	0.130061	0.42817	0.016474	0.4061067	0.9937276	69.43589	0.3679884	0.0125453	0.158475	0.695795	3.13318	0.186306	0.223021	0.299058	0.291615	0.4235964	0.9587115
70	1060.762	-636.6663	1697.428	0.369395	0.001034923	0.001034923	0.01917931	0.0470865	0.143009	0.223759	0.0995596	0.472103	0.0144829	0.4061067	0.7649614	70.14384	0.3679884	0.012558	0.158552	0.695919	3.13297	0.228826	0.211367	0.283431	0.276376	0.425286	0.9549026
71	1060.668	-635.184	1695.852	0.5846205	0.001077319	0.001077319	0.01809177	0.0519764	0.157861	0.143146	0.109899	0.521131	0.015987	0.4071943	0.7649614	70.74227	0.3679884	0.0499523	0.303615	0.873265	2.77317	0.228826	0.211367	0.283431	0.276376	0.425286	0.9574598
72	1057.244	-636.2455	1693.49	0.7599463	0.001039499	0.001039499	0.007458427	0.0513043	0.228513	0.141295	0.0487144	0.514392	0.0157803	0.3956274	0.7103395	70.76695	0.3679884	0.0870121	0.390494	0.945207	2.57729	0.226619	0.209328	0.290343	0.27371	0.4030858	0.9814967
73	1055.85	-635.9089	1691.759	0.7944891	0.000990853	0.000990853	0.0176614	0.0643153	0.226099	0.132827	0.0783596	0.483565	0.0148346	0.3864731	0.9554147	69.95836	0.3679884	0.0943855	0.404906	0.955416	2.54529	0.237252	0.219149	0.257047	0.286552	0.4041345	0.9562982
74	1047.096	-642.4427	1689.539	1.75773	0.0007516181	0.0007516181	0.05391382	0.0703295	0.247241	0.145248	0.212893	0.308107	0.016182	0.3489734	0.950589	70.14951	0.3679884	0.262534	0.626502	1.06255	2.04841	0.236904	0.220293	0.25667	0.286132	0.4028872	0.8661813
75	1051.529	-639.2961	1690.825	1.752665	0.0007976225	0.0007976225	0.07628322	0.0588648	0.224458	0.133253	0.178188	0.391691	0.0135441	0.326604	0.9459272	70.10597	0.3679884	0.26185	0.625841	1.06236	2.04995	0.204003	0.255577	0.255544	0.284876	0.4028872	0.8106586
76	1052.298	-638.3002	1690.598	1.752665	0.0007487753	0.0007487753	0.06979935	0.0691472	0.234411	0.139162	0.129291	0.409059	0.0189299	0.3299978	0.9459272	69.52149	0.3679884	0.26185	0.625841	1.06236	2.04995	0.221938	0.278047	0.229677	0.270338	0.3997971	0.8254131
77	1055.481	-636.3424	1691.823	1.406746	0.0007541878	0.0007541878	0.04600222	0.0898118	0.286902	0.0848578	0.120406	0.38095	0.0370723	0.3413316	0.8702541	69.56195	0.3679884	0.210551	0.572261	1.04444	2.17275	0.219956	0.267656	0.229775	0.282613	0.3873339	0.8812337
78	1054.924	-635.9156	1690.84	1.024079	0.0008246817	0.0008246817	0.04281327	0.0570631	0.296384	0.0903316	0.124385	0.393539	0.0382974	0.3413316	0.8743976	70.6915	0.3679884	0.141733	0.483872	1.00388	2.37052	0.244021	0.187532	0.254914	0.313533	0.3841449	0.8885492
79	1049.861	-637.0081	1686.869	1.521839	0.000658828	0.000658828	0.06238736	0.0536207	0.278504	0.122391	0.116882	0.378892	0.0497105	0.3242657	0.789813	70.22748	0.3509097	0.228677	0.592152	1.05168	2.12749	0.191228	0.215156	0.266201	0.327415	0.386653	0.8386477
80	1047.213	-642.4063	1689.619	1.116509	0.0009414687	0.0009414687	0.06345076	0.0703889	0.379535	0.100803	0.0962663	0.312063	0.0409426	0.3232023	0.789813	69.44142	0.7248258	0.159597	0.509173	1.01691	2.31432	0.23991	0.203161	0.247767	0.309162	0.386653	0.8358974
81	1051.519	-639.4213	1690.941	1.553853	0.0008756181	0.0008756181	0.03811139	0.0722983	0.315612	0.13891	0.132658	0.284102	0.0564201	0.3362658	0.7929342	69.54479	0.6133864	0.233523	0.597282	1.05343	2.11576	0.23991	0.203161	0.247767	0.309162	0.3743772	0.8982005
82	1050.288	-640.6112	1690.899	2.459559	0.001028224	0.001028224	0.02102127	0.0610063	0.358704	0.166738	0.126778	0.239729	0.0470443	0.3510208	0.7917474	68.9976	0.6133864	0.342589	0.696406	1.07815	1.88285	0.199571	0.217918	0.250893	0.331618	0.372042	0.9434976
83	1047.912	-642.4264	1690.338	3.148711	0.000997054	0.000997054	0.02282425	0.078695	0.240598	0.215084	0.131957	0.309238	0.0244283	0.3510208	0.8232349	68.09231	0.6133864	0.400449	0.739443	1.08316	1.77695	0.199571	0.217918	0.250893	0.331618	0.373845	0.9389473
84	1053.246	-636.4544	1689.7	3.016394	0.0009940847	0.0009940847	-0.001968882	0.0570736	0.207991	0.144694	0.0874467	0.477623	0.0251723	0.3610099	0.7762588	69.14119	0.5994255	0.390526	0.732432	1.0826	1.79445	0.183241	0.222674	0.293479	0.300607	0.359041	1.005484
85	1050.023	-637.0009	1687.024	4.705702	0.0009956947	0.0009956947	-0.01171553	0.0538016	0.222186	0.0700236	0.0868941	0.540204	0.0268903	0.3647955	0.8141201	69.23729	0.5451631	0.489376	0.796549	1.08377	1.6303	0.191279	0.220482	0.29059	0.297649	0.35308	1.033181
86	1046.597	-639.1221	1685.719	5.550004	0.001257184	0.001257184	0.03621005	0.0697964	0.215	0.0823671	0.0840837	0.522732	0.0260206	0.3634721	0.8120623	69.81108	0.5451631	0.523433	0.816049	1.08224	1.57828	0.216899	0.202162	0.251021	0.329918	0.3996822	0.9094029
87	1042.646	-639.3882	1682.034	5.383621	0.0006646014	0.0006646014	-0.005593234	0.0714513	0.220098	0.08432	0.0632569	0.535126	0.0257475	0.3984765	0.7950055	70.61702	0.5451631	0.51727	0.812607	1.08258	1.58754	0.199982	0.215228	0.280605	0.304185	0.3928833	1.014236
88	1045.933	-636.7719	1682.705	5.485333	0.0006607871	0.0006607871	0.007605946	0.102174	0.268413	0.10283	0.0434376	0.451747	0.0313995	0.3841985	0.7700041	69.86406	0.5451631	0.521066	0.814732	1.08237	1.58183	0.205144	0.220785	0.262034	0.312038	0.3918044	0.9805874
89	1043.608	-640.3538	1683.962	3.79223	0.0005498735	0.0005498735	0.01208973	0.0924089	0.23907	0.106211	0.0478336	0.466601	0.047875	0.3827979	0.7986559	69.46548	0.5150804	0.442571	0.767703	1.08437	1.70535	0.208552	0.20784	0.266387	0.317221	0.3948876	0.9693844
90	1042.263	-641.13	1683.393	3.629638	0.0005498735	0.0005498735	-0.0001406281	0.0640599	0.253715	0.112717	0.0507636	0.495183	0.0235618	0.3827979	0.8278548	69.53372	0.5150804	0.432782	0.761342	1.08425	1.72163	0.235011	0.216951	0.250151	0.297887	0.3826573	1.000368
91	1045.865	-639.1742	1685.039	2.712354	0.0009053082	0.0009053082	0.004468164	0.0707505	0.175771	0.124489	0.0560655	0.546901	0.0260226	0.3827979	0.8278548	69.51661	0.6394511	0.365708	0.714246	1.08067	1.83937	0.249114	0.22997	0.265163	0.255752	0.3872661	0.9884623
92	1042.842	-640.9859	1683.828	2.7553	0.001046727	0.001046727	0.01173505	0.122465	0.204485	0.144826	0.0652245	0.427465	0.0355347	0.3766742	0.8448928	69.49056	0.6394511	0.369399	0.717012	1.08101	1.83258	0.198408	0.268364	0.27143	0.261797	0.3884093	0.9697869
93	1038.355	-647.0536	1685.409	2.891758	0.0008629369	0.0008629369	0.01009916	0.110925	0.185218	0.13118	0.160269	0.387187	0.0252212	0.3782157	0.8451612	69.14286	0.6321125	0.380711	0.725353	1.08193	1.81201	0.233796	0.262701	0.247231	0.256272	0.3883149	0.9739924
94	1039.398	-648.8638	1688.262	3.273085	0.0005257513	0.0005257513	0.01828506	0.0743266	0.191951	0.135949	0.128317	0.454117	0.0153395	0.3782157	0.8451612	68.51057	0.6321125	0.409344	0.745609	1.08357	1.76148	0.221514	0.2489	0.279658	0.249928	0.3965008	0.9538839
95	1038.847	-646.779	1685.626	3.447558	0.0007673477	0.0007673477	0.0204729	0.059065	0.188485	0.165025	0.125999	0.445916	0.0155108	0.3763824	0.8607252	68.46532	0.4008512	0.421173	0.75364	1.08398	1.7412	0.197072	0.221437	0.277453	0.304038	0.3968553	0.9484122
96	1038.515	-648.2293	1686.744	2.137497	0.0008405155	0.0008405155	0.02499746	0.060858	0.188126	0.16471	0.125759	0.445066	0.0154812	0.3963889	0.8631144	68.30971	0.7699495	0.309153	0.668881	1.07308	1.94889	0.202035	0.227013	0.259258	0.311694	0.4213863	0.940678
97	1040.039	-647.8219	1687.86	2.474051	0.0008562437	0.0008562437	-0.002676708	0.0488665	0.151057	0.137035	0.121197	0.533596	0.00824766	0.4078494	0.6570799	67.60751	0.7699495	0.343983	0.697508	1.07833	1.88018	0.202035	0.227013	0.259258	0.311694	0.4051727	1.006606
98	1035.228	-650.9053	1686.133	2.469895	0.0008408081	0.0008408081	0.03164525	0.0441105	0.136355	0.0812822	0.125412	0.607135	0.00570509	0.4070916	0.6858858	67.91261	0.7699495	0.343584	0.697193	1.07828	1.88095	0.186007	0.230891	0.263686	0.319416	0.4387369	0.9278719
99	1037.982	-646.7917	1684.774	2.482874	0.0008897728	0.0008897728	0.02459852	0.0455704	0.168793	0.0839723	0.0686251	0.627228	0.00581094	0.4155748	0.6882351	67.62262	0.5391676	0.344827	0.698173	1.07843	1.87857	0.204935	0.230032	0.290519	0.274513	0.4401733	0.9441163
100	1036.648	-653.4531	1690.101	2.486813	0.0008596463	0.0008596463	0.01938372	0.0349882	0.122864	0.104663	0.0437769	0.68734	0.00636785	0.4207896	0.7195395	67.55945	0.4037312	0.345203	0.698469	1.07848	1.87785	0.254126	0.246695	0.243586	0.255593	0.4401733	0.9559634
101	1035.873	-652.9032	1688.777	2.504045	0.0008596463	0.0008596463	0.03156513	0.0506288	0.160793	0.15145	0.0633463	0.564317	0.0094651	0.415935	0.6736084	67.65889	0.4037312	0.34684	0.699755	1.07867	1.87473	0.260717	0.253093	0.246701	0.239489	0.4475002	0.9294634
102	1035.134	-652.627	1687.761	1.448798	0.0008199291	0.0008199291	-0.001763693	0.0392592	0.237826	0.229973	0.0491208	0.43759	0.00623106	0.4171263	0.647497	67.36987	0.4823011	0.217303	0.579806	1.04727	2.15562	0.257675	0.259251	0.237757	0.245317	0.4153626	1.004246
103	1038.694	-650.4929	1689.187	0.9442225	0.0008235478	0.0008235478	0.002456498	0.046334	0.280683	0.158788	0.0810894	0.425751	0.00735393	0.4126708	0.6493707	66.38125	0.4823011	0.125695	0.45932	0.990106	2.42488	0.194778	0.261171	0.296917	0.247133	0.4151273	0.9940825
104	1037.217	-648.4599	1685.677	0.8873017	0.0007503896	0.0007503896	0.05538839	0.0462824	0.280371	0.158611	0.0809991	0.425277	0.00845903	0.4126708	0.8413895	66.20509	0.4823011	0.113956	0.440045	0.978491	2.46751	0.215913	0.215271	0.302481	0.266335	0.4680592	0.8816637
105	1040.575	-644.1903	1684.765	0.9528928	0.0007518613	0.0007518613	0.0604642	0.0464017	0.281094	0.15902	0.0812079	0.423796	0.00848083	0.4092528	0.8453764	65.96716	0.2381554	0.127462	0.46212	0.991734	2.41868	0.229084	0.228403	0.259931	0.282582	0.469717	0.8712753
106	1037.031	-648.1209	1685.152	0.9961394	0.0006877517	0.0006877517	0.04562811	0.0491785	0.267231	0.151178	0.105166	0.419185	0.00806257	0.4248098	0.9276932	64.93505	0.454572	0.136183	0.475588	0.999357	2.38887	0.24597	0.245239	0.205379	0.303411	0.4704379	0.9030093
107	1037.199	-648.2784	1685.477	1.04416	0.0007101407	0.0007101407	0.07288387	0.112647	0.313133	0.177146	0.125391	0.262235	0.00944749	0.4049367	0.8960897	65.7595	0.454572	0.14568	0.489634	1.00695	2.35774	0.215882	0.271902	0.245919	0.266297	0.4778205	0.847466
108	1043.502	-643.1926	1686.694	0.8613722	0.0007210179	0.0007210179	0.03427519	0.105407	0.224441	0.16576	0.0945941	0.400957	0.00884028	0.4296591	0.8960897	66.28792	0.416345	0.108535	0.430717	0.97261	2.48814	0.179882	0.22656	0.289573	0.303985	0.4639343	0.9261206
109	1041.971	-644.2947	1686.265	0.9850745	0.0006933954	0.0006933954	0.03258998	0.109248	0.232619	0.1718	0.0624374	0.415567	0.0083294	0.4277231	0.8960897	66.09674	0.416345	0.133966	0.472219	0.997482	2.39633	0.21729	0.195353	0.265731	0.321626	0.4603131	0.9292004
110	1046.492	-648.0107	1694.503	1.06333	0.0007399954	0.0007399954	0.03760075	0.119511	0.220496	0.162846	0.0591835	0.430068	0.00789531	0.4256835	0.8960897	66.07961	0.416345	0.149414	0.494993	1.00975	2.34584	0.205325	0.184596	0.306165	0.303915	0.4632842	0.9188387
111	1046.614	-645.4348	1692.049	0.6646948	0.0007707956	0.0007707956	0.05544808	0.119519	0.22051	0.162857	0.0595485	0.430095	0.00747052	0.4026503	0.7956979	65.27914	0.6807174	0.066669	0.346385	0.911048	2.6759	0.177026	0.199553	0.330973	0.292448	0.4580984	0.8789603
112	1049.017	-645.8691	1694.887	0.6028788	0.0007707956	0.0007707956	0.05638135	0.116806	0.219133	0.161839	0.0677932	0.427408	0.00702002	0.4017171	0.8165207	65.24887	0.6807174	0.0537024	0.313869	0.882781	2.74965	0.199287	0.224647	0.246843	0.329223	0.4580984	0.8769231
113	1052.861	-643.7781	1696.639	0.8641711	0.0007707956	0.0007707956	0.0450133	0.119614	0.200362	0.16573	0.0694228	0.437682	0.00718877	0.4049526	0.8142911	65.26441	0.6807174	0.109122	0.431742	0.973264	2.48587	0.201447	0.224041	0.246177	0.328335	0.4499659	0.8999629
114	1053.905	-642.0818	1695.987	1.740964	0.001038774	0.001038774	0.05385504	0.106454	0.157078	0.156808	0.125394	0.446699	0.00756776	0.410599	0.8747659	64.50669	0.6807174	0.260263	0.624301	1.06192	2.05352	0.199056	0.233252	0.243255	0.324437	0.464454	0.8840466
115	1048.609	-645.8128	1694.421	1.54104	0.00106338	0.00106338	0.01506396	0.100828	0.148777	0.202653	0.118768	0.423094	0.0058801	0.4233637	0.830143	65.27913	0.6807174	0.231593	0.595248	1.05274	2.12042	0.199056	0.233252	0.243255	0.324437	0.4384276	0.965641
116	1048.025	-641.2643	1689.289	1.955243	0.001065045	0.001065045	0.02694608	0.0702216	0.11367	0.144249	0.0907417	0.576625	0.00449255	0.4181859	0.830143	64.62383	0.6807174	0.287873	0.650168	1.06883	1.99313	0.199056	0.233252	0.243255	0.324437	0.4451319	0.939465
117	1045.935	-641.5053	1687.441	1.591406	0.0008667202	0.0008667202	0.02694608	0.0478931	0.0923012	0.117132	0.0736832	0.664579	0.00441162	0.4181859	0.9318553	65.78106	0.6807174	0.239104	0.603096	1.05537	2.10243	0.24525	0.224414	0.274665	0.255671	0.4451319	0.939465
118	1047.584	-642.1699	1689.754	1.134487	0.001157559	0.001157559	-0.008776414	0.074955	0.144456	0.183317	0.0785031	0.507486	0.0112829	0.4516936	0.7509692	65.26737	0.6807174	0.16298	0.513752	1.01914	2.30412	0.240127	0.240616	0.268927	0.25033	0.4429172	1.019815
119	1051.382	-640.2742	1691.656	1.061932	0.001159403	0.001159403	-0.009695631	0.050722	0.0977532	0.124051	0.053123	0.665072	0.00927957	0.4623019	0.7509692	65.53764	0.6807174	0.149143	0.494607	1.00955	2.3467	0.20307	0.247957	0.291005	0.257967	0.4526063	1.021422
120	1051.096	-640.4396	1691.535	1.059724	0.001159403	0.001159403	-0.009439963	0.0821682	0.158357	0.202088	0.0860578	0.463412	0.00791728	0.4814603	0.6853919	66.07255	0.6807174	0.148714	0.493995	1.00923	2.34806	0.180236	0.257622	0.258283	0.30386	0.4720203	1.019999
121	1050.018	-645.0898	1695.108	1.041507	0.001159589	0.001159589	0.005744821	0.0680701	0.103283	0.220494	0.093896	0.505619	0.00863839	0.4944098	0.7002527	65.55244	0.6807174	0.145161	0.488882	1.00655	2.35941	0.230038	0.210011	0.312247	0.247704	0.5001547	0.9885139
122	1053.395	-644.3683	1697.763	1.107914	0.001194439	0.001194439	0.01917111	0.0646683	0.13757	0.209475	0.093091	0.480351	0.0148452	0.4724371	0.7002527	65.09656	0.7136976	0.157969	0.506947	1.01581	2.31928	0.241899	0.220839	0.276785	0.260476	0.4916082	0.9610033
123	1051.126	-643.6144	1694.74	2.596861	0.001235483	0.001235483	-0.01479088	0.0634235	0.134922	0.205442	0.10958	0.471105	0.0155277	0.5071632	0.6712144	65.00519	0.7136976	0.355452	0.706444	1.07965	1.85846	0.247353	0.203271	0.283026	0.26635	0.4923724	1.03004
124	1049.834	-642.3543	1692.189	3.735962	0.001229631	0.001229631	-0.01302203	0.0620298	0.131957	0.227315	0.107172	0.456339	0.0151865	0.5055466	0.6656181	65.05584	0.7136976	0.439242	0.765553	1.08434	1.71086	0.224603	0.225238	0.28343	0.266729	0.4925246	1.026439
125	1048.122	-645.3768	1693.498	2.475098	0.001240399	0.001240399	-0.01051525	0.0575246	0.120411	0.293183	0.0977947	0.416411	0.0146753	0.50504	0.6656181	64.6858	0.7136976	0.344083	0.697587	1.07834	1.87999	0.218203	0.23209	0.290577	0.259129	0.4945247	1.021263
126	1050.621	-645.7306	1696.352	2.180646	0.00126514	0.00126514	0.006376674	0.0548646	0.161084	0.279627	0.0932727	0.397156	0.0139967	0.4881481	0.8229913	65.03453	0.6584257	0.313925	0.672944	1.07392	1.93921	0.21925	0.228408	0.291971	0.260372	0.4945247	0.9871055
127	1053.39	-644.5044	1697.894	2.779599	0.001327929	0.001327929	0.02161381	0.0549517	0.161339	0.28007	0.0934207	0.397786	0.0124313	0.4883668	0.8229913	64.78235	0.6584257	0.371458	0.718546	1.08119	1.82881	0.21925	0.228408	0.291971	0.260372	0.5099806	0.9576184
128	1048.283	-649.0114	1697.294	2.536884	0.001448023	0.001448023	0.004714064	0.0564281	0.22267	0.287595	0.0959307	0.32461	0.0127653	0.4991861	0.5898041	65.17073	0.6584257	0.349926	0.702167	1.07903	1.86887	0.166242	0.221865	0.283607	0.328287	0.5039002	0.9906448
129	1049.88	-647.543	1697.423	1.760774	0.001687991	0.001687991	0.009619188	0.041855	0.0825062	0.107109	0.0552972	0.705758	0.0074753	0.4998264	0.5898041	64.82016	0.6584257	0.262944	0.626898	1.06266	2.04749	0.254153	0.210297	0.224379	0.311171	0.5094456	0.9811183
130	1049.397	-649.1841	1698.581	1.690432	0.001681857	0.001681857	0.03142464	0.019982	0.0830732	0.107845	0.0710428	0.710607	0.00745055	0.4827971	0.7077026	64.52952	0.7970259	0.253299	0.617463	1.05989	2.06935	0.243122	0.244572	0.214641	0.297665	0.5142217	0.9388889
131	1051.284	-647.7467	1699.031	1.637721	0.001563187	0.001563187	0.03449759	0.0187552	0.150797	0.0772929	0.0791819	0.666979	0.00699312	0.4838387	0.6975686	64.76012	0.7970259	0.245835	0.609983	1.05758	2.0866	0.228142	0.244327	0.229521	0.29801	0.5183363	0.9334455
132	1051.443	-645.2644	1696.707	2.126157	0.0009065118	0.0009065118	0.02948192	0.0295982	0.192896	0.0767573	0.101287	0.589153	0.0103076	0.4687571	0.6987123	65.30258	0.7970259	0.307883	0.667792	1.07285	1.95148	0.234813	0.196876	0.265491	0.302819	0.498239	0.9408278
133	1050.053	-646.2652	1696.318	2.462523	0.0009937504	0.0009937504	0.009102987	0.0418594	0.24154	0.078391	0.103443	0.523728	0.0110377	0.4904655	0.782452	65.06769	0.653299	0.342874	0.696632	1.07819	1.8823	0.221362	0.268023	0.260196	0.250419	0.4995685	0.9817783
134	1053.489	-643.4092	1696.898	2.460049	0.0009617461	0.0009617461	-0.007153243	0.0411266	0.206782	0.0822386	0.108521	0.549434	0.0118981	0.4904655	0.756765	64.84936	0.653299	0.342636	0.696443	1.07816	1.88276	0.198971	0.240913	0.257775	0.302341	0.4833123	1.0148
135	1048.826	-644.3786	1693.205	3.14192	0.0009569115	0.0009569115	-0.007095315	0.0436537	0.226379	0.0876768	0.118805	0.510461	0.0130256	0.4904076	0.82298	65.22857	0.653299	0.399951	0.739095	1.08313	1.77782	0.23134	0.270008	0.242295	0.256358	0.4833123	1.014681
136	1047.18	-643.7439	1690.924	3.271036	0.0009569115	0.0009569115	-0.01881331	0.0511382	0.218742	0.0892493	0.107995	0.519616	0.0132592	0.5005115	0.7857659	64.74785	0.653299	0.4092	0.74551	1.08356	1.76173	0.251159	0.207466	0.263053	0.278321	0.4816982	1.039056
137	1042.106	-645.4313	1687.537	3.277836	0.0008209233	0.0008209233	0.08271154	0.0547517	0.234199	0.0955558	0.115626	0.490011	0.00985654	0.5012996	0.7942625	65.1288	0.7070276	0.409676	0.745837	1.08358	1.76091	0.237499	0.241595	0.257721	0.263184	0.5840111	0.8583733
138	1037.073	-649.8804	1686.953	3.554312	0.0007842387	0.0007842387	0.07463874	0.0613503	0.262424	0.112835	0.129561	0.422785	0.0110444	0.5093724	0.8213068	64.75271	0.7070276	0.428066	0.758234	1.08416	1.72954	0.235905	0.239973	0.255991	0.268131	0.5840111	0.8721964
139	1036.018	-648.7012	1684.719	3.640871	0.0007597377	0.0007597377	0.08185832	0.0580171	0.299164	0.109286	0.122522	0.399815	0.0111964	0.4988183	0.8213068	65.76918	0.7070276	0.433475	0.761796	1.08426	1.72047	0.209662	0.237886	0.253765	0.298687	0.5806767	0.8590294
140	1044.25	-649.0352	1693.285	2.636177	0.0007468817	0.0007468817	0.08872988	0.0582615	0.303272	0.1003	0.124204	0.405305	0.00865752	0.4919468	0.7947042	65.94722	0.7070276	0.358999	0.709162	1.08002	1.85182	0.209662	0.237886	0.253765	0.298687	0.5806767	0.8471957
141	1040.61	-652.5257	1693.136	1.884197	0.0007922329	0.0007922329	-0.007950851	0.0577863	0.300799	0.0985894	0.131551	0.401999	0.0092746	0.4895722	0.787689	65.98236	0.5031081	0.279048	0.642106	1.0668	2.01204	0.203646	0.195205	0.317539	0.28361	0.4816213	1.016509
142	1034.35	-656.6499	1691	1.357193	0.0007715343	0.0007715343	-0.01524305	0.0625318	0.325501	0.106686	0.142355	0.352891	0.0100362	0.4955619	0.7911618	64.95058	0.5031081	0.202395	0.562921	1.0408	2.19388	0.226978	0.21757	0.244117	0.311335	0.4803188	1.031735
143	1039.22	-654.4054	1693.625	1.244905	0.0007901442	0.0007901442	-0.01622526	0.0715184	0.260441	0.0901443	0.162813	0.403605	0.0114786	0.4962063	0.7483595	66.09301	0.5031081	0.183096	0.539743	1.03112	2.24604	0.232773	0.226558	0.2177	0.322969	0.4799811	1.033804
144	1035.841	-656.5248	1692.366	1.705843	0.0009123957	0.0009123957	0.0242013	0.0526808	0.167837	0.141042	0.179171	0.444158	0.015111	0.4851223	0.7376142	65.35422	0.5031081	0.255442	0.619582	1.06053	2.06445	0.187299	0.2041	0.317645	0.290955	0.5093236	0.9524834
145	1034.534	-658.5242	1693.058	2.32397	0.0009874696	0.0009874696	0.02595469	0.0682186	0.226797	0.131243	0.242113	0.311209	0.0204195	0.4851223	0.6718382	64.5995	0.5031081	0.329106	0.685565	1.07632	1.90901	0.184176	0.204885	0.318866	0.292074	0.5110769	0.9492157
146	1037.925	-652.2275	1690.152	2.300248	0.001068431	0.001068431	0.008751076	0.0407447	0.228644	0.135257	0.253585	0.320726	0.0210439	0.5136398	0.6528938	64.68913	0.5031081	0.326662	0.683563	1.07596	1.91381	0.232312	0.208331	0.290123	0.269234	0.5223909	0.983248
147	1043.739	-647.3844	1691.124	2.304138	0.001086045	0.001086045	0.005892387	0.0229841	0.259141	0.183559	0.146959	0.363506	0.0238508	0.5489288	0.6489121	65.36909	0.5031081	0.327064	0.683894	1.07602	1.91302	0.174572	0.261971	0.290715	0.272742	0.5548212	0.9893797
148	1036.319	-652.5027	1688.822	1.701619	0.001117105	0.001117105	0.05500789	0.0250541	0.28248	0.200091	0.144481	0.33309	0.0148045	0.5166662	0.6496238	65.2679	0.5031081	0.254856	0.619004	1.06035	2.06579	0.192118	0.220197	0.319934	0.267751	0.5716741	0.9037775
149	1043.651	-645.0241	1688.676	3.036516	0.001111789	0.001111789	0.07146392	0.028334	0.197343	0.132169	0.11556	0.514171	0.0124226	0.5020501	0.6518941	65.95326	0.6637783	0.392067	0.73353	1.08269	1.79171	0.215878	0.223385	0.324567	0.236169	0.573514	0.8753929
150	1043.065	-644.9958	1688.061	3.552373	0.001115446	0.001115446	0.048965	0.028334	0.197343	0.132169	0.11556	0.514171	0.0124226	0.524549	0.631777	66.24003	0.6637783	0.427943	0.758153	1.08415	1.72975	0.200904	0.207891	0.302054	0.289152	0.573514	0.9146228
151	1042.261	-650.8431	1693.104	2.569444	0.001090796	0.001090796	0.048965	0.0326941	0.197526	0.129808	0.115667	0.514646	0.00965957	0.524549	0.6042296	66.50177	0.6637783	0.352943	0.704509	1.07937	1.86317	0.225929	0.233786	0.215115	0.325169	0.573514	0.9146228
152	1035.574	-651.9739	1687.548	3.045825	0.000858336	0.000858336	0.05510888	0.0328745	0.21241	0.085919	0.100853	0.553427	0.0145164	0.5156787	0.5791354	66.98579	0.6637783	0.392776	0.734034	1.08273	1.79046	0.23958	0.187492	0.228112	0.344816	0.5707876	0.9034512
153	1040.404	-649.3568	1689.761	3.054253	0.0008635028	0.0008635028	0.0368455	0.0271207	0.285442	0.0990108	0.0881383	0.483655	0.0166329	0.5263172	0.8181913	67.18433	0.6637783	0.393416	0.734488	1.08277	1.78932	0.255385	0.199861	0.243162	0.301592	0.5631627	0.934574
154	1050.468	-645.1264	1695.594	3.054253	0.0009011056	0.0009011056	0.02086076	0.030055	0.23458	0.109723	0.0889165	0.518293	0.0184325	0.5364131	0.8181235	66.67278	0.6823328	0.393416	0.734488	1.08277	1.78932	0.214677	0.224428	0.312009	0.248886	0.5572738	0.9625664
155	1055.164	-642.1537	1697.318	1.876722	0.0009497362	0.0009497362	0.03991282	0.0345687	0.189758	0.126202	0.0846178	0.543653	0.0212007	0.518742	0.8425806	66.23224	0.6823328	0.278101	0.64123	1.06657	2.01409	0.214677	0.224428	0.312009	0.248886	0.5586548	0.9285555
156	1055.474	-643.9046	1699.378	1.492824	0.001241111	0.001241111	0.1021651	0.0534611	0.26978	0.110108	0.0738273	0.474326	0.0184972	0.5025685	0.8464438	65.87254	0.6823328	0.224212	0.587358	1.05	2.13843	0.214677	0.224428	0.312009	0.248886	0.6047336	0.8310576
157	1050.901	-644.3655	1695.266	0.9791207	0.001247089	0.001247089	0.007200496	0.054137	0.273191	0.111501	0.0698388	0.480323	0.0110096	0.6342678	0.8464438	66.3926	0.6823328	0.132769	0.470385	0.996452	2.40039	0.214254	0.18386	0.311393	0.290493	0.6414683	0.988775
158	1047.3	-645.3424	1692.642	1.268733	0.001100996	0.001100996	0.01368352	0.0546274	0.275666	0.112511	0.0622469	0.484675	0.0102746	0.6529901	0.8491741	66.18137	0.6823328	0.187288	0.544914	1.03337	2.23443	0.2288	0.220747	0.284452	0.266	0.6666736	0.9794749
159	1040.675	-647.7806	1688.455	0.9013936	0.00111675	0.00111675	-0.003881562	0.0597524	0.301528	0.120989	0.0680867	0.438405	0.0112385	0.6516525	0.8462025	66.20502	0.6945039	0.116884	0.444966	0.981525	2.45662	0.229437	0.221362	0.285244	0.263957	0.647771	1.005992
160	1047.282	-651.4286	1698.71	0.90222	0.001110262	0.001110262	-0.003028283	0.063626	0.191194	0.217495	0.0691382	0.445176	0.0133703	0.6516525	0.8200018	65.61111	0.6945039	0.117055	0.445251	0.9817	2.45599	0.19977	0.232342	0.302342	0.265547	0.6486242	1.004669
161	1051.639	-649.3483	1700.988	0.8914619	0.0009836351	0.0009836351	-0.008745182	0.0642416	0.193044	0.219599	0.0601317	0.449483	0.0134996	0.6573694	0.6908724	65.73133	0.6945039	0.114822	0.441508	0.979399	2.46427	0.19977	0.232342	0.302342	0.265547	0.6486242	1.013483
162	1048.9	-644.5656	1693.466	1.067976	0.0009798397	0.0009798397	0.0005156394	0.0705728	0.248536	0.194399	0.0542488	0.420293	0.0119504	0.6323869	0.6907967	64.72842	0.6945039	0.150314	0.496272	1.01041	2.343	0.200422	0.229834	0.303329	0.266414	0.6329025	0.9991853
163	1048.869	-650.4847	1699.354	1.538878	0.0009986504	0.0009986504	0.04129196	0.0682975	0.227421	0.188131	0.0978423	0.406743	0.0115652	0.5694389	0.6666231	65.13223	0.6945039	0.231266	0.594902	1.05263	2.12121	0.200422	0.229834	0.303329	0.266414	0.6107308	0.9323893
164	1052.069	-641.3142	1693.383	1.50973	0.001032716	0.001032716	-0.02899103	0.0709126	0.270242	0.142874	0.101589	0.402376	0.012008	0.5694389	0.6666231	64.89085	0.6945039	0.226822	0.590168	1.05099	2.13202	0.200593	0.218033	0.287754	0.29362	0.5404478	1.053643
165	1055.022	-641.3074	1696.33	2.446387	0.001037791	0.001037791	-0.03112152	0.0707103	0.269471	0.142466	0.104151	0.401228	0.0119737	0.5694389	0.6814708	65.23683	0.6945039	0.341314	0.695395	1.07799	1.8853	0.195954	0.207998	0.309219	0.286829	0.5383174	1.057813
166	1057.106	-640.931	1698.037	3.054319	0.001570672	0.001570672	0.01395339	0.0698724	0.266743	0.141024	0.103097	0.397167	0.0220966	0.5694389	0.6967613	64.58412	0.7416071	0.393421	0.734492	1.08277	1.78932	0.208229	0.221027	0.265948	0.304796	0.5833923	0.9760823
167	1057.438	-641.0391	1698.478	3.054319	0.001373959	0.001373959	0.002958164	0.0790067	0.170886	0.15946	0.116575	0.449088	0.0249853	0.5694389	0.6978341	64.61188	0.7416071	0.393421	0.734492	1.08277	1.78932	0.2269	0.215815	0.259676	0.297609	0.572397	0.994832
168	1052.736	-642.8866	1695.622	2.870854	0.001380697	0.001380697	-0.01418913	0.0897618	0.1664	0.155274	0.131855	0.437299	0.0194104	0.5823494	0.6763129	64.60628	0.7416071	0.379018	0.724117	1.0818	1.81507	0.23239	0.220146	0.264887	0.282577	0.5681602	1.024974
169	1053.815	-642.2741	1696.089	2.816673	0.001321244	0.001321244	0.0003439161	0.0826337	0.111761	0.142944	0.121384	0.523408	0.017869	0.5823494	0.6751506	65.53152	0.7416071	0.374563	0.720844	1.08145	1.82315	0.205804	0.247274	0.241314	0.305608	0.5826933	0.9994098
170	1056.632	-642.656	1699.288	2.154679	0.001305019	0.001305019	0.007401856	0.0987279	0.137476	0.125191	0.106309	0.511019	0.0212769	0.5727999	0.6687086	64.73129	0.7416071	0.311065	0.670515	1.07342	1.945	0.205804	0.247274	0.241314	0.305608	0.5802017	0.9872426
171	1047.555	-647.6856	1695.241	2.08169	0.001313948	0.001313948	0.07487167	0.108868	0.151596	0.0667364	0.117227	0.532109	0.0234622	0.5049427	0.6810215	64.91351	0.438672	0.302835	0.663429	1.07191	1.96183	0.190091	0.252166	0.246088	0.311655	0.5798143	0.8708696
172	1047.565	-647.4265	1694.991	2.179176	0.001323	0.001323	0.07743731	0.136981	0.190742	0.0839695	0.147499	0.411288	0.0295208	0.5049427	0.6653195	65.43982	0.3662245	0.313764	0.672808	1.07389	1.93954	0.224903	0.238362	0.242141	0.294594	0.58238	0.867033
173	1050.808	-644.3385	1695.147	2.552057	0.00131802	0.00131802	0.03654804	0.0700981	0.244288	0.0802933	0.131747	0.445089	0.0284844	0.5025088	0.9537054	65.4992	0.3662245	0.351337	0.703264	1.0792	1.8662	0.201721	0.209942	0.249364	0.338973	0.5390568	0.9322
174	1050.577	-643.4115	1693.988	2.582576	0.001307365	0.001307365	0.02593048	0.064436	0.198413	0.12118	0.120162	0.469407	0.0264019	0.4871105	0.9817444	66.17778	0.6305841	0.354148	0.70544	1.07951	1.86091	0.202349	0.207481	0.25014	0.340029	0.513041	0.9494573
175	1050.17	-645.4888	1695.658	1.447248	0.001301909	0.001301909	-0.0001306008	0.0637625	0.19634	0.119913	0.110049	0.474071	0.0358651	0.5107464	0.7682075	65.14478	0.6305841	0.217057	0.579534	1.04717	2.15624	0.239721	0.242605	0.219413	0.29826	0.5106158	1.000256
176	1052.739	-642.1281	1694.867	1.266237	0.001239946	0.001239946	0.02048344	0.103517	0.184522	0.124084	0.117452	0.445537	0.0248882	0.4911619	0.7552156	65.17912	0.6305841	0.186852	0.54438	1.03314	2.23563	0.185934	0.240836	0.277146	0.296085	0.5116453	0.9599655
177	1048.843	-644.2838	1693.126	1.954233	0.001244905	0.001244905	-0.01132493	0.125347	0.268411	0.132243	0.122927	0.324547	0.0265246	0.5021314	0.7266534	65.23089	0.6305841	0.28775	0.650057	1.0688	1.99339	0.195686	0.237951	0.273825	0.292538	0.4908065	1.023074
178	1054.89	-638.6673	1693.558	1.908863	0.001244905	0.001244905	-0.01140828	0.138962	0.269473	0.150792	0.095404	0.315964	0.0294056	0.5021314	0.7186406	65.55657	0.6305841	0.282147	0.644959	1.06753	2.00536	0.198	0.240764	0.277063	0.284174	0.4907232	1.023248
179	1059.203	-637.1714	1696.374	2.078392	0.001244905	0.001244905	0.01195119	0.104252	0.232322	0.109197	0.0720986	0.443419	0.0387111	0.478772	0.7002701	66.10833	0.6305841	0.302456	0.663099	1.07183	1.96261	0.206766	0.251424	0.245053	0.296756	0.4907232	0.9756458
180	1059.37	-637.2089	1696.579	2.149676	0.0009764001	0.0009764001	0.01336201	0.0902238	0.20106	0.0945032	0.0623968	0.518314	0.0335021	0.4773612	0.7503076	66.85556	0.6305841	0.31051	0.670041	1.07332	1.94613	0.184833	0.232277	0.263633	0.319257	0.4907232	0.9727708
181	1057.393	-638.9357	1696.329	2.286603	0.0009754189	0.0009754189	0.03097353	0.0866782	0.193159	0.0907894	0.0608659	0.547311	0.0211964	0.4751464	0.7453437	66.97856	0.2781901	0.325244	0.682397	1.07575	1.91661	0.248108	0.208139	0.236237	0.307517	0.5061199	0.938802
182	1053.516	-638.8265	1692.342	3.269568	0.0007103343	0.0007103343	0.04712663	0.0800806	0.178457	0.137226	0.0680315	0.505652	0.0305535	0.4589933	0.7472162	66.77823	0.2781901	0.409098	0.74544	1.08356	1.7619	0.245156	0.215332	0.235655	0.303858	0.5061199	0.9068864
183	1046.533	-643.4142	1689.947	3.438769	0.001069309	0.001069309	0.0008331031	0.0699396	0.282493	0.119848	0.0594163	0.441618	0.0266844	0.4418742	0.7768894	65.71578	0.7360623	0.420594	0.753252	1.08397	1.74219	0.267337	0.211441	0.231397	0.289824	0.4427073	0.9981182
184	1050.72	-639.7454	1690.466	3.448972	0.0007557543	0.0007557543	0.02179972	0.0671749	0.290349	0.0874247	0.0610687	0.4539	0.0400829	0.4425129	0.7777061	65.746	0.7360623	0.421266	0.753703	1.08398	1.74105	0.197473	0.245497	0.247295	0.309735	0.4643126	0.9530495
185	1043.237	-643.2676	1686.504	3.448972	0.000580866	0.000580866	0.03752643	0.0718243	0.250167	0.0641683	0.0856676	0.485315	0.0428572	0.4267862	0.7735713	66.08143	0.7360623	0.421266	0.753703	1.08398	1.74105	0.18753	0.233137	0.248368	0.330964	0.4643126	0.9191785
186	1039.802	-644.4841	1684.286	3.481678	0.0008810916	0.0008810916	0.03737974	0.0513832	0.258747	0.0812398	0.0930648	0.478092	0.037473	0.4275896	0.7532796	66.06084	0.7360623	0.423404	0.755134	1.08404	1.73742	0.166823	0.271723	0.267036	0.294419	0.4649693	0.9196082
187	1034.935	-649.24	1684.175	3.060171	0.0008851171	0.0008851171	0.01176068	0.0513832	0.258747	0.0812398	0.0930648	0.478092	0.037473	0.4339917	0.6492934	66.50705	0.4608232	0.393864	0.734806	1.0828	1.78853	0.179164	0.291823	0.279216	0.249797	0.4457524	0.9736161
188	1035.647	-647.0651	1682.712	3.060171	0.0007037383	0.0007037383	0.05304475	0.0493956	0.248738	0.111281	0.0894649	0.465097	0.0360234	0.4428949	0.6492934	65.21216	0.7050292	0.393864	0.734806	1.0828	1.78853	0.173547	0.282674	0.270462	0.273317	0.4959396	0.8930419
189	1041.299	-645.6706	1686.969	2.059788	0.000974013	0.000974013	0.06196698	0.0561577	0.28279	0.126515	0.0714129	0.356421	0.106703	0.4324218	0.6336273	65.21787	0.2846356	0.300309	0.661224	1.07142	1.96705	0.177626	0.289319	0.253313	0.279741	0.4943888	0.8746594
190	1048.871	-638.3795	1687.251	2.076156	0.0007895536	0.0007895536	0.06361203	0.0454134	0.28561	0.162822	0.0846522	0.306853	0.11465	0.4324218	0.9321525	64.91936	0.3361102	0.302199	0.662875	1.07178	1.96314	0.226539	0.209789	0.261712	0.30196	0.4960339	0.8717587
191	1048.597	-639.585	1688.182	2.060166	0.0007425085	0.0007425085	0.02234398	0.0454134	0.28561	0.162822	0.0846522	0.306853	0.11465	0.4755346	0.8907172	64.95893	0.3361102	0.300352	0.661263	1.07142	1.96696	0.217275	0.242103	0.25101	0.289612	0.4978786	0.9551216
192	1052.329	-639.5523	1691.881	2.055258	0.000722129	0.000722129	0.06088509	0.0477518	0.19702	0.171206	0.0890111	0.374458	0.120554	0.4346961	0.8740242	66.27602	0.5294412	0.299783	0.660764	1.07131	1.96814	0.217275	0.242103	0.25101	0.289612	0.4955812	0.8771441
193	1051.501	-642.2038	1693.705	2.055258	0.0007266284	0.0007266284	0.05940864	0.0495482	0.204431	0.177646	0.0923596	0.350926	0.125089	0.4358595	0.8756857	65.94509	0.5294412	0.299783	0.660764	1.07131	1.96814	0.196444	0.267846	0.254522	0.281188	0.4952681	0.8800475
194	1052.096	-641.7779	1693.874	2.315769	0.0008637277	0.0008637277	0.04635958	0.0741792	0.178316	0.154953	0.0805611	0.402882	0.109109	0.4486164	0.9110303	65.24012	0.5294412	0.328264	0.684877	1.0762	1.91066	0.227892	0.244423	0.250709	0.276976	0.4949759	0.9063397
195	1042.117	-648.0245	1690.141	1.89702	0.001022695	0.001022695	0.07706496	0.074891	0.176384	0.153274	0.0890061	0.398517	0.107927	0.3941674	0.9110303	65.30952	0.5434433	0.280664	0.643596	1.06719	2.00855	0.229793	0.24859	0.254983	0.266634	0.4712323	0.8364608
196	1043.752	-649.1166	1692.869	1.909022	0.001022695	0.001022695	0.07723158	0.0468246	0.182852	0.157696	0.0915737	0.410014	0.111041	0.3940007	0.7829515	65.70177	0.5434433	0.282167	0.644977	1.06754	2.00532	0.23594	0.255241	0.237248	0.271571	0.4712323	0.8361072
197	1043.861	-647.5152	1691.377	1.301972	0.0008999832	0.0008999832	-0.02481803	0.0683163	0.192084	0.141611	0.0822334	0.416041	0.0997148	0.4794963	0.7688866	64.90214	0.5434433	0.193048	0.551893	1.03632	2.21874	0.247546	0.207281	0.27872	0.266453	0.4546783	1.054584
198	1043.57	-646.7582	1690.328	1.301972	0.0007701675	0.0007701675	-0.005984151	0.0656905	0.184701	0.148362	0.0894141	0.40005	0.111783	0.4617263	0.6903182	65.82182	0.1621366	0.193048	0.551893	1.03632	2.21874	0.237141	0.211893	0.278585	0.272382	0.4557422	1.013131
199	1040.795	-647.0069	1687.802	2.078333	0.0007895616	0.0007895616	-0.007034031	0.0548514	0.253576	0.151409	0.0769869	0.334041	0.129135	0.4632093	0.6876233	67.08994	0.1621366	0.302449	0.663093	1.07183	1.96263	0.250101	0.223473	0.260879	0.265547	0.4561753	1.01542
200	1037.147	-649.0259	1686.173	2.08092	0.0006092069	0.0006092069	0.01373478	0.0547034	0.252892	0.151001	0.0525088	0.33314	0.155755	0.4568893	0.7308874	67.04474	0.6322801	0.302747	0.663352	1.07189	1.96201	0.213782	0.202306	0.289367	0.294545	0.4706241	0.9708158
201	1036.069	-657.0188	1693.088	1.736629	0.0006070674	0.0006070674	0.03467732	0.056304	0.260292	0.12616	0.0540451	0.342887	0.160312	0.4350109	0.7328702	67.26516	0.6322801	0.259673	0.623727	1.06175	2.05485	0.225268	0.189789	0.271464	0.313479	0.4696882	0.9261695
202	1037.092	-651.27	1688.362	1.713425	0.0005435461	0.0005435461	0.03864551	0.082105	0.233599	0.113223	0.0462537	0.380946	0.143873	0.4319229	0.7297871	66.92372	0.6322801	0.25649	0.620613	1.06083	2.06206	0.231682	0.208244	0.252111	0.307963	0.4705684	0.9178748
203	1040.222	-646.6476	1686.869	2.125481	0.0006425436	0.0006425436	0.03484854	0.0800094	0.227637	0.110333	0.0705963	0.371224	0.140201	0.4142924	0.7313202	67.12155	0.6322801	0.307807	0.667726	1.07283	1.95163	0.231682	0.208244	0.252111	0.307963	0.4491409	0.9224107
204	1037.386	-643.1679	1680.554	2.075229	0.0006267258	0.0006267258	0.01303937	0.0796211	0.226532	0.109797	0.0702536	0.369422	0.144374	0.435581	0.9381432	66.74155	0.4702141	0.302092	0.662782	1.07176	1.96336	0.22632	0.24825	0.253585	0.271846	0.4486204	0.9709345
205	1038.159	-646.1333	1684.292	2.030127	0.0006281345	0.0006281345	0.005815652	0.0644226	0.195374	0.119505	0.0819939	0.381566	0.157139	0.4348412	0.9069792	65.69024	0.5431435	0.296845	0.65818	1.07073	1.97425	0.268166	0.234823	0.239869	0.257142	0.4406569	0.9868023
206	1031.571	-651.3423	1682.913	2.022767	0.0005384638	0.0005384638	0.006023416	0.0792976	0.185134	0.113242	0.111855	0.361568	0.148904	0.4346329	0.9073853	65.10181	0.4351456	0.295977	0.657413	1.07055	1.97606	0.276788	0.242373	0.247581	0.233258	0.4406563	0.9863308
207	1028.376	-652.499	1680.875	3.161313	0.0004862059	0.0004862059	0.008899704	0.10029	0.150329	0.101809	0.116392	0.376236	0.154944	0.4317566	0.9296517	64.74014	0.4351456	0.401369	0.740086	1.0832	1.77534	0.274294	0.240189	0.254361	0.231156	0.4406563	0.9798035
208	1041.247	-646.6656	1687.912	3.170918	0.0006645587	0.0006645587	0.0250966	0.0808016	0.121117	0.097422	0.0937752	0.504703	0.102181	0.4161436	0.7330975	64.70886	0.395717	0.402067	0.740573	1.08324	1.77412	0.264366	0.20325	0.286593	0.245791	0.4412402	0.9431226
209	1037.855	-648.8347	1686.69	2.982994	0.0009623315	0.0009623315	0.00496929	0.0787834	0.118092	0.095962	0.0914329	0.492097	0.123632	0.4161436	0.6192915	64.94765	0.7647182	0.387942	0.730582	1.08243	1.79905	0.238948	0.241085	0.279909	0.240058	0.4211129	0.9881996
210	1040.352	-648.914	1689.266	2.022592	0.0009011432	0.0009011432	0.03984404	0.110409	0.135087	0.0873483	0.104591	0.421141	0.141425	0.4173508	0.6219892	64.95197	0.7647182	0.295957	0.657395	1.07054	1.9761	0.248574	0.243348	0.251518	0.25656	0.4571949	0.9128511
211	1040.599	-653.0118	1693.61	2.098592	0.0006942208	0.0006942208	0.04626812	0.130187	0.159286	0.102996	0.13295	0.281261	0.19332	0.4084824	0.8754947	64.55921	0.42905	0.304766	0.665104	1.07227	1.95786	0.25456	0.249208	0.233494	0.262738	0.4547505	0.898256
212	1037.303	-649.7039	1687.007	1.171453	0.0006901026	0.0006901026	0.0649961	0.140515	0.171923	0.111167	0.111396	0.256341	0.208657	0.3971041	0.9127191	65.62856	0.42905	0.169842	0.522847	1.02347	2.28384	0.207032	0.255781	0.267519	0.269668	0.4621002	0.8593463
213	1039.192	-649.3733	1688.566	1.699616	0.0007363519	0.0007363519	0.07132341	0.112491	0.167067	0.113032	0.10825	0.296396	0.202764	0.3924599	0.9157071	66.02022	0.3964075	0.254578	0.618729	1.06027	2.06642	0.20039	0.279658	0.258936	0.261016	0.4637833	0.846214
214	1046.565	-645.7352	1692.3	1.200887	0.0008824859	0.0008824859	-0.01613254	0.0905456	0.134474	0.0909804	0.0871316	0.433662	0.163207	0.4799159	0.7428704	66.44454	0.4921359	0.175214	0.529799	1.02668	2.26831	0.20039	0.279658	0.258936	0.261016	0.4637833	1.034785
215	1044.475	-648.1869	1692.662	1.202891	0.0009513915	0.0009513915	0.005117816	0.0866323	0.176787	0.117831	0.0570402	0.428828	0.132882	0.4792971	0.7446941	67.29625	0.473657	0.175576	0.530263	1.02689	2.26727	0.245503	0.26388	0.244327	0.24629	0.4844149	0.9894351
216	1042.178	-649.9775	1692.156	1.661651	0.0009205295	0.0009205295	0.007602404	0.112829	0.179857	0.0790459	0.0580308	0.436276	0.133962	0.4768125	0.7419086	67.65818	0.473657	0.249249	0.613424	1.05866	2.07867	0.245503	0.26388	0.244327	0.24629	0.4844149	0.984306
217	1044.264	-646.2374	1690.501	2.181547	0.0009205295	0.0009205295	0.006511049	0.0950396	0.29862	0.0665831	0.0680429	0.36749	0.104224	0.495747	0.8041911	67.53221	0.473657	0.314024	0.673028	1.07393	1.93902	0.238967	0.260026	0.237822	0.263185	0.5022581	0.9870364
218	1041.762	-647.0199	1688.781	2.202554	0.0009629662	0.0009629662	0.00838493	0.0895196	0.264094	0.0767684	0.060176	0.464388	0.0450538	0.4939838	0.8005635	66.74336	0.473657	0.316311	0.674958	1.07432	1.93441	0.201501	0.291498	0.266606	0.240395	0.5023688	0.9833092
219	1042.608	-644.8734	1687.482	1.907061	0.000831086	0.000831086	0.009153403	0.0894615	0.263923	0.0767185	0.0607861	0.464086	0.0450245	0.4979532	0.7802151	66.08054	0.6358531	0.281922	0.644752	1.06748	2.00585	0.185008	0.267638	0.244784	0.302569	0.5071066	0.9819497
220	1043.538	-647.7498	1691.288	1.878612	0.0008473205	0.0008473205	-0.01058875	0.0954323	0.209248	0.0873869	0.064843	0.49506	0.0480296	0.49877	0.840911	65.51628	0.6358531	0.278341	0.641452	1.06663	2.01357	0.248196	0.237916	0.24492	0.268968	0.4881812	1.02169
221	1046.752	-646.1371	1692.889	1.482636	0.00105726	0.00105726	-0.02353919	0.0649042	0.219377	0.0933481	0.0692664	0.501799	0.0513059	0.4979805	0.9101123	65.5892	0.6358531	0.222628	0.58564	1.04939	2.14235	0.251265	0.232033	0.247948	0.268755	0.4744413	1.049615
222	1042.496	-647.5433	1690.039	1.097914	0.001063956	0.001063956	-0.02256502	0.0488689	0.212079	0.0702854	0.0402335	0.577895	0.0506379	0.4970064	0.7201744	65.63482	0.3399925	0.156066	0.504326	1.0145	2.32511	0.226797	0.213437	0.268613	0.291153	0.4744413	1.047561
223	1040.611	-648.1929	1688.804	2.36937	0.000847171	0.000847171	0.0675391	0.0444495	0.206657	0.0972257	0.0392049	0.56312	0.0493432	0.4095311	0.7201744	65.42898	0.3399925	0.333711	0.689306	1.07698	1.9	0.23298	0.191686	0.303564	0.271769	0.4770702	0.8584295
224	1039.804	-652.2602	1692.064	2.297784	0.000849559	0.000849559	0.04636449	0.0741762	0.186597	0.133173	0.052455	0.50846	0.0451384	0.4113968	0.7204893	64.82188	0.0344191	0.326406	0.683353	1.07592	1.91432	0.192267	0.280073	0.271559	0.256101	0.4577613	0.8987147
225	1041.905	-647.6627	1689.567	3.780742	0.0009304105	0.0009304105	0.01856291	0.0600245	0.233591	0.124346	0.0651355	0.474757	0.0421464	0.4370671	0.8204136	65.47117	0.0344191	0.441896	0.767269	1.08437	1.70647	0.240258	0.26619	0.258099	0.235453	0.45563	0.9592588
226	1045.789	-644.7231	1690.512	2.388706	0.0009975513	0.0009975513	0.02674071	0.0602519	0.234476	0.124817	0.0673092	0.476555	0.0365912	0.4288893	0.802149	65.35027	0.5009803	0.335645	0.690864	1.07725	1.89625	0.220625	0.264095	0.256067	0.259213	0.45563	0.9413105
227	1050.687	-645.0727	1695.76	1.684691	0.001044654	0.001044654	-0.002807652	0.0578866	0.225271	0.159173	0.0646669	0.457847	0.0351548	0.4485463	0.802149	65.03603	0.5009803	0.252496	0.616666	1.05965	2.07119	0.247913	0.256195	0.244434	0.251458	0.4457386	1.006299
228	1048.57	-643.9127	1692.482	3.35011	0.0009796183	0.0009796183	-0.01073491	0.0629269	0.253351	0.100203	0.0606963	0.485541	0.0372812	0.4628997	0.9207086	64.87459	0.5009803	0.414656	0.749239	1.08377	1.75233	0.246356	0.254586	0.2429	0.256158	0.4521648	1.023741
229	1048.349	-645.5051	1693.854	3.22502	0.001170714	0.001170714	0.0005940751	0.0659758	0.216312	0.105058	0.0645002	0.509066	0.0390875	0.4515707	0.939433	65.33808	0.5009803	0.405954	0.743272	1.08342	1.76735	0.204775	0.284034	0.252089	0.259102	0.4521648	0.9986862
230	1046.28	-647.7614	1694.042	3.164684	0.001500306	0.001500306	0.05156546	0.0431329	0.219194	0.0939412	0.0653594	0.515847	0.062526	0.4159383	0.9303549	66.15615	0.5009803	0.401614	0.740257	1.08322	1.77491	0.194208	0.269377	0.239079	0.297336	0.4675037	0.8897004
231	1044.657	-647.7873	1692.444	4.196255	0.001285076	0.001285076	0.05082466	0.049185	0.249949	0.107122	0.0774547	0.44499	0.0712992	0.4146855	0.9293759	65.42074	0.5009803	0.464829	0.781734	1.08432	1.66912	0.194208	0.269377	0.239079	0.297336	0.4655102	0.8908194
232	1050.011	-646.3252	1696.336	2.796139	0.00116559	0.00116559	0.04316643	0.0522312	0.21115	0.0992805	0.0890728	0.47255	0.0757151	0.4146855	0.9306858	64.9605	0.5009803	0.372849	0.719577	1.08131	1.82627	0.222345	0.218764	0.273718	0.285172	0.4578519	0.9057197
233	1044.443	-642.3612	1686.804	2.800768	0.001109746	0.001109746	0.09856647	0.03654	0.178049	0.103261	0.138401	0.481686	0.0620625	0.359834	0.9477967	64.64938	0.5009803	0.373237	0.719864	1.08134	1.82556	0.202737	0.243678	0.27112	0.282465	0.4584005	0.7849774
234	1048.044	-641.5326	1689.577	2.676819	0.001114328	0.001114328	0.01323528	0.0145071	0.160732	0.131035	0.162425	0.481506	0.0497945	0.324315	0.8779119	65.16446	0.5009803	0.362604	0.711904	1.08038	1.84511	0.238641	0.231783	0.257886	0.27169	0.3375502	0.9607902
235	1045.91	-645.0629	1690.973	2.406077	0.0007037561	0.0007037561	0.01075216	0.0183954	0.15909	0.129697	0.160767	0.476589	0.0554615	0.3323234	0.8749781	64.93242	0.5009803	0.337367	0.692247	1.07748	1.89291	0.255382	0.210866	0.234613	0.299139	0.3430755	0.9686595
236	1048.376	-645.3358	1693.711	1.628203	0.0007080841	0.0007080841	0.01552181	0.0188867	0.149868	0.149205	0.180834	0.448961	0.0522463	0.3311918	0.9061966	65.4752	0.5009803	0.244465	0.608592	1.05714	2.0898	0.212919	0.223172	0.24731	0.316598	0.3467136	0.9552316
237	1047.328	-644.0635	1691.392	1.445273	0.0007080841	0.0007080841	0.005600381	0.0180171	0.188493	0.156951	0.190221	0.39136	0.0549586	0.3311591	0.910967	66.02912	0.5009803	0.216743	0.579186	1.04704	2.15703	0.223056	0.220298	0.244125	0.31252	0.3367595	0.9833698
238	1047.835	-643.8011	1691.636	1.524315	0.0007080841	0.0007080841	0.008749942	0.0184963	0.20775	0.199358	0.0910093	0.431344	0.0520419	0.3295099	0.910094	65.51019	0.4256974	0.229054	0.592554	1.05182	2.12657	0.223056	0.220298	0.244125	0.31252	0.3382599	0.9741325
239	1049.007	-643.0744	1692.081	2.137356	0.00103869	0.00103869	0.003808118	0.0251227	0.272917	0.180861	0.082565	0.391322	0.0472132	0.3311314	0.910094	64.68126	0.5864887	0.309137	0.668868	1.07308	1.94892	0.225381	0.270786	0.220964	0.28287	0.3349396	0.9886304
240	1047.217	-645.5421	1692.759	2.15548	0.001299922	0.001299922	0.004548758	0.0173818	0.259404	0.21479	0.101467	0.348935	0.058022	0.3406292	0.9378667	65.10905	0.3998414	0.311154	0.67059	1.07343	1.94482	0.215832	0.262922	0.245169	0.276077	0.3451779	0.986822
241	1048.276	-646.2711	1694.548	1.635302	0.001194138	0.001194138	0.005329444	0.0136271	0.253901	0.173124	0.0770043	0.454265	0.0280783	0.3398485	0.8279182	64.59858	0.3998414	0.245487	0.609631	1.05747	2.08741	0.232667	0.261514	0.222598	0.283222	0.3451779	0.9845603
242	1051.998	-644.2909	1696.289	1.600047	0.0008156277	0.0008156277	0.009110727	0.00877934	0.277727	0.101656	0.0842305	0.496894	0.0307132	0.3531936	0.8026535	64.60737	0.3998414	0.240372	0.604404	1.05579	2.09943	0.223206	0.23181	0.269819	0.275166	0.3623043	0.9748534
243	1056.269	-641.261	1697.53	1.584696	0.0008276099	0.0008276099	0.009995427	0.00879418	0.278196	0.101828	0.0843728	0.497734	0.0290747	0.3514542	0.8434439	64.86295	0.4254329	0.238115	0.602073	1.05503	2.10478	0.223206	0.23181	0.269819	0.275166	0.3614496	0.9723463
244	1052.976	-641.3051	1694.281	1.5506	0.0007978309	0.0007978309	0.04628342	0.00558484	0.324035	0.0834625	0.112624	0.44386	0.0304332	0.3216845	0.8461506	64.56903	0.4254329	0.233034	0.596768	1.05326	2.11694	0.211365	0.235343	0.273932	0.27936	0.3679679	0.8742189
245	1047.345	-644.3766	1691.721	1.519062	0.0007955904	0.0007955904	0.05116227	0.0109862	0.336513	0.116351	0.106541	0.41902	0.0105892	0.3195024	0.8553488	64.53878	0.4254329	0.228252	0.591699	1.05152	2.12853	0.212609	0.236729	0.269656	0.281005	0.3706646	0.8619715
246	1052.471	-638.4893	1690.961	1.56866	0.0008299958	0.0008299958	0.04298004	0.00547965	0.33553	0.122766	0.10623	0.417795	0.0121986	0.311159	0.839275	65.48439	0.4254329	0.235737	0.5996	1.05421	2.11045	0.212609	0.236729	0.269656	0.281005	0.3541391	0.8786351
247	1047.668	-645.3307	1692.999	1.321835	0.0006790531	0.0006790531	0.03637034	0.00675143	0.349031	0.104299	0.0926238	0.434606	0.0126894	0.3103002	0.8353381	66.22017	0.5953205	0.196442	0.555939	1.03799	2.20963	0.187136	0.163212	0.318131	0.331521	0.3466705	0.8950867
248	1051.388	-640.7752	1692.163	1.316117	0.0006780195	0.0006780195	0.0362795	0.00459548	0.382599	0.102106	0.0758762	0.425467	0.00935664	0.3103002	0.8457163	65.64905	0.5953205	0.195469	0.554784	1.03751	2.21223	0.179626	0.196793	0.305365	0.318217	0.3465797	0.8953213
249	1045.139	-646.6837	1691.823	1.33696	0.0006625257	0.0006625257	0.01413008	0.0036896	0.382947	0.102199	0.0759452	0.425855	0.00936516	0.3103002	1.160527	66.23772	0.5953205	0.199002	0.55896	1.03922	2.20282	0.141368	0.20597	0.319605	0.333057	0.3244302	0.9564465
250	1047.837	-643.4533	1691.291	1.495791	0.0007594733	0.0007594733	0.009779861	0.00298553	0.351177	0.175895	0.0709076	0.390526	0.0085084	0.3089714	1.007616	66.37759	0.5900179	0.224672	0.587854	1.05017	2.1373	0.193759	0.246945	0.320538	0.238758	0.3187512	0.9693182
251	1045.638	-643.5641	1689.202	2.584157	0.000543899	0.000543899	0.0005355651	0.00258361	0.335529	0.226085	0.0545495	0.373124	0.00812926	0.3166377	1.007616	66.15194	0.5900179	0.354293	0.705552	1.07952	1.86063	0.212705	0.271092	0.254099	0.262104	0.3171733	0.9983114
252	1044.131	-644.2063	1688.338	2.36046	0.000543899	0.000543899	0.03039682	0.00293694	0.243944	0.257005	0.0620098	0.424153	0.00995139	0.2892585	0.9713074	66.86691	0.5900179	0.332815	0.688581	1.07686	1.90175	0.203729	0.274183	0.256996	0.265092	0.3196553	0.9049075
253	1046.899	-644.5777	1691.477	1.499536	0.0006555426	0.0006555426	0.03343971	0.00407209	0.267438	0.281756	0.0679818	0.367842	0.0109098	0.2857116	0.9704038	66.46133	0.5900179	0.225251	0.588479	1.05039	2.13588	0.18634	0.250779	0.320416	0.242465	0.3191513	0.895223
254	1043.347	-643.9288	1687.276	1.492307	0.0006556744	0.0006556744	0.002935232	0.00245242	0.241695	0.293871	0.0949609	0.356449	0.0105719	0.284584	1.070192	66.5762	0.5900179	0.224132	0.587271	1.04997	2.13863	0.191452	0.217564	0.277977	0.313007	0.2875193	0.9897912
255	1037.574	-648.2915	1685.865	1.376397	0.0006547344	0.0006547344	0.02474176	0.003071	0.238375	0.289835	0.0936567	0.351554	0.0235081	0.2857745	1.107823	66.33677	0.3587171	0.205582	0.566601	1.04226	2.18556	0.187234	0.212771	0.297012	0.302983	0.3105163	0.9203206
256	1037.4	-647.7031	1685.103	1.336836	0.0006397028	0.0006397028	0.05374242	0.00343438	0.266582	0.215451	0.107579	0.393152	0.0138011	0.2586625	1.079008	65.85391	0.3587171	0.198981	0.558935	1.03921	2.20288	0.145461	0.220192	0.30737	0.326977	0.3124049	0.8279719
257	1037.87	-647.5851	1685.455	1.336836	0.0007820644	0.0007820644	0.02501027	0.00441388	0.321547	0.199112	0.0994206	0.363336	0.0121706	0.2481083	0.9978919	65.69699	0.3587171	0.198981	0.558935	1.03921	2.20288	0.144278	0.226534	0.304871	0.324318	0.2731186	0.9084271
258	1040.393	-641.1303	1681.523	1.574213	0.0007748439	0.0007748439	0.02144746	0.00247426	0.286558	0.175086	0.0886021	0.436434	0.0108462	0.2529228	1.046149	66.4736	0.6623913	0.236562	0.600461	1.0545	2.10848	0.174918	0.249795	0.27474	0.300547	0.2743702	0.9218302
259	1041.865	-640.8266	1682.691	1.560519	0.0006651632	0.0006651632	0.04114417	0.00399239	0.28786	0.172241	0.0890046	0.438417	0.00848577	0.2325345	1.046149	66.27207	0.5832226	0.234522	0.598329	1.05379	2.11336	0.174918	0.249795	0.27474	0.300547	0.2736786	0.8496625
260	1038.76	-645.9827	1684.742	1.589987	0.0005646049	0.0005646049	0.0405764	0.00435849	0.282727	0.185388	0.0910113	0.430599	0.00591687	0.2331022	1.011069	66.3601	0.7377625	0.238895	0.60288	1.0553	2.10293	0.174918	0.249795	0.27474	0.300547	0.2736786	0.851737
261	1043.49	-640.96	1684.45	1.717635	0.0005719488	0.0005719488	0.04340801	0.00544844	0.334267	0.177885	0.107603	0.367801	0.00699551	0.2340119	1.011069	65.49838	0.7710446	0.257071	0.621183	1.061	2.06074	0.207584	0.271159	0.258871	0.262385	0.27742	0.8435296
262	1038.161	-647.3699	1685.531	2.118017	0.0005744955	0.0005744955	0.008285594	0.00540013	0.331303	0.178329	0.103129	0.36454	0.0172988	0.2681413	1.011069	65.03093	0.7710446	0.306967	0.667004	1.07268	1.95335	0.207002	0.270399	0.26095	0.261649	0.2764269	0.9700261
263	1040.706	-644.2114	1684.917	1.890567	0.0005499829	0.0005499829	0.01448423	0.0148062	0.35846	0.101408	0.111582	0.39442	0.0193232	0.2682945	1.011841	64.70358	0.7710446	0.279852	0.642848	1.06699	2.01031	0.184646	0.253135	0.244289	0.317929	0.2827788	0.9487789
264	1044.305	-641.879	1686.184	1.901943	0.0005045279	0.0005045279	0.002491767	0.0140171	0.339354	0.106819	0.149403	0.373397	0.0170102	0.2814728	0.9610834	64.95122	0.4636487	0.281282	0.644164	1.06733	2.00722	0.223437	0.241092	0.232667	0.302803	0.2839646	0.9912251
265	1043.379	-642.2015	1685.58	1.838208	0.000809311	0.000809311	0.01195409	0.00965514	0.351693	0.110703	0.114631	0.386975	0.0263428	0.2716266	0.923755	64.61392	0.4636487	0.273165	0.636627	1.06536	2.02485	0.27086	0.201029	0.22947	0.298642	0.2835807	0.9578459
266	1038.115	-643.9639	1682.079	1.72896	0.0009918628	0.0009918628	0.04564093	0.0070463	0.352126	0.110839	0.116162	0.387451	0.0263752	0.2665495	0.9928835	65.65408	0.4636487	0.258625	0.622705	1.06145	2.05722	0.27086	0.201029	0.22947	0.298642	0.3121904	0.8538042
267	1040.335	-643.1527	1683.488	1.737119	0.000988497	0.000988497	0.01791665	0.00666906	0.333274	0.117522	0.0916442	0.425927	0.0249631	0.2898107	0.9928835	65.50183	0.4636487	0.25974	0.623792	1.06177	2.0547	0.268082	0.198967	0.227116	0.305834	0.3077273	0.9417775
268	1044.1	-641.7412	1685.841	1.661659	0.0009829441	0.0009829441	0.01595769	0.00739344	0.260856	0.130287	0.101598	0.472191	0.0276746	0.2885723	0.9945316	65.16055	0.4636487	0.24925	0.613425	1.05866	2.07867	0.179173	0.223137	0.254705	0.342985	0.30453	0.9475989
269	1042.401	-642.8016	1685.202	1.664635	0.0007722168	0.0007722168	0.02512058	0.00849914	0.31643	0.153464	0.165836	0.325283	0.0304881	0.2885723	1.026069	65.23101	0.4636487	0.249672	0.613848	1.05879	2.07769	0.187635	0.213162	0.271549	0.327653	0.3136929	0.9199198
270	1033.146	-648.2063	1681.353	2.718355	0.0009273739	0.0009273739	0.007000208	0.0117256	0.284751	0.109253	0.188617	0.369967	0.0356872	0.3066926	1.031577	65.0882	0.4636487	0.366227	0.714637	1.08072	1.83841	0.177724	0.281062	0.24527	0.295945	0.3136929	0.9776845
271	1037.889	-645.598	1683.487	2.713403	0.0009263117	0.0009263117	0.06029841	0.0163555	0.23903	0.105316	0.201174	0.394598	0.0435263	0.3229888	0.8473802	64.6668	0.4636487	0.365799	0.714315	1.08068	1.8392	0.1828	0.201672	0.278948	0.33658	0.3832872	0.8426809
272	1032.859	-648.0475	1680.906	3.20872	0.0009026839	0.0009026839	0.0643816	0.0191342	0.166159	0.073209	0.139843	0.571398	0.0302567	0.3229888	0.717155	65.11841	0.4636487	0.404791	0.742467	1.08337	1.76937	0.22075	0.170249	0.324864	0.284137	0.3873704	0.8337984
273	1037.522	-639.8514	1677.373	3.21428	0.0007726162	0.0007726162	0.0643816	0.0332708	0.157207	0.0949607	0.13231	0.540615	0.041637	0.3229888	0.6732479	64.79236	0.4636487	0.405188	0.742742	1.08339	1.76868	0.216712	0.215693	0.288655	0.27894	0.3873704	0.8337984
274	1031.211	-643.4087	1674.619	3.237951	0.0007753826	0.0007753826	0.07185381	0.0265817	0.245288	0.0678798	0.150216	0.464812	0.0452231	0.3277299	0.6732479	65.15588	0.4636487	0.406872	0.743906	1.08346	1.76576	0.200986	0.265332	0.267709	0.265973	0.3995837	0.8201783
275	1026.657	-647.532	1674.189	3.237951	0.0007753826	0.0007753826	0.04762483	0.0396841	0.245458	0.0696034	0.134866	0.465134	0.0452545	0.3360164	0.6928319	65.32061	0.5703076	0.406872	0.743906	1.08346	1.76576	0.219887	0.277037	0.232907	0.270169	0.3836412	0.875861
276	1025.014	-650.4124	1675.426	3.236896	0.0007753826	0.0007753826	0.01979754	0.0590333	0.295395	0.0920426	0.162304	0.336764	0.0544614	0.3566284	0.6928319	65.13134	0.5703076	0.406797	0.743855	1.08346	1.76589	0.194048	0.266379	0.279798	0.259776	0.3764259	0.9474065
277	1025.592	-653.371	1678.963	3.135815	0.0008085186	0.0008085186	0.02804882	0.0567745	0.296105	0.0922636	0.162693	0.337572	0.0545921	0.3447696	0.692602	65.24256	0.5703076	0.399503	0.738781	1.08311	1.77861	0.175304	0.272574	0.286305	0.265817	0.3728185	0.9247655
278	1027.133	-650.4351	1677.568	1.269845	0.00104546	0.00104546	0.009805499	0.0729584	0.291024	0.0906805	0.159902	0.33178	0.0536554	0.3447696	0.6908099	64.66591	0.4794164	0.187483	0.545152	1.03347	2.2339	0.258071	0.229673	0.241243	0.271013	0.3545751	0.9723458
279	1029.04	-650.2405	1679.28	1.736395	0.0007669302	0.0007669302	0.0002850092	0.0315298	0.300982	0.0937833	0.165373	0.343132	0.0651991	0.3556102	0.6788215	64.988	0.4794164	0.259641	0.623696	1.06174	2.05492	0.241206	0.18723	0.225478	0.346086	0.3558952	0.9991992
280	1026.439	-650.3184	1676.757	1.584498	0.000563194	0.000563194	0.005266516	0.0321153	0.296331	0.106714	0.162818	0.33783	0.0641917	0.3539059	0.6677749	65.08922	0.4794164	0.238085	0.602042	1.05502	2.10485	0.252793	0.226435	0.240022	0.28075	0.3591724	0.9853371
281	1029.355	-645.508	1674.863	1.255956	0.0006833708	0.0006833708	0.03338686	0.0327994	0.302643	0.129698	0.0915308	0.37777	0.065559	0.3391848	0.5867716	64.53414	0.4794164	0.185047	0.54216	1.03218	2.24062	0.252793	0.226435	0.240022	0.28075	0.3725716	0.9103881
282	1031.503	-646.0537	1677.557	1.400679	0.0006514502	0.0006514502	0.02717188	0.034144	0.294567	0.126237	0.0890882	0.367688	0.0882761	0.3448018	0.5880008	65.52082	0.5689288	0.209564	0.571144	1.04401	2.17528	0.19982	0.243734	0.240357	0.31609	0.3719736	0.9269521
283	1022.312	-648.0213	1670.333	3.292032	0.0005605434	0.0005605434	0.02921614	0.0483721	0.324748	0.115863	0.0881027	0.322912	0.100002	0.3427575	0.5606828	65.84251	0.5689288	0.410664	0.746514	1.08362	1.7592	0.197996	0.241508	0.247292	0.313204	0.3719736	0.9214564
284	1019.648	-649.9455	1669.594	3.280955	0.0004998184	0.0004998184	0.04035993	0.0483721	0.324748	0.115863	0.0881027	0.322912	0.100002	0.3427575	0.5582486	66.65157	0.5689288	0.409893	0.745986	1.08359	1.76053	0.199866	0.234344	0.249628	0.316162	0.3831174	0.8946539
285	1020.688	-646.7594	1667.448	4.716058	0.00072792	0.00072792	0.004612454	0.0703874	0.319523	0.107293	0.0866853	0.317717	0.0983937	0.358537	0.8265795	66.47916	0.3993808	0.48984	0.796823	1.08376	1.62958	0.220961	0.247337	0.264933	0.266769	0.3631495	0.9872987
286	1019.98	-652.4309	1672.411	2.429303	0.0007355756	0.0007355756	0.0003691851	0.0681792	0.3095	0.103927	0.115337	0.30775	0.095307	0.3491451	0.6565062	66.00567	0.3993808	0.33965	0.694071	1.07778	1.8885	0.226506	0.253543	0.246488	0.273463	0.3495143	0.9989437
287	1023.581	-648.8585	1672.439	2.436543	0.0007059563	0.0007059563	0.05790249	0.0631281	0.368157	0.0778741	0.106792	0.28495	0.0990985	0.305123	0.7626449	65.90023	0.3993808	0.340357	0.694634	1.07787	1.88714	0.213055	0.262957	0.260173	0.263815	0.3630255	0.8405002
288	1028.618	-646.3899	1675.008	3.067122	0.0007141461	0.0007141461	0.05390098	0.0631281	0.368157	0.0778741	0.106792	0.28495	0.0990985	0.3214781	0.7626449	66.44903	0.3993808	0.394389	0.735178	1.08283	1.78761	0.189424	0.25519	0.252487	0.302899	0.3753791	0.8564092
289	1031.98	-643.0499	1675.03	3.664277	0.0007477935	0.0007477935	0.04716461	0.0467708	0.367713	0.0777803	0.0883465	0.32041	0.0989791	0.334288	0.7602631	66.24854	0.4505038	0.434911	0.762736	1.08428	1.71807	0.196476	0.227465	0.261886	0.314174	0.3814526	0.8763553
290	1030.128	-639.8133	1669.942	5.270018	0.0007477935	0.0007477935	0.05232929	0.0478363	0.319808	0.12764	0.116918	0.329089	0.0587073	0.3349442	0.7602631	66.20777	0.4902774	0.51292	0.810155	1.0828	1.59412	0.211668	0.227769	0.275158	0.285405	0.3872735	0.8648777
291	1031.556	-642.0085	1673.564	4.050303	0.0006108512	0.0006108512	0.04467028	0.0487741	0.326078	0.130142	0.096077	0.33907	0.0598582	0.3426032	0.7572183	67.29606	0.5287754	0.457104	0.776931	1.08439	1.68157	0.211128	0.211673	0.255713	0.321486	0.3872735	0.8846544
292	1029.554	-642.6552	1672.21	6.046227	0.0006085556	0.0006085556	0.04604838	0.047796	0.337918	0.134868	0.0575444	0.361502	0.0603716	0.3426032	0.7572183	66.57518	0.5257558	0.540473	0.825378	1.08115	1.55299	0.230982	0.206346	0.249278	0.313395	0.3886516	0.8815176
293	1028.44	-643.0959	1671.536	6.224691	0.0005292273	0.0005292273	-0.01320003	0.0957395	0.199955	0.117874	0.0703891	0.442194	0.0738474	0.4075563	0.7572183	66.17557	0.4872961	0.546161	0.82843	1.08075	1.54466	0.20435	0.244911	0.24399	0.306748	0.3943563	1.033472
294	1036.898	-642.653	1679.551	6.245106	0.0005231393	0.0005231393	0.001797487	0.0642919	0.177439	0.126906	0.0757823	0.476075	0.0795056	0.3924488	0.7630427	66.10894	0.4872961	0.546798	0.82877	1.0807	1.54373	0.20435	0.244911	0.24399	0.306748	0.3942463	0.9954407
295	1046.14	-638.6704	1684.81	5.02486	0.0005214963	0.0005214963	0.0035703	0.0571598	0.234911	0.118481	0.0707513	0.44447	0.0742274	0.3924488	0.8328638	66.25232	0.4872961	0.503107	0.804553	1.08326	1.60908	0.218432	0.240577	0.239672	0.301319	0.3960191	0.9909845
296	1043.328	-642.267	1685.595	5.263298	0.0005214963	0.0005214963	0.04043849	0.0735775	0.17	0.187	0.0910728	0.406155	0.0721947	0.3555806	0.8328638	66.38578	0.4872961	0.512659	0.810007	1.08282	1.59452	0.272637	0.228613	0.225941	0.272809	0.3960191	0.8978875
297	1041.225	-642.6245	1683.849	3.49637	0.0005193557	0.0005193557	0.03267511	0.0752485	0.173861	0.168536	0.0931411	0.415379	0.0738343	0.3438014	0.769491	67.30578	0.4872961	0.424356	0.755769	1.08407	1.73581	0.172832	0.290163	0.27025	0.266754	0.3764765	0.9132081
298	1043.791	-642.7386	1686.53	4.400599	0.0005418165	0.0005418165	0.01728647	0.0719038	0.246982	0.13848	0.0890011	0.396916	0.0567177	0.3415921	0.7685722	66.26495	0.2357769	0.475101	0.788015	1.08415	1.65273	0.233764	0.268789	0.250343	0.247104	0.3588786	0.951832
299	1043.314	-639.9938	1683.308	5.753243	0.0005418165	0.0005418165	0.01728647	0.079919	0.179083	0.153916	0.0989221	0.410546	0.0776136	0.3415921	0.8365198	66.98988	0.2357769	0.530643	0.82003	1.0818	1.56752	0.219152	0.254871	0.234694	0.291282	0.3588786	0.951832
300	1047.829	-638.9554	1686.784	4.675279	0.0005568218	0.0005568218	0.04782522	0.0761819	0.243527	0.155088	0.0598697	0.391349	0.0739843	0.3110534	0.8754177	67.45758	0.147337	0.488005	0.795739	1.08382	1.63244	0.21093	0.267319	0.250066	0.271685	0.3588786	0.8667371
301	1047.05	-640.5969	1687.647	4.531577	0.00054313	0.00054313	0.04031551	0.0860668	0.171879	0.175211	0.067638	0.442127	0.0570775	0.3252008	0.876924	68.51365	0.1739722	0.481377	0.791794	1.08401	1.64282	0.214368	0.271675	0.266475	0.247483	0.3655163	0.8897026
302	1040.842	-644.1824	1685.025	3.466556	0.0005251466	0.0005251466	0.03981218	0.0840176	0.167787	0.17104	0.0866058	0.431601	0.0589498	0.325519	0.76686	68.19258	0.1739722	0.422418	0.754475	1.08402	1.73909	0.254822	0.171503	0.279488	0.294187	0.3653312	0.8910244
303	1045.168	-638.7475	1683.916	3.935992	0.0007339886	0.0007339886	0.02332828	0.0915287	0.142834	0.186331	0.0943483	0.420738	0.0642199	0.325519	0.7691883	68.34984	0.5570413	0.450811	0.772966	1.08441	1.69182	0.215011	0.251268	0.260023	0.273698	0.3488473	0.9331275
304	1046.939	-638.7511	1685.69	3.340792	0.0007339886	0.0007339886	0.02261134	0.0915287	0.142834	0.186331	0.0943483	0.420738	0.0642199	0.3103156	0.7677232	68.08251	0.5570413	0.414021	0.748807	1.08375	1.75342	0.232767	0.264136	0.238612	0.264484	0.3329269	0.9320832
305	1041.732	-643.5713	1685.303	3.860402	0.0006998473	0.0006998473	0.01939002	0.0960628	0.14991	0.231107	0.0461365	0.409382	0.0674012	0.3135369	0.8018035	67.57019	0.5570413	0.446525	0.770239	1.0844	1.69884	0.193661	0.269212	0.260358	0.27677	0.3329269	0.9417589
306	1038.633	-642.3584	1680.992	2.060711	0.0007235868	0.0007235868	0.03401786	0.0985683	0.15382	0.237135	0.0473398	0.431375	0.0317625	0.3191118	0.6442523	67.62757	0.5570413	0.300416	0.661318	1.07144	1.96683	0.206783	0.25484	0.277999	0.260378	0.3531296	0.9036675
307	1037.789	-643.0755	1680.865	2.234912	0.0007481847	0.0007481847	0.01987732	0.0954653	0.148977	0.22967	0.0458495	0.417795	0.0622435	0.3282288	0.6442523	67.04946	0.5044053	0.319791	0.677875	1.07489	1.92744	0.20767	0.255933	0.274903	0.261495	0.3481061	0.9428987
308	1040.102	-643.3001	1683.402	1.373772	0.0007207489	0.0007207489	0.03236975	0.0549046	0.124874	0.145413	0.0384314	0.584204	0.0521729	0.3194114	0.702264	66.62268	0.5044053	0.205148	0.566102	1.04206	2.18669	0.23582	0.189614	0.277625	0.296942	0.3517812	0.9079833
309	1037.801	-642.9524	1680.753	1.292801	0.0007198719	0.0007198719	0.009164414	0.0462428	0.105174	0.116474	0.036395	0.646291	0.0494235	0.327883	0.7045434	66.60223	0.5044053	0.191469	0.549994	1.03552	2.22302	0.2663	0.184741	0.265668	0.283291	0.3370474	0.9728097
310	1034.868	-647.021	1681.889	1.308953	0.0007359853	0.0007359853	0.009077576	0.0431955	0.098243	0.108799	0.0339967	0.6696	0.0461666	0.3279698	0.8781283	65.39525	0.3975928	0.194245	0.553326	1.03691	2.21552	0.277811	0.238102	0.277151	0.206936	0.3370474	0.9730674
311	1037.703	-645.4918	1683.195	0.899162	0.0009351657	0.0009351657	-0.004114588	0.0438088	0.157825	0.0738681	0.0344794	0.64567	0.044348	0.341162	0.7303869	64.60667	0.5715406	0.116421	0.444193	0.981052	2.45833	0.276448	0.207918	0.295213	0.220422	0.3370474	1.012208
312	1036.698	-645.5102	1682.208	0.9909642	0.0009176813	0.0009176813	-0.004515556	0.0624459	0.167423	0.155317	0.0645762	0.485894	0.0643447	0.341563	0.8089968	65.04238	0.5715406	0.135147	0.474019	0.998487	2.39235	0.276448	0.207918	0.295213	0.220422	0.3370474	1.013397
313	1038.993	-643.0598	1682.053	1.007444	0.0009164722	0.0009164722	-0.006566214	0.0670359	0.153157	0.157712	0.0655722	0.493388	0.0631353	0.3426547	0.6889149	65.49312	0.4858291	0.138437	0.478978	1.00122	2.38136	0.273776	0.22187	0.29236	0.211994	0.3360885	1.019537
314	1045.657	-639.0789	1684.736	0.8490697	0.0008825535	0.0008825535	0.002080386	0.0668366	0.152168	0.157244	0.0688831	0.491921	0.0629476	0.3342095	0.7866097	65.46706	0.4858291	0.105949	0.426164	0.969676	2.49821	0.261645	0.212039	0.279405	0.24691	0.3362899	0.9938137
315	1047.833	-638.3463	1686.179	0.8702796	0.0008825535	0.0008825535	-0.01922746	0.0805044	0.183603	0.148163	0.0649051	0.463513	0.0593124	0.3551501	0.7264154	67.13306	0.2269835	0.110402	0.433962	0.974676	2.48096	0.263036	0.207852	0.28089	0.248222	0.3359227	1.057238
316	1048.355	-638.9082	1687.263	0.8381957	0.0009223035	0.0009223035	0.05217495	0.0529531	0.14927	0.160721	0.0704063	0.502799	0.0638513	0.2838955	0.7685547	67.07432	0.2269835	0.103657	0.422069	0.967001	2.50727	0.263036	0.207852	0.28089	0.248222	0.3360704	0.8447499
317	1048.635	-637.6216	1686.257	0.8341704	0.0009344718	0.0009344718	0.05220161	0.0539839	0.152175	0.163849	0.0717768	0.512587	0.045628	0.2927208	0.7812312	66.52467	0.186479	0.102806	0.420536	0.965991	2.51067	0.263036	0.207852	0.28089	0.248222	0.3449225	0.848657
318	1051.732	-636.9241	1688.656	0.7632111	0.0009738279	0.0009738279	0.0206695	0.0397851	0.157153	0.152465	0.0741245	0.529352	0.0471204	0.324253	0.8833195	65.9873	0.09489812	0.0877101	0.39189	0.946216	2.57418	0.263036	0.207852	0.28089	0.248222	0.3449225	0.9400749
319	1048.077	-639.0612	1687.139	0.8003291	0.0008830495	0.0008830495	0.07196814	0.0345999	0.240211	0.113261	0.0798513	0.491097	0.0409792	0.2760512	0.9194655	65.84362	0.0927563	0.0956288	0.407267	0.957046	2.54006	0.277887	0.202595	0.25728	0.262238	0.3480193	0.7932065
320	1046.821	-638.8688	1685.69	0.811783	0.0008908992	0.0008908992	0.08786756	0.032502	0.240525	0.126925	0.128016	0.454867	0.0171656	0.2770656	0.8780425	66.25417	0.0927563	0.0980635	0.411835	0.960167	2.52993	0.256038	0.186666	0.237051	0.320245	0.3649331	0.7592228
321	1047.317	-641.5986	1688.916	1.06036	0.001129784	0.001129784	0.05130437	0.0334961	0.247881	0.130807	0.101346	0.46878	0.0176907	0.2738133	0.846189	65.74154	0.0927563	0.148838	0.494172	1.00932	2.34767	0.187591	0.197369	0.276432	0.338608	0.3251176	0.8421975
322	1046.33	-640.8487	1687.178	1.201367	0.001082349	0.001082349	0.04892052	0.0462272	0.310389	0.0542849	0.102205	0.472755	0.0141388	0.2927509	0.846189	65.62721	0.3810647	0.175301	0.52991	1.02673	2.26806	0.165838	0.290442	0.244377	0.299343	0.3416715	0.85682
323	1048.252	-641.6842	1689.936	1.201367	0.001036012	0.001036012	0.04462412	0.0455497	0.30584	0.0688949	0.100707	0.465826	0.0131828	0.2948013	0.846189	66.11178	0.3810647	0.175301	0.52991	1.02673	2.26806	0.182814	0.223587	0.263615	0.329984	0.3394254	0.8685304
324	1054.038	-632.0529	1686.091	1.373981	0.0007820001	0.0007820001	0.01495019	0.0427619	0.298721	0.117416	0.0914088	0.437316	0.0123759	0.3108328	0.8241175	66.57591	0.3618814	0.205182	0.566142	1.04208	2.1866	0.182617	0.224423	0.263331	0.329629	0.325783	0.95411
325	1049.449	-636.5039	1685.953	1.413692	0.00077637	0.00077637	0.04197197	0.0526578	0.293465	0.144588	0.112562	0.381487	0.01524	0.3304311	0.8029004	66.31072	0.1192075	0.211677	0.57353	1.04492	2.16987	0.178279	0.219092	0.312296	0.290332	0.3724031	0.8872942
326	1051.158	-634.3403	1685.498	1.353109	0.0007847906	0.0007847906	0.03981062	0.0476412	0.180011	0.135888	0.0654206	0.557251	0.0137881	0.3304311	0.8018079	66.02307	0.461174	0.201713	0.562129	1.04049	2.19567	0.170292	0.230829	0.321554	0.277325	0.3702417	0.892474
327	1050.82	-633.7068	1684.527	1.411539	0.000770505	0.000770505	-0.01313219	0.0780059	0.174272	0.131555	0.0633347	0.539484	0.0133485	0.3924852	0.8396432	66.25993	0.461174	0.211328	0.573138	1.04477	2.17076	0.251271	0.197674	0.291735	0.25932	0.379353	1.034617
328	1052.297	-633.5368	1685.834	1.338049	0.0007661315	0.0007661315	-0.01478585	0.0885982	0.21531	0.176258	0.0569108	0.438635	0.0242878	0.3941388	0.7649694	65.20653	0.4658577	0.199186	0.559175	1.0393	2.20234	0.251271	0.197674	0.291735	0.25932	0.379353	1.038976
329	1056.103	-632.2419	1688.345	1.150232	0.0007901653	0.0007901653	-0.005471331	0.0919684	0.18902	0.182963	0.0590757	0.440571	0.0364019	0.3922307	0.7707088	65.26256	0.4658577	0.165918	0.517677	1.02103	2.29537	0.244204	0.220238	0.283531	0.252027	0.3867593	1.014147
330	1047.726	-642.4451	1690.171	1.294104	0.000787983	0.000787983	0.008199581	0.087905	0.252182	0.165727	0.0636041	0.399067	0.0315148	0.3785598	0.760301	65.64208	0.4658577	0.191694	0.550265	1.03564	2.22241	0.235763	0.166417	0.324176	0.273644	0.3867593	0.9787993
331	1044.626	-645.6012	1690.228	1.270582	0.0006940435	0.0006940435	0.01922201	0.0868496	0.249155	0.163737	0.0848155	0.394276	0.0211678	0.381371	0.7162255	65.30033	0.2414667	0.187611	0.54531	1.03353	2.23354	0.192799	0.175772	0.342401	0.289028	0.400593	0.9520161
332	1049.611	-642.8184	1692.43	1.07706	0.0007244665	0.0007244665	0.04256346	0.131599	0.211024	0.223909	0.0718353	0.333936	0.0276967	0.3792158	0.7122096	65.43331	0.2414667	0.152068	0.498749	1.01168	2.3375	0.212133	0.244679	0.294551	0.248637	0.4217793	0.8990859
333	1052.999	-638.0635	1691.063	1.071548	0.0009532193	0.0009532193	0.03039123	0.14379	0.230572	0.141082	0.0894238	0.36487	0.0302624	0.3803496	0.7136541	65.5777	0.2414667	0.151005	0.497249	1.01091	2.34083	0.189518	0.271706	0.262675	0.276101	0.4107408	0.9260087
334	1050.017	-639.1158	1689.133	1.074644	0.0009567552	0.0009567552	0.02999487	0.176233	0.200006	0.168262	0.0840614	0.34299	0.0284476	0.3814162	0.7982561	65.55311	0.2414667	0.151602	0.498093	1.01135	2.33896	0.189518	0.271706	0.262675	0.276101	0.411411	0.9270927
335	1046.041	-643.9241	1689.966	1.077519	0.0009920886	0.0009920886	0.02349635	0.175116	0.198738	0.167195	0.0898683	0.340815	0.0282673	0.3879147	0.7896726	64.83309	0.3924825	0.152156	0.498873	1.01174	2.33723	0.201503	0.267689	0.258791	0.272018	0.411411	0.9428884
336	1044.473	-643.8715	1688.345	1.03284	0.0009995137	0.0009995137	0.01550054	0.16474	0.181382	0.152594	0.0619963	0.413489	0.0257986	0.3879147	0.7173273	64.52361	0.3924825	0.14346	0.486405	1.00524	2.3649	0.201503	0.267689	0.258791	0.272018	0.4034152	0.9615767
337	1048.113	-644.4752	1692.588	1.033647	0.001017169	0.001017169	0.01465013	0.201103	0.221418	0.186276	0.0756807	0.284367	0.0311553	0.3879147	0.7116971	64.7733	0.3924825	0.143618	0.486637	1.00536	2.36439	0.199329	0.264801	0.255999	0.279871	0.4025648	0.963608
338	1046.763	-642.3844	1689.148	0.831834	0.001044953	0.001044953	0.01465013	0.211497	0.203019	0.211886	0.0693919	0.27564	0.0285664	0.3879147	0.8068953	65.21567	0.5740214	0.102312	0.419642	0.9654	2.51265	0.194046	0.257783	0.255502	0.29267	0.4025648	0.963608
339	1050.19	-642.6518	1692.842	0.8533869	0.001072016	0.001072016	0.01024894	0.192714	0.207406	0.216465	0.0726343	0.281596	0.0291838	0.3820266	0.8398738	65.10119	0.2079911	0.106858	0.427772	0.970717	2.49465	0.187707	0.249362	0.279821	0.283109	0.3922756	0.9738731
340	1052.263	-641.6639	1693.927	0.8972006	0.001074474	0.001074474	0.04180515	0.148005	0.176016	0.237167	0.0836267	0.321831	0.0333536	0.3662027	0.8590232	64.86583	0.2079911	0.116014	0.443512	0.980634	2.45984	0.214619	0.215677	0.274434	0.29527	0.4080078	0.8975384
341	1055.545	-636.9811	1692.526	0.9033163	0.001041146	0.001041146	0.04295686	0.157573	0.1716	0.120342	0.0815285	0.445015	0.0239427	0.3662027	0.8231296	65.14261	0.2079911	0.117282	0.44563	0.981931	2.45516	0.23496	0.22023	0.262443	0.282368	0.4091595	0.8950119
342	1053.506	-640.7352	1694.241	1.060274	0.001365712	0.001365712	0.04050564	0.130992	0.230119	0.100041	0.0775812	0.443901	0.0173648	0.3659566	0.8241577	65.42032	0.2079911	0.148821	0.494148	1.00931	2.34772	0.236345	0.203305	0.276317	0.284033	0.4064622	0.9003459
343	1053.373	-639.924	1693.297	1.075799	0.001359789	0.001359789	0.02259047	0.133365	0.234287	0.169455	0.0711127	0.374102	0.0176793	0.3659566	0.8378061	64.8755	0.2079911	0.151825	0.498407	1.01151	2.33826	0.221744	0.207192	0.281601	0.289464	0.388547	0.9418591
344	1053.514	-640.9688	1694.483	1.346847	0.001333627	0.001333627	0.02070412	0.136671	0.240096	0.14329	0.0728759	0.383377	0.0236897	0.3768158	0.957268	64.80473	0.2079911	0.200665	0.560906	1.04	2.19843	0.240799	0.193814	0.263418	0.30197	0.39752	0.9479168
345	1050.649	-641.9295	1692.578	1.354437	0.001292103	0.001292103	0.02837369	0.0920008	0.237483	0.152926	0.0777769	0.40916	0.0306535	0.3755476	0.957268	64.58064	0.05718179	0.201935	0.562387	1.04059	2.19509	0.283998	0.209777	0.239114	0.267112	0.4039213	0.9297544
346	1056.006	-634.8754	1690.882	1.307413	0.001015334	0.001015334	0.02905055	0.102109	0.263576	0.169729	0.0844057	0.327384	0.0527964	0.3746436	0.9605724	64.5595	0.1124895	0.193981	0.553011	1.03678	2.21623	0.202677	0.223093	0.266608	0.307622	0.4036941	0.9280382
347	1048.615	-638.9676	1687.583	1.361287	0.0009685632	0.0009685632	0.04187972	0.116068	0.299609	0.192932	0.0959446	0.252346	0.0431002	0.3750091	1.078361	65.48541	0.1124895	0.203077	0.563712	1.04112	2.19209	0.189973	0.226266	0.280062	0.303699	0.4168888	0.8995422
348	1047.407	-641.2743	1688.681	1.595184	0.0009660311	0.0009660311	0.03382866	0.114977	0.299979	0.19317	0.0960631	0.252658	0.0431535	0.3750091	0.8728488	65.29422	0.1124895	0.239659	0.603669	1.05555	2.10112	0.183609	0.226827	0.280756	0.308808	0.4088378	0.9172565
349	1048.723	-639.9554	1688.678	1.040254	0.0007554096	0.0007554096	0.0132235	0.112547	0.293639	0.189088	0.0938612	0.247318	0.0635474	0.3750091	0.8728488	65.16978	0.30868	0.144915	0.488526	1.00636	2.3602	0.170724	0.230407	0.285187	0.313682	0.3882326	0.9659392
350	1042.624	-643.8434	1686.468	1.067096	0.0007554096	0.0007554096	-0.01301726	0.11918	0.310946	0.200232	0.0993933	0.178056	0.0921932	0.3576545	0.8728488	65.44469	0.30868	0.150144	0.49603	1.01028	2.34354	0.231264	0.230585	0.242361	0.29579	0.3446373	1.037771
351	1045.194	-645.7433	1690.937	1.02832	0.001158443	0.001158443	0.004941273	0.118143	0.273249	0.287618	0.0985289	0.176507	0.0459534	0.3367989	0.8696738	65.38622	0.30868	0.14257	0.485102	1.00454	2.36779	0.234658	0.213341	0.247261	0.30474	0.3417402	0.9855408
352	1045.351	-645.0299	1690.381	1.039969	0.001168278	0.001168278	0.004941273	0.101643	0.191592	0.312125	0.129021	0.205666	0.0599527	0.3367989	1.161094	66.44614	0.30868	0.144859	0.488444	1.00632	2.36038	0.218245	0.233403	0.264927	0.283425	0.3417402	0.9855408
353	1048.733	-639.5833	1688.316	1.041536	0.001114766	0.001114766	0.005250631	0.0805388	0.207127	0.2955	0.12215	0.238766	0.0559185	0.3364895	1.158096	65.87494	0.30868	0.145166	0.48889	1.00656	2.35939	0.211291	0.2242	0.25448	0.310029	0.3417402	0.9846356
354	1042.058	-643.4751	1685.533	1.111733	0.001163506	0.001163506	-0.009179642	0.0518791	0.213583	0.304711	0.125957	0.246209	0.0576614	0.3424833	1.127995	66.54488	0.30868	0.158693	0.507939	1.0163	2.31707	0.210988	0.223878	0.254115	0.311019	0.3333036	1.027541
355	1047.315	-639.7436	1687.059	1.219641	0.0007794711	0.0007794711	-0.01055051	0.0513014	0.211204	0.282683	0.124554	0.273238	0.0570193	0.3419138	1.13437	66.44508	0.3026357	0.178594	0.5341	1.02862	2.25868	0.253757	0.213143	0.236994	0.296106	0.3313633	1.03184
356	1052.229	-638.4587	1690.688	0.7716817	0.0007396665	0.0007396665	-0.005499017	0.0492811	0.202887	0.271551	0.119649	0.301858	0.0547739	0.3417103	1.111591	65.96992	0.1658245	0.0895203	0.395478	0.948788	2.56621	0.251861	0.219022	0.235223	0.293893	0.3362113	1.016356
357	1050.928	-638.6154	1689.543	1.237172	0.0006737443	0.0006737443	0.008609325	0.0354282	0.209378	0.280238	0.124925	0.311514	0.0385167	0.3529415	0.7367621	66.15989	0.1658245	0.181725	0.538034	1.03037	2.24987	0.241541	0.214351	0.241888	0.30222	0.3615508	0.9761878
358	1050.942	-637.5008	1688.443	0.759758	0.0006737443	0.0006737443	0.01443693	0.0356742	0.217173	0.290671	0.0963526	0.298117	0.0620128	0.3537912	0.757156	67.14197	0.1658245	0.0869718	0.390413	0.945149	2.57747	0.199118	0.232092	0.244997	0.323794	0.3682281	0.9607935
359	1053.252	-637.8968	1691.149	0.7325682	0.0006721682	0.0006721682	0.01418653	0.0183371	0.221979	0.297104	0.0984849	0.30071	0.0633852	0.3545963	0.9051472	67.50973	0.1658245	0.081154	0.3785	0.936364	2.60398	0.201472	0.234835	0.236071	0.327621	0.3687828	0.9615315
360	1046.373	-639.1496	1685.523	0.6394065	0.0008886174	0.0008886174	0.06405573	0.018992	0.229907	0.307715	0.0662877	0.31145	0.065649	0.3142444	0.9019916	67.35305	0.2779595	0.0613242	0.333481	0.900164	2.70503	0.202369	0.23588	0.237122	0.324629	0.3783001	0.8306748
