Iteration	Posterior	Likelihood	Prior	alpha_seq	branch_rates	branch_rates_mean	diversification	er[1]	er[2]	er[3]	er[4]	er[5]	er[6]	extinction_rate	omega	origin_time	p_inv	rates_seq[1]	rates_seq[2]	rates_seq[3]	rates_seq[4]	sf[1]	sf[2]	sf[3]	sf[4]	speciation_rate	turnover
0	-1677.836	-3111.773	1433.937	1.082654	0.001	0.001	0.38364	0.0819263	0.220352	0.134142	0.2244	0.00933598	0.329844	0.11636	1	67.57898	0.587778	0.153144	0.500259	1.01245	2.33415	0.0198234	0.113286	0.636153	0.230738	0.5	0.23272
1	-1142.979	-2568.014	1425.035	0.7234056	0.00151084	0.00151084	0.38364	0.0692439	0.369137	0.113376	0.160512	0.00894663	0.278784	0.11636	1.002665	68.18961	0.587778	0.0791931	0.374367	0.933242	2.6132	0.0437136	0.309439	0.413704	0.233143	0.5	0.23272
2	-818.2928	-2241.553	1423.26	0.7210835	0.001515221	0.001515221	0.3827929	0.0751791	0.393027	0.123094	0.0933549	0.012665	0.302679	0.117348	1.066408	68.97448	0.587778	0.0786962	0.37331	0.932438	2.61556	0.0516063	0.461689	0.211466	0.275238	0.5001409	0.2346299
3	-558.5796	-2048.596	1490.016	0.4489444	0.001925777	0.001925777	0.2183917	0.105356	0.368622	0.128392	0.0962637	0.0132101	0.288157	0.1191015	1.076754	69.30117	0.587778	0.0243618	0.217285	0.779245	2.97911	0.106594	0.434921	0.199206	0.25928	0.3374932	0.3529005
4	-445.4114	-1934.97	1489.558	0.3980496	0.001934616	0.001934616	0.2131319	0.123279	0.356192	0.124062	0.0930178	0.0250086	0.278441	0.1243613	1.047331	68.67641	0.587778	0.016434	0.180298	0.729161	3.07411	0.110272	0.449929	0.171572	0.268227	0.3374932	0.3684853
5	-296.8818	-1810.416	1513.534	0.4000055	0.002281965	0.002281965	0.1091161	0.123279	0.356192	0.124062	0.0930178	0.0250086	0.278441	0.1863642	1.09442	68.83952	0.587778	0.0167152	0.18176	0.731287	3.07024	0.187155	0.392138	0.165585	0.255122	0.2954803	0.6307161
6	-165.6321	-1693.311	1527.679	0.3982161	0.002290621	0.002290621	0.04346784	0.124837	0.389921	0.105178	0.0727798	0.0253246	0.28196	0.1872539	0.6650378	68.70617	0.8953918	0.0164579	0.180422	0.729343	3.07378	0.182319	0.408669	0.114349	0.294663	0.2307218	0.8116006
7	-59.20563	-1587.726	1528.521	0.5588826	0.00228278	0.00228278	0.04346784	0.12433	0.388339	0.104751	0.0724844	0.02928	0.280815	0.1872539	0.6518379	69.6516	0.8050732	0.0447543	0.288629	0.858799	2.80782	0.184942	0.35614	0.115994	0.342924	0.2307218	0.8116006
8	-44.36084	-1576.086	1531.725	0.5588826	0.002280588	0.002280588	0.05481689	0.12059	0.40674	0.1016	0.0703039	0.0283991	0.272368	0.2307335	0.6807106	69.10233	0.8050732	0.0447543	0.288629	0.858799	2.80782	0.186639	0.359408	0.107882	0.346071	0.2855504	0.8080308
9	0.2444221	-1529.338	1529.583	0.5586924	0.002294041	0.002294041	0.02226008	0.145905	0.492124	0.122928	0.0850624	0.0386825	0.115298	0.2764182	0.7817771	69.2698	0.8050732	0.0447163	0.288516	0.858687	2.80808	0.207016	0.29745	0.111681	0.383853	0.2986783	0.9254714
10	44.65713	-1490.036	1534.693	0.533514	0.002332451	0.002332451	0.03738235	0.146115	0.492833	0.124629	0.0822221	0.0387382	0.115464	0.2902712	0.6747223	69.46034	0.8050732	0.0397551	0.273233	0.843201	2.84381	0.166606	0.312608	0.117372	0.403414	0.3276535	0.8859089
11	61.72907	-1472.104	1533.834	0.5331767	0.003307077	0.003307077	0.03593593	0.146115	0.492833	0.124629	0.0822221	0.0387382	0.115464	0.2911387	0.6416473	70.29781	0.8050732	0.0396896	0.273024	0.842984	2.8443	0.14659	0.320116	0.120191	0.413103	0.3270746	0.8901293
12	77.37296	-1453.92	1531.293	0.5950252	0.005212867	0.005212867	0.03415982	0.150363	0.487445	0.128252	0.0752552	0.0398644	0.118821	0.2919158	0.7522831	70.55192	0.6189968	0.0520836	0.309496	0.87876	2.75966	0.143505	0.264666	0.17251	0.419319	0.3260756	0.8952396
13	107.3153	-1423.994	1531.309	0.4466073	0.005199369	0.005199369	0.02597501	0.0684734	0.559994	0.14734	0.0653625	0.0594662	0.0993634	0.2969058	0.7595443	70.10595	0.6189968	0.023972	0.215639	0.777164	2.98323	0.143505	0.264666	0.17251	0.419319	0.3228808	0.9195523
14	117.4906	-1414.005	1531.496	0.4484036	0.005772841	0.005772841	0.02379463	0.0758436	0.572198	0.150551	0.066787	0.0607621	0.0738575	0.2990862	0.4889364	70.78795	0.6189968	0.0242714	0.216905	0.778765	2.98006	0.146504	0.317773	0.157188	0.378535	0.3228808	0.9263052
15	145.2727	-1383.98	1529.252	0.4484036	0.005909189	0.005909189	0.007345723	0.069876	0.529277	0.125661	0.0617772	0.153744	0.0596655	0.3065243	0.4364546	71.31545	0.6189968	0.0242714	0.216905	0.778765	2.98006	0.149515	0.265372	0.169159	0.415955	0.3138701	0.9765963
16	156.1218	-1376.56	1532.682	0.4483872	0.006193741	0.006193741	0.01441014	0.0841486	0.505306	0.11997	0.0589794	0.169378	0.0622182	0.3066057	0.5345713	71.07565	0.6189968	0.0242687	0.216893	0.77875	2.98009	0.172487	0.276044	0.18738	0.36409	0.3210158	0.9551108
17	166.6967	-1367.881	1534.578	0.8865349	0.006113908	0.006113908	0.03300176	0.0892821	0.509881	0.0925346	0.0625774	0.179711	0.0660139	0.2976872	0.6386832	71.13493	0.6189968	0.113796	0.439774	0.978323	2.46811	0.169401	0.288992	0.184028	0.357578	0.3306889	0.900203
18	185.4606	-1349.471	1534.932	0.8152341	0.006417167	0.006417167	0.03543651	0.0892821	0.509881	0.0925346	0.0625774	0.179711	0.0660139	0.29637	0.6312725	69.14934	0.6189968	0.098796	0.413196	0.961088	2.52692	0.216374	0.269913	0.179744	0.33397	0.3318065	0.8932013
19	209.5105	-1326.863	1536.374	0.8547365	0.006146786	0.006146786	0.03364863	0.0939703	0.475307	0.0973936	0.0658634	0.189148	0.0783182	0.2977516	0.6288979	69.55426	0.6189968	0.107141	0.428272	0.97104	2.49355	0.18904	0.271244	0.180631	0.359085	0.3314002	0.8984653
20	213.0386	-1323.528	1536.567	0.7268991	0.006155444	0.006155444	0.03437409	0.0939828	0.437998	0.0974065	0.0658721	0.189173	0.115568	0.2970261	0.6288979	69.4599	0.6189968	0.0799407	0.37595	0.934443	2.60967	0.190282	0.273027	0.181818	0.354873	0.3314002	0.8962762
21	278.3506	-1258.656	1537.007	0.7874662	0.006155444	0.006155444	0.03742638	0.0793702	0.369898	0.0822616	0.0556302	0.315241	0.0975991	0.3102031	0.6516668	69.38293	0.6189968	0.092889	0.402038	0.953421	2.55165	0.210736	0.276172	0.183913	0.329179	0.3476295	0.8923383
22	285.4051	-1253.017	1538.422	0.7895055	0.006138402	0.006138402	0.03662882	0.072972	0.366937	0.0816031	0.0551849	0.311696	0.111608	0.3104453	0.6489578	67.8802	0.6386069	0.0933237	0.402874	0.954004	2.5498	0.231707	0.204141	0.202215	0.361937	0.3470741	0.894464
23	285.3453	-1250.82	1536.165	1.215442	0.0069497	0.0069497	0.04652812	0.0746077	0.3684	0.0834324	0.0407678	0.318683	0.114109	0.3111026	0.6477675	67.82694	0.6386069	0.17784	0.533145	1.0282	2.26082	0.22485	0.1981	0.225826	0.351225	0.3576308	0.869899
24	297.3428	-1239.173	1536.516	1.215442	0.0069497	0.0069497	0.03882081	0.0675885	0.236583	0.0934127	0.0402733	0.449417	0.112725	0.3164202	0.6477675	67.75397	0.6386069	0.17784	0.533145	1.0282	2.26082	0.271282	0.182413	0.207943	0.338362	0.355241	0.8907198
25	302.2583	-1233.536	1535.794	0.9781388	0.004620722	0.004620722	0.03129934	0.061691	0.21594	0.0852619	0.0367592	0.479835	0.120514	0.3284881	0.6510005	66.58272	0.6386069	0.132572	0.470081	0.996281	2.40107	0.27345	0.183871	0.224495	0.318184	0.3597874	0.913006
26	299.9125	-1236.338	1536.251	0.9806935	0.004619216	0.004619216	0.02847831	0.0607986	0.265204	0.0840285	0.0362275	0.434972	0.11877	0.3284881	0.6510005	66.74667	0.6386069	0.133086	0.470871	0.996726	2.39932	0.291533	0.19603	0.239341	0.273096	0.3569664	0.9202213
27	300.6515	-1234.685	1535.336	0.978733	0.004865696	0.004865696	0.04730311	0.0695445	0.275757	0.0997714	0.0340757	0.409136	0.111716	0.3284881	0.6370597	67.18441	0.6386069	0.132691	0.470265	0.996385	2.40066	0.258229	0.205245	0.250592	0.285934	0.3757912	0.874124
28	300.2725	-1236.674	1536.946	0.9227728	0.005038012	0.005038012	0.03380802	0.0653589	0.25916	0.0937665	0.0320248	0.404439	0.145251	0.3475606	0.6067035	66.5838	0.6386069	0.121299	0.452242	0.985924	2.44053	0.264376	0.236134	0.20675	0.29274	0.3813686	0.9113508
29	304.555	-1231.364	1535.919	0.9412131	0.004402185	0.004402185	-0.009514158	0.0872714	0.245538	0.0888379	0.0303415	0.38318	0.164832	0.3542181	0.612171	66.44046	0.6386069	0.12508	0.45834	0.989533	2.42705	0.273751	0.209046	0.214082	0.303121	0.3447039	1.027601
30	316.262	-1222.143	1538.405	0.9075546	0.004896768	0.004896768	0.005631178	0.0881707	0.248068	0.0794488	0.0306541	0.387128	0.16653	0.3818875	0.6110474	69.03692	0.6386069	0.118159	0.447086	0.982818	2.45194	0.297349	0.200927	0.207675	0.29405	0.3875187	0.9854686
31	322.9729	-1217.315	1540.288	0.9030337	0.004850632	0.004850632	0.02128347	0.0819916	0.230683	0.0507036	0.0285059	0.52467	0.083446	0.3706512	0.564627	68.64811	0.6386069	0.117224	0.445532	0.981871	2.45537	0.292866	0.173153	0.244363	0.289617	0.3919347	0.9456964
32	330.8518	-1209.69	1540.542	0.8793436	0.006843061	0.006843061	0.03460445	0.0779793	0.277177	0.0539177	0.0125689	0.498995	0.0793626	0.3600337	0.564627	69.33096	0.6386069	0.112297	0.43722	0.976729	2.47375	0.267373	0.158081	0.263544	0.311002	0.3946381	0.9123135
33	338.1663	-1202.459	1540.625	0.8848568	0.006589644	0.006589644	0.02139175	0.115578	0.243589	0.159124	0.0110458	0.400918	0.0697456	0.3613047	0.5645487	70.54092	0.6386069	0.113447	0.43918	0.977954	2.46942	0.222844	0.175271	0.257065	0.344821	0.3826965	0.9441026
34	338.3284	-1202.967	1541.295	0.8806468	0.006335243	0.006335243	0.02138217	0.108289	0.228227	0.149088	0.0101038	0.438945	0.065347	0.3610209	0.5746228	69.72294	0.6386069	0.112569	0.437685	0.97702	2.47273	0.188402	0.187632	0.254827	0.369139	0.3824031	0.9440847
35	342.9507	-1195.888	1538.838	1.034062	0.006576953	0.006576953	0.03874213	0.131433	0.277005	0.1045	0.0122632	0.395485	0.0793134	0.3448474	0.5746228	69.39565	0.6386069	0.1437	0.486756	1.00542	2.36412	0.230378	0.177928	0.241648	0.350047	0.3835896	0.8990011
36	343.2195	-1195.236	1538.455	1.023925	0.006538166	0.006538166	0.0188742	0.123943	0.236443	0.109963	0.00993278	0.416161	0.103557	0.3544009	0.6006494	67.83317	0.6386069	0.141703	0.483827	1.00385	2.37062	0.226953	0.175282	0.276076	0.32169	0.3732751	0.9494362
37	346.3461	-1191.784	1538.13	1.182777	0.004887588	0.004887588	0.004912334	0.123943	0.236443	0.109963	0.00993278	0.416161	0.103557	0.3544861	0.5743493	67.03955	0.6386069	0.171918	0.525551	1.02473	2.2778	0.20291	0.262652	0.246829	0.28761	0.3593984	0.9863318
38	344.1199	-1191.01	1535.13	1.429126	0.004942361	0.004942361	-0.01802123	0.0891424	0.244422	0.113674	0.0155071	0.430204	0.107051	0.3702909	0.5743493	67.02347	0.6386069	0.214163	0.576318	1.04597	2.16355	0.236747	0.18139	0.28799	0.293873	0.3522697	1.051157
39	344.8361	-1193.638	1538.474	1.429126	0.004785922	0.004785922	0.03452035	0.0907208	0.24875	0.0789501	0.0157816	0.437821	0.127977	0.3177493	0.5785182	66.66199	0.6386069	0.214163	0.576318	1.04597	2.16355	0.25821	0.19735	0.224711	0.31973	0.3522697	0.9020059
40	346.6986	-1190.962	1537.66	1.503822	0.005164362	0.005164362	0.02311847	0.0863513	0.251667	0.125209	0.0137638	0.390737	0.132272	0.3224276	0.5757464	65.81068	0.6386069	0.225912	0.589191	1.05065	2.13425	0.260643	0.199209	0.226828	0.31332	0.3455461	0.9330958
41	347.8082	-1191.021	1538.829	1.469862	0.005164362	0.005164362	0.02892198	0.0865943	0.252375	0.125562	0.0109875	0.391837	0.132644	0.3391298	0.6892458	65.72086	0.6386069	0.220629	0.583462	1.0486	2.14731	0.260643	0.199209	0.226828	0.31332	0.3680518	0.9214187
42	370.7864	-1167.976	1538.762	1.535132	0.004334887	0.004334887	0.01168467	0.0845061	0.246289	0.115428	0.0104231	0.413908	0.129445	0.3555683	0.691457	67.24056	0.6386069	0.230699	0.594302	1.05242	2.12258	0.233329	0.206568	0.235208	0.324895	0.367253	0.9681836
43	368.3219	-1169.84	1538.162	1.532158	0.004170864	0.004170864	0.01656482	0.084924	0.247507	0.148638	0.0130102	0.415955	0.0899659	0.3502099	0.691457	67.41591	0.6386069	0.230248	0.593823	1.05226	2.12367	0.218766	0.193676	0.282941	0.304617	0.3667747	0.9548365
44	370.3253	-1168.22	1538.546	1.496856	0.004338473	0.004338473	0.0292863	0.0897705	0.246688	0.148147	0.0129672	0.414579	0.0878482	0.3652936	0.6672723	67.38325	0.6386069	0.224836	0.588032	1.05024	2.13689	0.218766	0.193676	0.282941	0.304617	0.3945799	0.9257785
45	370.3747	-1168.382	1538.757	0.9785332	0.004357901	0.004357901	-0.004276994	0.0891474	0.244976	0.154059	0.0128772	0.411701	0.0872384	0.3672254	0.5249402	66.47801	0.6386069	0.132651	0.470203	0.99635	2.4008	0.235328	0.208338	0.242452	0.313883	0.3629484	1.011784
46	375.9852	-1166.387	1542.372	0.9741028	0.004578129	0.004578129	0.02440629	0.0735975	0.238324	0.145789	0.0133519	0.400522	0.128416	0.3538673	0.5867286	67.19954	0.6386069	0.131758	0.468827	0.995573	2.40384	0.2376	0.21035	0.235136	0.316914	0.3782736	0.9354798
47	372.0584	-1166.881	1538.939	0.9562715	0.004797915	0.004797915	0.03642985	0.0773828	0.250581	0.153287	0.0140386	0.421121	0.083589	0.3552445	0.5505317	67.6028	0.6386069	0.128148	0.463202	0.992359	2.41629	0.177709	0.226874	0.253608	0.34181	0.3916743	0.9069894
48	375.9724	-1162.869	1538.842	1.148592	0.00480395	0.00480395	0.0355732	0.0837321	0.271142	0.165865	0.0151905	0.373623	0.0904476	0.3561011	0.5505317	67.71938	0.6386069	0.165613	0.517272	1.02084	2.29628	0.220374	0.242284	0.270834	0.266508	0.3916743	0.9091766
49	424.6157	-1113.132	1537.748	0.823087	0.004844692	0.004844692	0.03975281	0.095472	0.267668	0.16374	0.0149958	0.368836	0.0892887	0.3479053	0.5260055	67.90718	0.5666839	0.100461	0.416266	0.963152	2.52012	0.212161	0.288939	0.242326	0.256574	0.3876581	0.8974539
50	426.9376	-1111.346	1538.284	0.5286719	0.004772965	0.004772965	0.03605343	0.109278	0.236915	0.112269	0.0171644	0.422173	0.102201	0.3508886	0.5168348	68.47086	0.5666839	0.0388172	0.270222	0.840059	2.8509	0.206448	0.242116	0.24407	0.307366	0.3869421	0.9068247
51	431.6784	-1104.863	1536.542	0.8152092	0.004252912	0.004252912	0.03854596	0.107399	0.250035	0.110339	0.0168693	0.414914	0.100443	0.3483961	0.519711	67.98718	0.5666839	0.0987908	0.413186	0.961082	2.52694	0.259548	0.236417	0.238326	0.26571	0.3869421	0.9003831
52	433.7804	-1103.855	1537.636	0.5171171	0.003180751	0.003180751	0.0338362	0.103995	0.273802	0.106842	0.0163346	0.401765	0.0972602	0.3473369	0.5200864	68.12253	0.5666839	0.0366025	0.262944	0.832334	2.86812	0.225903	0.228689	0.25472	0.290689	0.3811731	0.9112314
53	432.332	-1103.104	1535.436	0.5923889	0.004502277	0.004502277	0.05183705	0.111489	0.190503	0.119859	0.0183248	0.450714	0.10911	0.3307261	0.5077672	67.26718	0.5666839	0.0515421	0.308015	0.877386	2.76306	0.260633	0.196413	0.253573	0.289381	0.3825631	0.8645007
54	429.8742	-1108.34	1538.214	0.5298572	0.004399571	0.004399571	0.0572728	0.101811	0.234343	0.129237	0.0116135	0.423357	0.0996383	0.3307586	0.6241846	66.58059	0.5666839	0.0390462	0.270961	0.840834	2.84916	0.234329	0.201241	0.244794	0.319636	0.3880314	0.8524016
55	432.4748	-1106.087	1538.562	0.5168785	0.004154007	0.004154007	0.02402589	0.101417	0.233436	0.128737	0.0154391	0.421718	0.0992526	0.3507216	0.6546877	66.8017	0.3833601	0.0365571	0.262792	0.832171	2.86848	0.234329	0.201241	0.244794	0.319636	0.3747475	0.9358878
56	429.6733	-1109.046	1538.719	0.5370281	0.004286961	0.004286961	0.02938291	0.120205	0.237936	0.122923	0.0214928	0.402673	0.0947702	0.3593439	0.5683222	67.13961	0.3833601	0.0404392	0.275403	0.845447	2.83871	0.219661	0.25124	0.229471	0.299628	0.3887269	0.9244125
57	435.6446	-1099.387	1535.032	0.4555427	0.003976353	0.003976353	0.0469784	0.101172	0.245639	0.117453	0.0221887	0.415709	0.0978383	0.3609485	0.5650392	67.16051	0.4597823	0.0254744	0.221906	0.785016	2.9676	0.23287	0.231815	0.24327	0.292046	0.4079269	0.8848362
58	436.8382	-1098.914	1535.753	0.4557189	0.003661804	0.003661804	0.0469784	0.0888771	0.247404	0.117115	0.0293676	0.418695	0.0985411	0.3609485	0.5427966	66.65414	0.4597823	0.0255043	0.222028	0.785168	2.9673	0.214202	0.213231	0.303934	0.268633	0.4079269	0.8848362
59	438.0191	-1097.204	1535.223	0.4382338	0.003661804	0.003661804	0.05734049	0.08939	0.230948	0.129904	0.0295371	0.421111	0.0991098	0.3604318	0.5428077	67.26957	0.4597823	0.0225944	0.209696	0.769548	2.99816	0.218753	0.22597	0.270595	0.284682	0.4177723	0.862747
60	441.4926	-1096.912	1538.404	0.3972204	0.003682806	0.003682806	0.03920647	0.0866813	0.255308	0.125968	0.0275858	0.408351	0.0961065	0.3618716	0.5471277	66.94168	0.4109264	0.0163155	0.179677	0.728255	3.07575	0.218753	0.22597	0.270595	0.284682	0.401078	0.9022473
61	435.9458	-1099.959	1535.905	0.3957426	0.003505252	0.003505252	0.02049887	0.0917353	0.24286	0.127383	0.0278958	0.41294	0.0971865	0.3766754	0.5429545	67.50747	0.467874	0.016105	0.178569	0.726632	3.07869	0.218753	0.22597	0.270595	0.284682	0.3971743	0.9483882
62	439.877	-1095.004	1534.881	0.3713553	0.003505252	0.003505252	0.04627893	0.0430238	0.255885	0.134215	0.0293919	0.435086	0.102399	0.3574788	0.5604152	67.82548	0.467874	0.0128081	0.160057	0.698325	3.12881	0.226494	0.233966	0.244783	0.294756	0.4037577	0.8853794
63	441.0259	-1096.701	1537.727	0.4674884	0.003505488	0.003505488	0.03852297	0.0372939	0.257417	0.135018	0.0295678	0.437691	0.103012	0.3652347	0.6292084	67.65413	0.467874	0.027532	0.230162	0.79509	2.94722	0.215753	0.204771	0.277293	0.302183	0.4037577	0.9045889
64	437.1676	-1101.429	1538.597	0.4674884	0.003373155	0.003373155	0.03384036	0.0396073	0.273385	0.138632	0.0280047	0.438882	0.0814891	0.3699173	0.5590042	68.42923	0.467874	0.027532	0.230162	0.79509	2.94722	0.204007	0.193624	0.262197	0.340172	0.4037577	0.9161865
65	443.1861	-1095.151	1538.337	0.4674884	0.003621227	0.003621227	0.03281069	0.0408913	0.247863	0.218944	0.0281451	0.39791	0.0662464	0.3823153	0.5400334	68.52734	0.4685651	0.027532	0.230162	0.79509	2.94722	0.232217	0.190634	0.258149	0.319	0.415126	0.9209621
66	448.4486	-1090.615	1539.064	0.4676374	0.003762299	0.003762299	0.03178687	0.0402824	0.27424	0.140786	0.0311402	0.440255	0.0732962	0.3833391	0.5416999	68.70408	0.4685651	0.027558	0.230264	0.795213	2.94696	0.231825	0.190313	0.257713	0.320149	0.415126	0.9234284
67	451.009	-1086.683	1537.692	0.6084599	0.00363446	0.00363446	0.02067859	0.0429154	0.279778	0.14363	0.00975436	0.449146	0.0747764	0.3602968	0.6642552	68.20361	0.4685651	0.0548575	0.316942	0.885574	2.74263	0.204705	0.285612	0.227307	0.282376	0.3809754	0.945722
68	455.9897	-1081.849	1537.839	0.6881803	0.00363446	0.00363446	0.02078204	0.0551943	0.29164	0.13851	0.00940669	0.433137	0.0721112	0.3611845	0.6665762	68.27499	0.4685651	0.0716655	0.3579	0.920408	2.65003	0.212668	0.260404	0.269474	0.257454	0.3819665	0.945592
69	462.0975	-1075.984	1538.081	0.688188	0.003568804	0.003568804	0.02345699	0.0518418	0.273925	0.189593	0.012812	0.406828	0.0649998	0.3582956	0.4902627	68.80489	0.4685651	0.0716672	0.357903	0.920411	2.65002	0.207272	0.262189	0.27132	0.259219	0.3817526	0.9385545
70	463.7576	-1073.31	1537.068	0.6587106	0.002884646	0.002884646	0.03956283	0.0472082	0.249442	0.172647	0.0116669	0.459845	0.0591901	0.3555636	0.5149628	69.27064	0.6259979	0.0654003	0.343379	0.908551	2.68267	0.224331	0.201467	0.29365	0.280553	0.3951264	0.899873
71	468.5339	-1066.702	1535.235	1.125067	0.00329758	0.00329758	0.03498371	0.0411308	0.23805	0.164763	0.0166298	0.48294	0.056487	0.3589926	0.5291644	68.13497	0.6259979	0.161211	0.511366	1.01798	2.30944	0.246738	0.22159	0.260952	0.27072	0.3939763	0.9112035
72	470.9031	-1063.566	1534.469	0.9174892	0.003336923	0.003336923	0.01110002	0.0432437	0.244112	0.100971	0.016216	0.507749	0.0877083	0.3817514	0.5317694	68.62724	0.6259979	0.120211	0.450465	0.984859	2.44447	0.244745	0.230683	0.2307	0.293872	0.3928514	0.971745
73	466.7404	-1065.607	1532.347	0.8977304	0.00305315	0.00305315	0.06353862	0.065241	0.237286	0.100975	0.0157626	0.493552	0.0871832	0.3813157	0.5258206	67.97078	0.6259979	0.116124	0.443696	0.980747	2.45943	0.244745	0.230683	0.2307	0.293872	0.4448543	0.8571698
74	463.3292	-1068.04	1531.369	1.070919	0.003112539	0.003112539	0.06431843	0.0652675	0.237383	0.101016	0.0153625	0.493753	0.0872187	0.3805359	0.4302	68.03442	0.6089191	0.150883	0.497077	1.01082	2.34122	0.209723	0.216484	0.246812	0.326981	0.4448543	0.8554169
75	454.9223	-1076.616	1531.538	0.7914102	0.002420624	0.002420624	0.06723693	0.0622231	0.227469	0.102977	0.0156458	0.502858	0.0888271	0.3776174	0.4298938	67.86451	0.6089191	0.0937296	0.403653	0.954546	2.54807	0.259209	0.205933	0.229351	0.305507	0.4448543	0.8488563
76	459.6808	-1070.736	1530.417	1.041512	0.002420624	0.002420624	0.06407991	0.0474064	0.231063	0.104604	0.015893	0.510803	0.0902305	0.3862194	0.4315927	68.03423	0.6089191	0.145162	0.488883	1.00655	2.3594	0.280725	0.223026	0.248388	0.247861	0.4502993	0.8576949
77	462.4721	-1070.053	1532.525	1.009767	0.002895658	0.002895658	0.02515395	0.042116	0.277037	0.132114	0.0161397	0.453799	0.078794	0.4223366	0.4318366	68.6588	0.6089191	0.138899	0.479668	1.0016	2.37983	0.269265	0.254745	0.238248	0.237742	0.4474906	0.9437889
78	465.3902	-1064.916	1530.306	1.298762	0.002786599	0.002786599	0.04579636	0.0469806	0.309036	0.147373	0.014675	0.396821	0.0851135	0.4223366	0.428672	68.86913	0.6089191	0.192496	0.551231	1.03604	2.22023	0.236916	0.230325	0.266662	0.266096	0.468133	0.9021723
79	467.6873	-1066.435	1534.122	1.256347	0.002790324	0.002790324	0.03606099	0.0551776	0.302449	0.144232	0.0127145	0.403933	0.081494	0.4304644	0.4216702	68.96737	0.6089191	0.185116	0.542245	1.03221	2.24043	0.220332	0.214203	0.231032	0.334432	0.4665254	0.9227031
80	465.8896	-1069.682	1535.571	2.028828	0.003091602	0.003091602	0.02601057	0.0476246	0.291038	0.15058	0.0122349	0.420103	0.0784195	0.4194281	0.4422979	70.30537	0.6089191	0.296692	0.658045	1.07069	1.97457	0.197702	0.189153	0.317822	0.295322	0.4454386	0.9416068
81	465.6642	-1070.161	1535.825	2.427656	0.003067144	0.003067144	0.04439494	0.0625726	0.287707	0.148856	0.00804779	0.415294	0.0775219	0.4180351	0.4418788	69.77912	0.6089191	0.339489	0.693943	1.07776	1.88881	0.190003	0.210074	0.271938	0.327985	0.46243	0.9039964
82	462.267	-1074.224	1536.491	2.428227	0.002402017	0.002402017	0.02581622	0.0636513	0.278988	0.151422	0.0105006	0.422454	0.0729846	0.4582942	0.4392561	69.89247	0.6089191	0.339545	0.693987	1.07776	1.8887	0.177982	0.236528	0.265396	0.320094	0.4841105	0.9466729
83	468.9637	-1067.628	1536.592	1.447347	0.00242807	0.00242807	0.01174225	0.0627051	0.256253	0.149171	0.00530937	0.439777	0.086784	0.4595714	0.4372646	69.69428	0.6089191	0.217073	0.579551	1.04717	2.1562	0.205299	0.272832	0.249799	0.272069	0.4713137	0.9750861
84	470.8438	-1064.671	1535.515	1.448398	0.002471042	0.002471042	0.01174225	0.0706812	0.254905	0.117366	0.00516996	0.482106	0.069771	0.4595714	0.4373285	68.81964	0.6089191	0.21724	0.579736	1.04724	2.15578	0.215033	0.238356	0.261643	0.284968	0.4713137	0.9750861
85	471.7725	-1062.98	1534.753	1.360038	0.002471042	0.002471042	0.03863751	0.071959	0.259513	0.100868	0.00580624	0.490822	0.0710323	0.455545	0.4369762	67.77324	0.6089191	0.202869	0.563471	1.04102	2.19264	0.241137	0.247286	0.244873	0.266704	0.4941825	0.9218153
86	471.6331	-1062.812	1534.446	1.722054	0.002684488	0.002684488	0.03863751	0.0796557	0.179668	0.111801	0.00692512	0.54332	0.0786299	0.455545	0.4447765	67.98925	0.6089191	0.257678	0.621779	1.06118	2.05936	0.243062	0.241279	0.246827	0.268832	0.4941825	0.9218153
87	470.0507	-1063.791	1533.842	1.726556	0.003215541	0.003215541	0.03863751	0.0957264	0.165057	0.104089	0.00737245	0.542809	0.0849465	0.455545	0.4447765	67.46623	0.6089191	0.258296	0.622383	1.06136	2.05796	0.242906	0.241125	0.246669	0.269299	0.4941825	0.9218153
88	469.763	-1065.521	1535.284	1.659169	0.003215541	0.003215541	0.03863751	0.0945755	0.163072	0.11486	0.00728382	0.536283	0.0839252	0.455545	0.4458608	67.00559	0.609484	0.248897	0.613071	1.05855	2.07949	0.246206	0.240074	0.245594	0.268126	0.4941825	0.9218153
89	469.8542	-1064.032	1533.886	1.848482	0.003068643	0.003068643	0.03587902	0.0956455	0.250984	0.101093	0.00641075	0.472002	0.0738656	0.4566432	0.4396605	67.3394	0.609484	0.274492	0.63787	1.06569	2.02195	0.229792	0.231762	0.237091	0.301355	0.4925222	0.9271525
90	470.1201	-1063.559	1533.679	1.503059	0.003147469	0.003147469	0.04231112	0.0546656	0.272095	0.074844	0.00661369	0.511703	0.0800787	0.4554334	0.4684291	67.5141	0.609484	0.225795	0.589065	1.0506	2.13454	0.229792	0.231762	0.237091	0.301355	0.4977445	0.9149943
91	470.6758	-1065.986	1536.662	1.578957	0.003215254	0.003215254	0.01686147	0.0535792	0.266687	0.0909969	0.00871478	0.501534	0.0784873	0.4777392	0.4879397	67.96885	0.6363391	0.237266	0.601192	1.05474	2.1068	0.237633	0.229403	0.234677	0.298287	0.4946006	0.9659089
92	469.1827	-1063.665	1532.848	1.005811	0.003247889	0.003247889	0.0009687479	0.0621237	0.309217	0.105508	0.0101046	0.42124	0.0918057	0.4936319	0.3318863	66.43936	0.6326423	0.138112	0.478491	1.00096	2.38244	0.228644	0.229378	0.238646	0.303332	0.4946006	0.9980414
93	468.2302	-1066.551	1534.781	1.005811	0.003164467	0.003164467	0.03186053	0.0589458	0.308638	0.105311	0.0150211	0.420451	0.0916337	0.4949014	0.3415319	66.21993	0.6326423	0.138112	0.478491	1.00096	2.38244	0.213612	0.214298	0.2887	0.28339	0.5267619	0.9395163
94	468.296	-1067.014	1535.31	1.006645	0.003393589	0.003393589	0.03273974	0.0592546	0.310255	0.105863	0.00986069	0.422654	0.0921138	0.4976041	0.3535881	66.30142	0.6326423	0.138278	0.47874	1.00109	2.38189	0.218032	0.218731	0.273985	0.289252	0.5303438	0.938267
95	471.023	-1066.117	1537.14	0.6314683	0.003372467	0.003372467	0.03273974	0.0528994	0.217979	0.136019	0.0104082	0.478425	0.104269	0.4976041	0.3565046	66.54241	0.4823688	0.0596565	0.329318	0.896561	2.71446	0.216685	0.250712	0.245137	0.287466	0.5303438	0.938267
96	465.9869	-1074.512	1540.499	0.6305394	0.003387674	0.003387674	0.01310262	0.0608716	0.216878	0.153262	0.0087493	0.442752	0.117487	0.5168788	0.3565046	65.74296	0.4823688	0.0594617	0.328828	0.896134	2.71558	0.296206	0.22526	0.220251	0.258282	0.5299814	0.9752772
97	467.9981	-1070.371	1538.37	0.3876062	0.002797965	0.002797965	0.03108176	0.0608368	0.216754	0.153175	0.0087443	0.442499	0.117991	0.5197097	0.343909	66.15807	0.4076106	0.0149678	0.172439	0.717513	3.09508	0.28431	0.226071	0.230407	0.259212	0.5507915	0.9435689
98	471.4026	-1068.274	1539.677	0.4536023	0.002810314	0.002810314	0.02225878	0.0674199	0.240208	0.16975	0.00969051	0.41026	0.102672	0.5142385	0.4549366	66.2618	0.4076106	0.0251454	0.220551	0.783334	2.97097	0.283792	0.22566	0.245617	0.244931	0.5364973	0.9585109
99	471.7836	-1066.999	1538.782	0.4382965	0.002566966	0.002566966	0.03125222	0.0592898	0.253349	0.120862	0.0102206	0.432704	0.123575	0.5142385	0.4249087	65.8646	0.4076106	0.0226046	0.209741	0.769606	2.99805	0.253446	0.240633	0.253314	0.252607	0.5454907	0.9427081
100	470.7667	-1066.453	1537.22	0.439973	0.004297566	0.004297566	0.0324307	0.0592898	0.253349	0.120862	0.0102206	0.432704	0.123575	0.5148648	0.4216025	65.75459	0.4076106	0.0228781	0.210936	0.771151	2.99503	0.198809	0.239547	0.292098	0.269546	0.5472954	0.9407437
101	460.3214	-1076.859	1537.18	0.4574367	0.005134849	0.005134849	0.0276002	0.0887677	0.240871	0.114909	0.00971723	0.428247	0.117488	0.5476627	0.4256782	66.24224	0.4076106	0.0257969	0.223224	0.786645	2.96433	0.222619	0.238943	0.236611	0.301827	0.5752629	0.9520216
102	459.2042	-1077.763	1536.967	0.3250452	0.005331122	0.005331122	0.0245163	0.0924487	0.191382	0.137683	0.0101202	0.446006	0.12236	0.5476627	0.4267629	66.23093	0.4076106	0.00754535	0.124066	0.635562	3.23283	0.22336	0.239739	0.234069	0.302832	0.572179	0.9571527
103	466.3998	-1070.91	1537.31	0.410895	0.005384917	0.005384917	-0.0105208	0.0773638	0.320568	0.115217	0.0112254	0.373231	0.102395	0.5826998	0.4267629	67.29454	0.3402482	0.0183171	0.189847	0.742806	3.04903	0.22336	0.239739	0.234069	0.302832	0.572179	1.018387
104	458.9919	-1075.147	1534.139	0.4526616	0.005384917	0.005384917	0.000878266	0.080524	0.333663	0.0991007	0.0140959	0.388477	0.0841398	0.5798066	0.4258245	66.83035	0.3402482	0.0249864	0.219893	0.782514	2.97261	0.225874	0.221996	0.236703	0.315427	0.5806849	0.9984875
105	450.7289	-1083.064	1533.793	0.4873763	0.005612711	0.005612711	0.0378286	0.0828317	0.360888	0.088397	0.0123002	0.380531	0.075052	0.5818025	0.4193598	66.483	0.3402482	0.0310725	0.243595	0.810861	2.91447	0.207073	0.225376	0.27838	0.289171	0.6196311	0.9389498
106	461.5161	-1076.606	1538.123	0.4666512	0.005619396	0.005619396	0.03297947	0.0832408	0.362671	0.0888335	0.012361	0.38241	0.0704839	0.5866517	0.4193598	66.36599	0.3402482	0.027386	0.229588	0.7944	2.94863	0.18419	0.23188	0.286414	0.297516	0.6196311	0.9467756
107	462.1376	-1078.564	1540.702	0.2633646	0.005416661	0.005416661	0.03443435	0.080176	0.363148	0.0889504	0.0142362	0.382913	0.0705766	0.5852919	0.4228647	66.71567	0.3402482	0.002794	0.0764973	0.528835	3.39187	0.202091	0.258439	0.213039	0.326431	0.6197263	0.9444362
108	463.1609	-1080.471	1543.632	0.2180518	0.004055553	0.004055553	0.02616587	0.0919264	0.279204	0.101987	0.0163226	0.439032	0.0715281	0.6145631	0.3860052	67.14671	0.3402482	0.000940694	0.0447953	0.429112	3.52515	0.240814	0.249112	0.195424	0.31465	0.6407289	0.9591623
109	464.1556	-1078.048	1542.204	0.2233947	0.004082779	0.004082779	0.04679629	0.0853999	0.259382	0.122018	0.0151637	0.407862	0.110175	0.6145631	0.3766812	66.7024	0.3402482	0.00109445	0.0482677	0.441927	3.50871	0.192913	0.260714	0.217069	0.329304	0.6613593	0.9292423
110	467.7753	-1074.174	1541.949	0.2889702	0.002989831	0.002989831	0.01839157	0.125895	0.246781	0.140984	0.0144271	0.388049	0.0838631	0.6033729	0.3606949	66.195	0.3402482	0.00444333	0.0959469	0.576806	3.3228	0.220366	0.251846	0.209685	0.318103	0.6217644	0.9704204
111	461.4571	-1079.628	1541.085	0.3531991	0.003130143	0.003130143	0.04876834	0.123137	0.221365	0.126464	0.0129412	0.440867	0.0752258	0.603844	0.3606949	66.11649	0.3402482	0.0105815	0.146041	0.675232	3.16815	0.236136	0.269869	0.224691	0.269304	0.6526124	0.9252721
112	462.587	-1075.806	1538.393	0.3335954	0.0025396	0.0025396	0.03054378	0.146643	0.25142	0.11333	0.0154116	0.38361	0.0895857	0.6220686	0.4636246	66.36546	0.3402482	0.00841199	0.130758	0.648139	3.21269	0.218813	0.221732	0.22045	0.339006	0.6526124	0.9531977
113	470.282	-1070.586	1540.868	0.3328768	0.003147536	0.003147536	0.01983455	0.111472	0.273626	0.109625	0.0123341	0.423239	0.0697035	0.6327778	0.3736286	65.98922	0.3402482	0.00833726	0.130196	0.647101	3.21437	0.214706	0.21757	0.216541	0.351183	0.6526124	0.9696075
114	476.5834	-1065.049	1541.633	0.3750786	0.003806765	0.003806765	0.0006329197	0.109215	0.268086	0.107406	0.0179057	0.41467	0.0827186	0.6533672	0.3771881	67.06814	0.3402482	0.0132894	0.162909	0.70284	3.12096	0.243249	0.246495	0.262564	0.247692	0.6540001	0.9990322
115	482.2955	-1062.488	1544.784	0.3349688	0.004180651	0.004180651	-0.0009512053	0.0720098	0.212989	0.094227	0.0142258	0.540829	0.0657185	0.6549652	0.3771881	67.29926	0.3402482	0.00855577	0.131832	0.650115	3.2095	0.232121	0.235218	0.250089	0.282571	0.654014	1.001454
116	478.0507	-1067.652	1545.702	0.5236057	0.004181322	0.004181322	0.006340797	0.0954131	0.284444	0.128456	0.0193934	0.382702	0.0895914	0.6509647	0.3847476	67.38429	0.3402482	0.037842	0.267047	0.836713	2.8584	0.237224	0.240389	0.255586	0.266801	0.6573055	0.9903533
117	477.2802	-1068.138	1545.418	0.4921864	0.004451067	0.004451067	-0.001857486	0.103268	0.245644	0.110934	0.016748	0.463769	0.0596375	0.6495621	0.3847476	67.19569	0.4642244	0.0319488	0.246784	0.814499	2.90677	0.248005	0.251314	0.221755	0.278926	0.6477046	1.002868
118	473.4148	-1072.062	1545.477	0.462468	0.004455964	0.004455964	-0.001413942	0.0877846	0.261034	0.112876	0.0142369	0.394234	0.129834	0.6256561	0.3785129	66.92347	0.4642244	0.0266606	0.226709	0.790914	2.95572	0.241366	0.238726	0.254952	0.264956	0.6242422	1.002265
119	476.2794	-1069.381	1545.66	0.845229	0.004466787	0.004466787	-0.0009509288	0.0877846	0.261034	0.112876	0.0142369	0.394234	0.129834	0.6264139	0.3737507	66.81552	0.4642244	0.10514	0.424726	0.96874	2.50139	0.227691	0.232281	0.264819	0.27521	0.625463	1.00152
120	480.0026	-1067.947	1547.949	0.8340871	0.003230358	0.003230358	0.03165226	0.0844604	0.274164	0.107238	0.028418	0.378258	0.127462	0.6102318	0.3737507	67.29104	0.4642244	0.102789	0.420504	0.96597	2.51074	0.226435	0.236514	0.263358	0.273692	0.6418841	0.9506885
121	478.8618	-1069.153	1548.014	0.5814025	0.002872348	0.002872348	0.01259268	0.0844604	0.274164	0.107238	0.028418	0.378258	0.127462	0.6080781	0.449239	67.1497	0.4642244	0.0492964	0.301775	0.871526	2.7774	0.242665	0.236104	0.281357	0.239874	0.6206707	0.9797112
122	471.471	-1075.126	1546.597	0.5379706	0.002951411	0.002951411	0.001902012	0.0927565	0.198471	0.117772	0.0312094	0.415412	0.14438	0.6179244	0.4337213	67.22477	0.4642244	0.0406232	0.275983	0.846045	2.83735	0.246854	0.222917	0.286215	0.244015	0.6198264	0.9969314
123	474.603	-1069.921	1544.524	0.5334087	0.003452592	0.003452592	-0.01389966	0.0926277	0.199584	0.117608	0.031166	0.414835	0.144179	0.6413	0.4398159	67.19758	0.4642244	0.0397346	0.273167	0.843134	2.84396	0.246585	0.223763	0.285903	0.243749	0.6274004	1.022154
124	473.7917	-1071.161	1544.952	0.535774	0.00375577	0.00375577	-0.005230931	0.0896209	0.156597	0.113791	0.0301543	0.470338	0.139499	0.6423335	0.3782126	67.16964	0.4642244	0.0401947	0.27463	0.844649	2.84053	0.254185	0.249898	0.244655	0.251262	0.6371025	1.008211
125	474.6741	-1068.179	1542.853	0.5049502	0.003689507	0.003689507	0.02710191	0.0726845	0.162901	0.118371	0.0257649	0.475165	0.145114	0.6084441	0.3580922	67.39657	0.4642244	0.0343089	0.255135	0.823837	2.88672	0.247552	0.219997	0.292846	0.239606	0.635546	0.9573565
126	475.3429	-1067.945	1543.288	0.4885109	0.003605077	0.003605077	-0.01422875	0.0746924	0.164785	0.121641	0.00644049	0.488291	0.14415	0.6261112	0.3880585	66.61471	0.4642244	0.0312785	0.244349	0.811725	2.91265	0.243776	0.216641	0.303632	0.235951	0.6118824	1.023254
127	476.231	-1065.322	1541.553	0.4466251	0.003420341	0.003420341	0.01377039	0.0728684	0.160761	0.0916036	0.0062832	0.527854	0.14063	0.5981121	0.3744629	67.23648	0.4642244	0.023975	0.215651	0.77718	2.98319	0.222143	0.222838	0.312317	0.242701	0.6118824	0.977495
128	475.8401	-1066.36	1542.2	0.6478642	0.003178558	0.003178558	0.03505612	0.066815	0.147406	0.167067	0.00576124	0.484004	0.128947	0.5768263	0.4655866	66.72168	0.4642244	0.0631067	0.337856	0.903903	2.69513	0.226524	0.261901	0.255936	0.255638	0.6118824	0.9427077
129	473.0825	-1067.04	1540.123	0.5253845	0.003458818	0.003458818	0.07554719	0.0667912	0.147353	0.167007	0.00611528	0.483832	0.128901	0.5465255	0.46599	66.76165	0.4642244	0.0381837	0.268165	0.837895	2.85576	0.224555	0.259624	0.262406	0.253416	0.6220727	0.8785557
130	481.2487	-1064.103	1545.352	0.5250995	0.003466388	0.003466388	0.01537474	0.0490044	0.17838	0.153156	0.00740291	0.51745	0.0946073	0.5888175	0.4541707	67.04617	0.4642244	0.0381288	0.267986	0.837706	2.85618	0.233742	0.270245	0.273141	0.222872	0.6041922	0.9745532
131	482.2383	-1065.663	1547.901	0.3737792	0.00360662	0.00360662	0.01335697	0.0419862	0.188198	0.161586	0.00838081	0.500034	0.0998147	0.5888175	0.4876175	66.82366	0.4642244	0.0131205	0.161914	0.701273	3.12369	0.238102	0.256631	0.278237	0.22703	0.6021745	0.9778188
132	479.171	-1066.492	1545.663	0.373269	0.00323837	0.00323837	0.02828438	0.0615008	0.17389	0.167569	0.00869112	0.518549	0.0698006	0.6008759	0.4876175	66.99245	0.4642244	0.0130545	0.161524	0.700655	3.12477	0.222569	0.275189	0.290024	0.212219	0.6291603	0.9550442
133	475.8004	-1068.038	1543.838	0.4064247	0.003242147	0.003242147	0.03445475	0.0633051	0.178991	0.143147	0.0089461	0.533762	0.0718483	0.5987041	0.5052712	66.96486	0.4642244	0.0176521	0.186539	0.73814	3.05767	0.259474	0.259605	0.2736	0.207321	0.6331588	0.9455828
134	482.1133	-1064.401	1546.515	0.40772	0.004548011	0.004548011	0.0285944	0.0649541	0.157605	0.146876	0.00917913	0.547665	0.0737199	0.6009493	0.4783936	68.39088	0.4642244	0.0178437	0.187499	0.739501	3.05516	0.259474	0.259605	0.2736	0.207321	0.6295437	0.9545792
135	484.0367	-1063.13	1547.167	0.424111	0.004070097	0.004070097	0.02958727	0.0675873	0.163994	0.108527	0.013316	0.569867	0.0767083	0.6009493	0.481265	68.65703	0.4642244	0.0203409	0.199526	0.756107	3.02403	0.259474	0.259605	0.2736	0.207321	0.6305366	0.953076
136	479.2215	-1065.333	1544.555	0.5243346	0.004012361	0.004012361	-0.004485546	0.0682599	0.167474	0.109626	0.0140673	0.581957	0.0586159	0.6350221	0.4791801	68.51147	0.4642244	0.0379819	0.267505	0.837198	2.85731	0.28573	0.217961	0.282354	0.213954	0.6305366	1.007114
137	473.6771	-1069.926	1543.603	0.5486473	0.00436184	0.00436184	-0.009725033	0.0827524	0.20303	0.132901	0.0170539	0.445002	0.11926	0.6402616	0.4787012	68.14177	0.4642244	0.0427209	0.282493	0.852675	2.82211	0.296802	0.226407	0.254546	0.222245	0.6305366	1.015423
138	481.1448	-1064.068	1545.213	0.583373	0.004182561	0.004182561	-0.01494045	0.0810863	0.219077	0.130225	0.0167105	0.436042	0.116859	0.6410943	0.4695138	67.85537	0.4642244	0.0496978	0.302903	0.872593	2.77481	0.234058	0.241341	0.23428	0.290321	0.6261538	1.023861
139	481.8772	-1060.527	1542.404	0.5955422	0.004191349	0.004191349	-0.01998371	0.0810307	0.218927	0.130821	0.0166991	0.435743	0.116779	0.6156802	0.4707177	68.06242	0.4642244	0.05219	0.309785	0.879028	2.759	0.215768	0.247104	0.239874	0.297253	0.5956965	1.033547
140	484.3619	-1059.715	1544.077	0.5806473	0.004872047	0.004872047	0.0211213	0.0730658	0.280277	0.109753	0.015751	0.411004	0.110149	0.6307677	0.4052289	67.91602	0.4642244	0.0491426	0.301342	0.871115	2.7784	0.215768	0.247104	0.239874	0.297253	0.651889	0.9675999
141	481.2413	-1059.689	1540.931	0.8636442	0.004550418	0.004550418	0.02691546	0.0737152	0.273039	0.110728	0.0167319	0.414658	0.111128	0.6307677	0.3950731	68.09685	0.4642244	0.109012	0.431549	0.973142	2.4863	0.220268	0.231402	0.244877	0.303453	0.6576832	0.9590753
142	480.1816	-1063.324	1543.505	0.8642523	0.004306965	0.004306965	0.01246143	0.0430018	0.275529	0.134005	0.0168844	0.418438	0.112141	0.6454282	0.3832914	67.98253	0.4642244	0.109139	0.431771	0.973283	2.48581	0.227844	0.239361	0.218906	0.313889	0.6578897	0.9810585
143	474.9605	-1067.348	1542.308	0.8813806	0.003998386	0.003998386	-0.005387063	0.0546945	0.272515	0.132539	0.0154771	0.41386	0.110914	0.6582719	0.3707375	68.87655	0.4642244	0.112722	0.437946	0.977183	2.47215	0.219632	0.230734	0.247059	0.302576	0.6528849	1.008251
144	480.0696	-1066.242	1546.312	0.6187331	0.003992575	0.003992575	-0.001054763	0.0643736	0.253496	0.155994	0.0293218	0.397124	0.0996901	0.6582719	0.3739875	68.76888	0.4642244	0.0569933	0.322526	0.890583	2.7299	0.219632	0.230734	0.247059	0.302576	0.6572172	1.001605
145	479.6293	-1065.1	1544.729	0.7157458	0.004005709	0.004005709	0.01159455	0.0583541	0.293238	0.154123	0.02658	0.35999	0.107715	0.6728442	0.3725315	68.53026	0.4642244	0.0775543	0.370866	0.930566	2.62101	0.21768	0.237568	0.244864	0.299888	0.6844387	0.9830598
146	474.4183	-1069.072	1543.49	0.7508937	0.004091131	0.004091131	0.01563836	0.0682829	0.300425	0.0860476	0.0272314	0.368813	0.1492	0.6688004	0.3583425	68.70879	0.4642244	0.0850758	0.386586	0.942361	2.58598	0.227284	0.24805	0.243366	0.2813	0.6844387	0.9771516
147	476.8148	-1065.997	1542.812	0.8946161	0.004114447	0.004114447	0.05611157	0.0688423	0.302887	0.0785594	0.0274545	0.371835	0.150422	0.6712274	0.3626783	68.79483	0.5335381	0.115477	0.442612	0.98008	2.46183	0.224289	0.24478	0.240159	0.290773	0.727339	0.9228536
148	484.2203	-1060.041	1544.261	0.8977282	0.00384382	0.00384382	0.05611157	0.0633534	0.32642	0.0991148	0.0223797	0.364717	0.124015	0.6712274	0.4148384	70.10906	0.5335381	0.116124	0.443696	0.980747	2.45943	0.226657	0.248269	0.23123	0.293843	0.727339	0.9228536
149	484.7664	-1058.264	1543.03	0.9348945	0.004163268	0.004163268	0.04537239	0.0825658	0.325025	0.130078	0.0157244	0.323121	0.123485	0.6714346	0.4351602	69.41484	0.5335381	0.123787	0.456268	0.988315	2.43163	0.226657	0.248269	0.23123	0.293843	0.7168069	0.9367021
150	484.1068	-1057.719	1541.826	0.9381084	0.004496086	0.004496086	0.04947015	0.0827696	0.325828	0.130399	0.013294	0.323919	0.12379	0.65875	0.4351602	68.28705	0.5335381	0.124445	0.457324	0.988937	2.42929	0.226657	0.248269	0.23123	0.293843	0.7082201	0.9301486
151	484.5436	-1059.2	1543.743	0.9415018	0.004462732	0.004462732	0.0397499	0.0825421	0.324932	0.139521	0.0123502	0.323029	0.117626	0.6389852	0.4463859	68.39283	0.5335381	0.125139	0.458434	0.989588	2.42684	0.210508	0.301829	0.214755	0.272908	0.6787351	0.9414353
152	490.3992	-1052.867	1543.266	1.023898	0.004462732	0.004462732	0.04175087	0.0618876	0.243624	0.104609	0.00524749	0.49644	0.0881922	0.6297589	0.4609951	68.43509	0.5934435	0.141697	0.483819	1.00385	2.37063	0.23588	0.223442	0.240639	0.300039	0.6715098	0.9378254
153	489.7871	-1055.817	1545.604	1.088986	0.004521321	0.004521321	0.04050332	0.0628	0.247216	0.106151	0.00239314	0.503759	0.0776813	0.6297589	0.4911452	68.55319	0.5934435	0.154359	0.501956	1.01331	2.33037	0.243938	0.241097	0.229195	0.28577	0.6702622	0.9395709
154	485.2076	-1059.254	1544.462	0.7763705	0.003430573	0.003430573	0.01026374	0.0638613	0.251394	0.0910441	0.00243359	0.512273	0.0789942	0.638394	0.4997424	68.92426	0.6056146	0.0905216	0.397444	0.950186	2.56185	0.243938	0.241097	0.229195	0.28577	0.6486577	0.984177
